Element: [type=bpmn:Collaboration, name=Unnamed, id_bpmn=Collaboration_0katfe5, instances=1]
Instance 1: [type=bpmn:StartEvent, name=Unnamed, id_bpmn=Event_10piu52, subTask="Activity_1lsjzdf", startTime=0, instance=1]
Instance 1: [type=bpmn:Task, name=Fill out project application, id_bpmn=Activity_1lsjzdf, userTask=company4, numberOfExecutions=2, time=53, subTask="Gateway_0epbui3", startTime=0, instance=1]
Instance 1: [type=bpmn:ParallelGateway, name=Unnamed, id_bpmn=Gateway_0epbui3, subTask="Activity_1u4k5de, Activity_17ptqba", startTime=53, instance=1]
Instance 1: [type=bpmn:Task, name=Add research groups, id_bpmn=Activity_1u4k5de, userTask=technician4, numberOfExecutions=2, time=61, subTask="Gateway_0w2b9qv", startTime=53, instance=1]
Instance 1: [type=bpmn:Task, name=Add companies, id_bpmn=Activity_17ptqba, userTask=technician1, numberOfExecutions=2, time=52, subTask="Gateway_0w2b9qv", startTime=53, instance=1]
Instance 1: [type=bpmn:ParallelGateway, name=Unnamed, id_bpmn=Gateway_0w2b9qv, subTask="Activity_1conkxb", startTime=114, instance=1]
Instance 1: [type=bpmn:Task, name=Evaluate project, id_bpmn=Activity_1conkxb, userTask=evaluator2, numberOfExecutions=2, time=50, subTask="Activity_0bcw6ho", startTime=114, instance=1]
Instance 1: [type=bpmn:Task, name=Make a decision about project, id_bpmn=Activity_0bcw6ho, userTask=technician3, numberOfExecutions=2, time=69, subTask="Gateway_1s1smiq", startTime=164, instance=1]
Instance 1: [type=bpmn:ExclusiveGateway, name=Unnamed, id_bpmn=Gateway_1s1smiq, subTask="Activity_07uebsf", startTime=233, instance=1]
Instance 1: [type=bpmn:Task, name=Make technical checking, id_bpmn=Activity_07uebsf, userTask=technician2, numberOfExecutions=2, time=67, subTask="Activity_0rhq2zz", startTime=233, instance=1]
Instance 1: [type=bpmn:Task, name=Finish the project, id_bpmn=Activity_0rhq2zz, userTask=company4, numberOfExecutions=2, time=64, subTask="Gateway_14xcbek", startTime=300, instance=1]
Instance 1: [type=bpmn:ServiceTask, name=Unnamed, id_bpmn=Activity_1xtsdxu, sodSecurity=False, bodSecurity=True, uocSecurity=False, mth=0, subTask="Activity_0rhq2zz, Activity_1lsjzdf"]
Instance 1: [type=bpmn:ExclusiveGateway, name=Unnamed, id_bpmn=Gateway_14xcbek, subTask="Activity_1twduio", startTime=364, instance=1]
Instance 1: [type=bpmn:Task, name=Evaluate project quality, id_bpmn=Activity_1twduio, userTask=evaluator2, numberOfExecutions=1, time=15, subTask="Gateway_1v9au9h", startTime=364, instance=1]
Instance 1: [type=bpmn:Task, name=Evaluate project quality, id_bpmn=Activity_1twduio, userTask=evaluator3, numberOfExecutions=1, time=14, subTask="Gateway_1v9au9h", startTime=379, instance=1]
Instance 1: [type=bpmn:Task, name=Evaluate project quality, id_bpmn=Activity_1twduio, userTask=evaluator4, numberOfExecutions=1, time=17, subTask="Gateway_1v9au9h", startTime=393, instance=1]
Instance 1: [type=bpmn:ServiceTask, name=Unnamed, id_bpmn=Activity_1fx8kp5, sodSecurity=False, bodSecurity=False, uocSecurity=True, mth=1, subTask="Activity_1twduio"]
Instance 1: [type=bpmn:ExclusiveGateway, name=Unnamed, id_bpmn=Gateway_1v9au9h, subTask="Activity_03brord", startTime=410, instance=1]
Instance 1: [type=bpmn:Task, name=Evaluate refund plan, id_bpmn=Activity_03brord, userTask=ecofinantial2, numberOfExecutions=2, time=66, subTask="Activity_03d8opo", startTime=410, instance=1]
Instance 1: [type=bpmn:Task, name=Decide external auditing, id_bpmn=Activity_03d8opo, userTask=ecofinantial1, numberOfExecutions=2, time=65, subTask="Activity_1p7rey7", startTime=476, instance=1]
Instance 1: [type=bpmn:ServiceTask, name=Unnamed, id_bpmn=Activity_0oz806n, sodSecurity=True, bodSecurity=False, uocSecurity=False, mth=0, subTask="Activity_03brord, Activity_03d8opo"]
Instance 1: [type=bpmn:Task, name=Refund, id_bpmn=Activity_1p7rey7, userTask=company1, numberOfExecutions=2, time=60, subTask="Event_1racnnc", startTime=541, instance=1]
Instance 1: [type=bpmn:EndEvent, name=Unnamed, id_bpmn=Event_1racnnc, subTask="", startTime=601, instance=1]