[Collaboration, name=Unnamed, id_bpmn=Collaboration_0katfe5, instances=20]
[StartEvent, name=Unnamed, id_bpmn=Event_10piu52, subTask="Activity_1lsjzdf", startTime=0, instance=1]
[Task, name=Fill out project application, id_bpmn=Activity_1lsjzdf, userTask=company4, numberOfExecutions=2, time=59, subTask="Gateway_0epbui3", startTime=0, instance=1]
[ParallelGateway, name=Unnamed, id_bpmn=Gateway_0epbui3, subTask="Activity_1u4k5de, Activity_17ptqba", startTime=59, instance=1]
[Task, name=Add research groups, id_bpmn=Activity_1u4k5de, userTask=technician3, numberOfExecutions=2, time=58, subTask="Gateway_0w2b9qv", startTime=59, instance=1]
[Task, name=Add companies, id_bpmn=Activity_17ptqba, userTask=technician1, numberOfExecutions=2, time=56, subTask="Gateway_0w2b9qv", startTime=59, instance=1]
[StartEvent, name=Unnamed, id_bpmn=Event_10piu52, subTask="Activity_1lsjzdf", startTime=60, instance=2]
[Task, name=Fill out project application, id_bpmn=Activity_1lsjzdf, userTask=company2, numberOfExecutions=2, time=67, subTask="Gateway_0epbui3", startTime=60, instance=2]
[ParallelGateway, name=Unnamed, id_bpmn=Gateway_0w2b9qv, subTask="Activity_1conkxb", startTime=117, instance=1]
[Task, name=Evaluate project, id_bpmn=Activity_1conkxb, userTask=evaluator2, numberOfExecutions=2, time=67, subTask="Activity_0bcw6ho", startTime=117, instance=1]
[ServiceTask, name=Unnamed, id_bpmn=Activity_07z6dxo, sodSecurity=True, bodSecurity=False, uocSecurity=False, mth=0, subTask="Activity_1conkxb, Activity_17ptqba"]
[StartEvent, name=Unnamed, id_bpmn=Event_10piu52, subTask="Activity_1lsjzdf", startTime=120, instance=3]
[Task, name=Fill out project application, id_bpmn=Activity_1lsjzdf, userTask=company3, numberOfExecutions=2, time=56, subTask="Gateway_0epbui3", startTime=120, instance=3]
[ParallelGateway, name=Unnamed, id_bpmn=Gateway_0epbui3, subTask="Activity_1u4k5de, Activity_17ptqba", startTime=127, instance=2]
[Task, name=Add research groups, id_bpmn=Activity_1u4k5de, userTask=technician2, numberOfExecutions=2, time=63, subTask="Gateway_0w2b9qv", startTime=127, instance=2]
[Task, name=Add companies, id_bpmn=Activity_17ptqba, userTask=technician4, numberOfExecutions=2, time=51, subTask="Gateway_0w2b9qv", startTime=127, instance=2]
[ParallelGateway, name=Unnamed, id_bpmn=Gateway_0epbui3, subTask="Activity_1u4k5de, Activity_17ptqba", startTime=176, instance=3]
[Task, name=Add research groups, id_bpmn=Activity_1u4k5de, userTask=technician3, numberOfExecutions=2, time=58, subTask="Gateway_0w2b9qv", startTime=176, instance=3]
[Task, name=Add companies, id_bpmn=Activity_17ptqba, userTask=technician1, numberOfExecutions=2, time=62, subTask="Gateway_0w2b9qv", startTime=176, instance=3]
[StartEvent, name=Unnamed, id_bpmn=Event_10piu52, subTask="Activity_1lsjzdf", startTime=180, instance=4]
[Task, name=Fill out project application, id_bpmn=Activity_1lsjzdf, userTask=company1, numberOfExecutions=2, time=60, subTask="Gateway_0epbui3", startTime=180, instance=4]
[Task, name=Make a decision about project, id_bpmn=Activity_0bcw6ho, userTask=technician4, numberOfExecutions=2, time=28, subTask="Gateway_1s1smiq", startTime=184, instance=1]
[ServiceTask, name=Unnamed, id_bpmn=Activity_0kp0uwb, sodSecurity=False, bodSecurity=False, uocSecurity=True, mth=2, subTask="Activity_0bcw6ho"]
[ParallelGateway, name=Unnamed, id_bpmn=Gateway_0w2b9qv, subTask="Activity_1conkxb", startTime=190, instance=2]
[Task, name=Evaluate project, id_bpmn=Activity_1conkxb, userTask=evaluator3, numberOfExecutions=2, time=62, subTask="Activity_0bcw6ho", startTime=190, instance=2]
[ServiceTask, name=Unnamed, id_bpmn=Activity_07z6dxo, sodSecurity=True, bodSecurity=False, uocSecurity=False, mth=0, subTask="Activity_1conkxb, Activity_17ptqba"]
[ExclusiveGateway, name=Unnamed, id_bpmn=Gateway_1s1smiq, subTask="Activity_07uebsf", startTime=212, instance=1]
[Task, name=Make technical checking, id_bpmn=Activity_07uebsf, userTask=technician2, numberOfExecutions=2, time=67, subTask="Activity_0rhq2zz", startTime=212, instance=1]
[ParallelGateway, name=Unnamed, id_bpmn=Gateway_0w2b9qv, subTask="Activity_1conkxb", startTime=238, instance=3]
[Task, name=Evaluate project, id_bpmn=Activity_1conkxb, userTask=evaluator1, numberOfExecutions=2, time=68, subTask="Activity_0bcw6ho", startTime=238, instance=3]
[ServiceTask, name=Unnamed, id_bpmn=Activity_07z6dxo, sodSecurity=True, bodSecurity=False, uocSecurity=False, mth=0, subTask="Activity_1conkxb, Activity_17ptqba"]
[StartEvent, name=Unnamed, id_bpmn=Event_10piu52, subTask="Activity_1lsjzdf", startTime=240, instance=5]
[Task, name=Fill out project application, id_bpmn=Activity_1lsjzdf, userTask=company4, numberOfExecutions=2, time=44, subTask="Gateway_0epbui3", startTime=240, instance=5]
[ParallelGateway, name=Unnamed, id_bpmn=Gateway_0epbui3, subTask="Activity_1u4k5de, Activity_17ptqba", startTime=240, instance=4]
[Task, name=Add research groups, id_bpmn=Activity_1u4k5de, userTask=technician3, numberOfExecutions=2, time=59, subTask="Gateway_0w2b9qv", startTime=240, instance=4]
[Task, name=Add companies, id_bpmn=Activity_17ptqba, userTask=technician1, numberOfExecutions=2, time=56, subTask="Gateway_0w2b9qv", startTime=240, instance=4]
[Task, name=Make a decision about project, id_bpmn=Activity_0bcw6ho, userTask=technician4, numberOfExecutions=2, time=27, subTask="Gateway_1s1smiq", startTime=252, instance=2]
[ServiceTask, name=Unnamed, id_bpmn=Activity_0kp0uwb, sodSecurity=False, bodSecurity=False, uocSecurity=True, mth=2, subTask="Activity_0bcw6ho"]
[ExclusiveGateway, name=Unnamed, id_bpmn=Gateway_1s1smiq, subTask="Activity_07uebsf", startTime=279, instance=2]
[Task, name=Finish the project, id_bpmn=Activity_0rhq2zz, userTask=company2, numberOfExecutions=2, time=51, subTask="Gateway_14xcbek", startTime=279, instance=1]
[ServiceTask, name=Unnamed, id_bpmn=Activity_1xtsdxu, sodSecurity=False, bodSecurity=True, uocSecurity=False, mth=0, subTask="Activity_0rhq2zz, Activity_1lsjzdf"]
[Task, name=Make technical checking, id_bpmn=Activity_07uebsf, userTask=technician2, numberOfExecutions=2, time=46, subTask="Activity_0rhq2zz", startTime=279, instance=2]
[ParallelGateway, name=Unnamed, id_bpmn=Gateway_0epbui3, subTask="Activity_1u4k5de, Activity_17ptqba", startTime=284, instance=5]
[Task, name=Add research groups, id_bpmn=Activity_1u4k5de, userTask=technician4, numberOfExecutions=2, time=46, subTask="Gateway_0w2b9qv", startTime=284, instance=5]
[Task, name=Add companies, id_bpmn=Activity_17ptqba, userTask=technician1, numberOfExecutions=2, time=44, subTask="Gateway_0w2b9qv", startTime=296, instance=5]
[ParallelGateway, name=Unnamed, id_bpmn=Gateway_0w2b9qv, subTask="Activity_1conkxb", startTime=299, instance=4]
[Task, name=Evaluate project, id_bpmn=Activity_1conkxb, userTask=evaluator4, numberOfExecutions=2, time=59, subTask="Activity_0bcw6ho", startTime=299, instance=4]
[ServiceTask, name=Unnamed, id_bpmn=Activity_07z6dxo, sodSecurity=True, bodSecurity=False, uocSecurity=False, mth=0, subTask="Activity_1conkxb, Activity_17ptqba"]
[StartEvent, name=Unnamed, id_bpmn=Event_10piu52, subTask="Activity_1lsjzdf", startTime=300, instance=6]
[Task, name=Fill out project application, id_bpmn=Activity_1lsjzdf, userTask=company3, numberOfExecutions=2, time=64, subTask="Gateway_0epbui3", startTime=300, instance=6]
[Task, name=Make a decision about project, id_bpmn=Activity_0bcw6ho, userTask=technician3, numberOfExecutions=2, time=30, subTask="Gateway_1s1smiq", startTime=306, instance=3]
[ServiceTask, name=Unnamed, id_bpmn=Activity_0kp0uwb, sodSecurity=False, bodSecurity=False, uocSecurity=True, mth=2, subTask="Activity_0bcw6ho"]
[Task, name=Finish the project, id_bpmn=Activity_0rhq2zz, userTask=company1, numberOfExecutions=2, time=61, subTask="Gateway_14xcbek", startTime=325, instance=2]
[ServiceTask, name=Unnamed, id_bpmn=Activity_1xtsdxu, sodSecurity=False, bodSecurity=True, uocSecurity=False, mth=0, subTask="Activity_0rhq2zz, Activity_1lsjzdf"]
[ExclusiveGateway, name=Unnamed, id_bpmn=Gateway_14xcbek, subTask="Activity_1twduio", startTime=330, instance=1]
[Task, name=Evaluate project quality, id_bpmn=Activity_1twduio, userTask=evaluator2, numberOfExecutions=1, time=15, subTask="Gateway_1v9au9h", startTime=330, instance=1]
[ExclusiveGateway, name=Unnamed, id_bpmn=Gateway_1s1smiq, subTask="Activity_07uebsf", startTime=336, instance=3]
[Task, name=Make technical checking, id_bpmn=Activity_07uebsf, userTask=technician2, numberOfExecutions=2, time=41, subTask="Activity_0rhq2zz", startTime=336, instance=3]
[ParallelGateway, name=Unnamed, id_bpmn=Gateway_0w2b9qv, subTask="Activity_1conkxb", startTime=340, instance=5]
[Task, name=Evaluate project quality, id_bpmn=Activity_1twduio, userTask=evaluator3, numberOfExecutions=1, time=15, subTask="Gateway_1v9au9h", startTime=345, instance=1]
[Task, name=Evaluate project, id_bpmn=Activity_1conkxb, userTask=evaluator4, numberOfExecutions=2, time=51, subTask="Activity_0bcw6ho", startTime=358, instance=5]
[ServiceTask, name=Unnamed, id_bpmn=Activity_07z6dxo, sodSecurity=True, bodSecurity=False, uocSecurity=False, mth=0, subTask="Activity_1conkxb, Activity_17ptqba"]
[Task, name=Make a decision about project, id_bpmn=Activity_0bcw6ho, userTask=technician3, numberOfExecutions=2, time=29, subTask="Gateway_1s1smiq", startTime=358, instance=4]
[ServiceTask, name=Unnamed, id_bpmn=Activity_0kp0uwb, sodSecurity=False, bodSecurity=False, uocSecurity=True, mth=2, subTask="Activity_0bcw6ho"]
[StartEvent, name=Unnamed, id_bpmn=Event_10piu52, subTask="Activity_1lsjzdf", startTime=360, instance=7]
[Task, name=Evaluate project quality, id_bpmn=Activity_1twduio, userTask=evaluator1, numberOfExecutions=1, time=16, subTask="Gateway_1v9au9h", startTime=360, instance=1]
[ServiceTask, name=Unnamed, id_bpmn=Activity_1fx8kp5, sodSecurity=False, bodSecurity=False, uocSecurity=True, mth=1, subTask="Activity_1twduio"]
[Task, name=Fill out project application, id_bpmn=Activity_1lsjzdf, userTask=company4, numberOfExecutions=2, time=59, subTask="Gateway_0epbui3", startTime=360, instance=7]
[ParallelGateway, name=Unnamed, id_bpmn=Gateway_0epbui3, subTask="Activity_1u4k5de, Activity_17ptqba", startTime=364, instance=6]
[Task, name=Add research groups, id_bpmn=Activity_1u4k5de, userTask=technician1, numberOfExecutions=2, time=60, subTask="Gateway_0w2b9qv", startTime=364, instance=6]
[Task, name=Add companies, id_bpmn=Activity_17ptqba, userTask=technician4, numberOfExecutions=2, time=59, subTask="Gateway_0w2b9qv", startTime=364, instance=6]
[ExclusiveGateway, name=Unnamed, id_bpmn=Gateway_1v9au9h, subTask="Activity_03brord", startTime=376, instance=1]
[Task, name=Evaluate refund plan, id_bpmn=Activity_03brord, userTask=ecofinantial2, numberOfExecutions=2, time=63, subTask="Activity_03d8opo", startTime=376, instance=1]
[Task, name=Finish the project, id_bpmn=Activity_0rhq2zz, userTask=company3, numberOfExecutions=2, time=69, subTask="Gateway_14xcbek", startTime=377, instance=3]
[ServiceTask, name=Unnamed, id_bpmn=Activity_1xtsdxu, sodSecurity=False, bodSecurity=True, uocSecurity=False, mth=0, subTask="Activity_0rhq2zz, Activity_1lsjzdf"]
[ExclusiveGateway, name=Unnamed, id_bpmn=Gateway_14xcbek, subTask="Activity_1twduio", startTime=386, instance=2]
[Task, name=Evaluate project quality, id_bpmn=Activity_1twduio, userTask=evaluator2, numberOfExecutions=1, time=13, subTask="Gateway_1v9au9h", startTime=386, instance=2]
[ExclusiveGateway, name=Unnamed, id_bpmn=Gateway_1s1smiq, subTask="Activity_07uebsf", startTime=387, instance=4]
[Task, name=Make technical checking, id_bpmn=Activity_07uebsf, userTask=technician2, numberOfExecutions=2, time=41, subTask="Activity_0rhq2zz", startTime=387, instance=4]
[Task, name=Evaluate project quality, id_bpmn=Activity_1twduio, userTask=evaluator3, numberOfExecutions=1, time=14, subTask="Gateway_1v9au9h", startTime=399, instance=2]
[Task, name=Make a decision about project, id_bpmn=Activity_0bcw6ho, userTask=technician3, numberOfExecutions=2, time=31, subTask="Gateway_1s1smiq", startTime=409, instance=5]
[ServiceTask, name=Unnamed, id_bpmn=Activity_0kp0uwb, sodSecurity=False, bodSecurity=False, uocSecurity=True, mth=2, subTask="Activity_0bcw6ho"]
[Task, name=Evaluate project quality, id_bpmn=Activity_1twduio, userTask=evaluator1, numberOfExecutions=1, time=15, subTask="Gateway_1v9au9h", startTime=413, instance=2]
[ServiceTask, name=Unnamed, id_bpmn=Activity_1fx8kp5, sodSecurity=False, bodSecurity=False, uocSecurity=True, mth=1, subTask="Activity_1twduio"]
[ParallelGateway, name=Unnamed, id_bpmn=Gateway_0epbui3, subTask="Activity_1u4k5de, Activity_17ptqba", startTime=419, instance=7]
[StartEvent, name=Unnamed, id_bpmn=Event_10piu52, subTask="Activity_1lsjzdf", startTime=420, instance=8]
[Task, name=Fill out project application, id_bpmn=Activity_1lsjzdf, userTask=company2, numberOfExecutions=2, time=61, subTask="Gateway_0epbui3", startTime=420, instance=8]
[Task, name=Add research groups, id_bpmn=Activity_1u4k5de, userTask=technician4, numberOfExecutions=2, time=72, subTask="Gateway_0w2b9qv", startTime=423, instance=7]
[ParallelGateway, name=Unnamed, id_bpmn=Gateway_0w2b9qv, subTask="Activity_1conkxb", startTime=424, instance=6]
[Task, name=Add companies, id_bpmn=Activity_17ptqba, userTask=technician1, numberOfExecutions=2, time=47, subTask="Gateway_0w2b9qv", startTime=424, instance=7]
[Task, name=Evaluate project, id_bpmn=Activity_1conkxb, userTask=evaluator4, numberOfExecutions=2, time=65, subTask="Activity_0bcw6ho", startTime=424, instance=6]
[ServiceTask, name=Unnamed, id_bpmn=Activity_07z6dxo, sodSecurity=True, bodSecurity=False, uocSecurity=False, mth=0, subTask="Activity_1conkxb, Activity_17ptqba"]
[ExclusiveGateway, name=Unnamed, id_bpmn=Gateway_1v9au9h, subTask="Activity_03brord", startTime=428, instance=2]
[Task, name=Finish the project, id_bpmn=Activity_0rhq2zz, userTask=company1, numberOfExecutions=2, time=63, subTask="Gateway_14xcbek", startTime=428, instance=4]
[ServiceTask, name=Unnamed, id_bpmn=Activity_1xtsdxu, sodSecurity=False, bodSecurity=True, uocSecurity=False, mth=0, subTask="Activity_0rhq2zz, Activity_1lsjzdf"]
[Task, name=Evaluate refund plan, id_bpmn=Activity_03brord, userTask=ecofinantial1, numberOfExecutions=2, time=65, subTask="Activity_03d8opo", startTime=428, instance=2]
[Task, name=Decide external auditing, id_bpmn=Activity_03d8opo, userTask=ecofinantial3, numberOfExecutions=2, time=57, subTask="Activity_1p7rey7", startTime=439, instance=1]
[ServiceTask, name=Unnamed, id_bpmn=Activity_0oz806n, sodSecurity=True, bodSecurity=False, uocSecurity=False, mth=0, subTask="Activity_03brord, Activity_03d8opo"]
[ExclusiveGateway, name=Unnamed, id_bpmn=Gateway_1s1smiq, subTask="Activity_07uebsf", startTime=440, instance=5]
[Task, name=Make technical checking, id_bpmn=Activity_07uebsf, userTask=technician2, numberOfExecutions=2, time=50, subTask="Activity_0rhq2zz", startTime=440, instance=5]
[ExclusiveGateway, name=Unnamed, id_bpmn=Gateway_14xcbek, subTask="Activity_1twduio", startTime=446, instance=3]
[Task, name=Evaluate project quality, id_bpmn=Activity_1twduio, userTask=evaluator2, numberOfExecutions=1, time=15, subTask="Gateway_1v9au9h", startTime=446, instance=3]
[Task, name=Evaluate project quality, id_bpmn=Activity_1twduio, userTask=evaluator3, numberOfExecutions=1, time=14, subTask="Gateway_1v9au9h", startTime=461, instance=3]
[Task, name=Evaluate project quality, id_bpmn=Activity_1twduio, userTask=evaluator1, numberOfExecutions=1, time=15, subTask="Gateway_1v9au9h", startTime=475, instance=3]
[ServiceTask, name=Unnamed, id_bpmn=Activity_1fx8kp5, sodSecurity=False, bodSecurity=False, uocSecurity=True, mth=1, subTask="Activity_1twduio"]
[StartEvent, name=Unnamed, id_bpmn=Event_10piu52, subTask="Activity_1lsjzdf", startTime=480, instance=9]
[Task, name=Fill out project application, id_bpmn=Activity_1lsjzdf, userTask=company4, numberOfExecutions=2, time=38, subTask="Gateway_0epbui3", startTime=480, instance=9]
[ParallelGateway, name=Unnamed, id_bpmn=Gateway_0epbui3, subTask="Activity_1u4k5de, Activity_17ptqba", startTime=481, instance=8]
[Task, name=Add research groups, id_bpmn=Activity_1u4k5de, userTask=technician3, numberOfExecutions=2, time=57, subTask="Gateway_0w2b9qv", startTime=481, instance=8]
[Task, name=Add companies, id_bpmn=Activity_17ptqba, userTask=technician1, numberOfExecutions=2, time=46, subTask="Gateway_0w2b9qv", startTime=481, instance=8]
[ExclusiveGateway, name=Unnamed, id_bpmn=Gateway_1v9au9h, subTask="Activity_03brord", startTime=490, instance=3]
[Task, name=Make a decision about project, id_bpmn=Activity_0bcw6ho, userTask=technician2, numberOfExecutions=2, time=57, subTask="Gateway_1s1smiq", startTime=490, instance=6]
[ServiceTask, name=Unnamed, id_bpmn=Activity_0kp0uwb, sodSecurity=False, bodSecurity=False, uocSecurity=True, mth=2, subTask="Activity_0bcw6ho"]
[Task, name=Finish the project, id_bpmn=Activity_0rhq2zz, userTask=company2, numberOfExecutions=2, time=57, subTask="Gateway_14xcbek", startTime=490, instance=5]
[ServiceTask, name=Unnamed, id_bpmn=Activity_1xtsdxu, sodSecurity=False, bodSecurity=True, uocSecurity=False, mth=0, subTask="Activity_0rhq2zz, Activity_1lsjzdf"]
[Task, name=Evaluate refund plan, id_bpmn=Activity_03brord, userTask=ecofinantial2, numberOfExecutions=2, time=62, subTask="Activity_03d8opo", startTime=490, instance=3]
[ExclusiveGateway, name=Unnamed, id_bpmn=Gateway_14xcbek, subTask="Activity_1twduio", startTime=491, instance=4]
[Task, name=Evaluate project quality, id_bpmn=Activity_1twduio, userTask=evaluator2, numberOfExecutions=1, time=13, subTask="Gateway_1v9au9h", startTime=491, instance=4]
[Task, name=Decide external auditing, id_bpmn=Activity_03d8opo, userTask=ecofinantial1, numberOfExecutions=2, time=53, subTask="Activity_1p7rey7", startTime=493, instance=2]
[ServiceTask, name=Unnamed, id_bpmn=Activity_0oz806n, sodSecurity=True, bodSecurity=False, uocSecurity=False, mth=0, subTask="Activity_03brord, Activity_03d8opo"]
[ParallelGateway, name=Unnamed, id_bpmn=Gateway_0w2b9qv, subTask="Activity_1conkxb", startTime=495, instance=7]
[Task, name=Evaluate project, id_bpmn=Activity_1conkxb, userTask=evaluator4, numberOfExecutions=2, time=56, subTask="Activity_0bcw6ho", startTime=495, instance=7]
[ServiceTask, name=Unnamed, id_bpmn=Activity_07z6dxo, sodSecurity=True, bodSecurity=False, uocSecurity=False, mth=0, subTask="Activity_1conkxb, Activity_17ptqba"]
[Task, name=Refund, id_bpmn=Activity_1p7rey7, userTask=company3, numberOfExecutions=2, time=70, subTask="Event_1racnnc", startTime=496, instance=1]
[ServiceTask, name=Unnamed, id_bpmn=Activity_1i1gel3, sodSecurity=False, bodSecurity=True, uocSecurity=False, mth=0, subTask="Activity_1p7rey7, Activity_1u4k5de"]
[Task, name=Evaluate project quality, id_bpmn=Activity_1twduio, userTask=evaluator3, numberOfExecutions=1, time=12, subTask="Gateway_1v9au9h", startTime=504, instance=4]
[Task, name=Evaluate project quality, id_bpmn=Activity_1twduio, userTask=evaluator1, numberOfExecutions=1, time=11, subTask="Gateway_1v9au9h", startTime=516, instance=4]
[ServiceTask, name=Unnamed, id_bpmn=Activity_1fx8kp5, sodSecurity=False, bodSecurity=False, uocSecurity=True, mth=1, subTask="Activity_1twduio"]
[ParallelGateway, name=Unnamed, id_bpmn=Gateway_0epbui3, subTask="Activity_1u4k5de, Activity_17ptqba", startTime=518, instance=9]
[Task, name=Add research groups, id_bpmn=Activity_1u4k5de, userTask=technician4, numberOfExecutions=2, time=51, subTask="Gateway_0w2b9qv", startTime=518, instance=9]
[ExclusiveGateway, name=Unnamed, id_bpmn=Gateway_1v9au9h, subTask="Activity_03brord", startTime=527, instance=4]
[Task, name=Add companies, id_bpmn=Activity_17ptqba, userTask=technician1, numberOfExecutions=2, time=44, subTask="Gateway_0w2b9qv", startTime=527, instance=9]
[Task, name=Evaluate refund plan, id_bpmn=Activity_03brord, userTask=ecofinantial3, numberOfExecutions=2, time=56, subTask="Activity_03d8opo", startTime=527, instance=4]
[ParallelGateway, name=Unnamed, id_bpmn=Gateway_0w2b9qv, subTask="Activity_1conkxb", startTime=538, instance=8]
[Task, name=Evaluate project, id_bpmn=Activity_1conkxb, userTask=evaluator2, numberOfExecutions=2, time=41, subTask="Activity_0bcw6ho", startTime=538, instance=8]
[ServiceTask, name=Unnamed, id_bpmn=Activity_07z6dxo, sodSecurity=True, bodSecurity=False, uocSecurity=False, mth=0, subTask="Activity_1conkxb, Activity_17ptqba"]
[StartEvent, name=Unnamed, id_bpmn=Event_10piu52, subTask="Activity_1lsjzdf", startTime=540, instance=10]
[Task, name=Fill out project application, id_bpmn=Activity_1lsjzdf, userTask=company1, numberOfExecutions=2, time=50, subTask="Gateway_0epbui3", startTime=540, instance=10]
[Task, name=Refund, id_bpmn=Activity_1p7rey7, userTask=company4, numberOfExecutions=2, time=62, subTask="Event_1racnnc", startTime=546, instance=2]
[ServiceTask, name=Unnamed, id_bpmn=Activity_1i1gel3, sodSecurity=False, bodSecurity=True, uocSecurity=False, mth=0, subTask="Activity_1p7rey7, Activity_1u4k5de"]
[ExclusiveGateway, name=Unnamed, id_bpmn=Gateway_1s1smiq, subTask="Activity_07uebsf", startTime=547, instance=6]
[ExclusiveGateway, name=Unnamed, id_bpmn=Gateway_14xcbek, subTask="Activity_1twduio", startTime=547, instance=5]
[Task, name=Make technical checking, id_bpmn=Activity_07uebsf, userTask=technician3, numberOfExecutions=2, time=61, subTask="Activity_0rhq2zz", startTime=547, instance=6]
[Task, name=Evaluate project quality, id_bpmn=Activity_1twduio, userTask=evaluator3, numberOfExecutions=3, time=80, subTask="Gateway_1v9au9h", startTime=547, instance=5]
[ServiceTask, name=Unnamed, id_bpmn=Activity_1fx8kp5, sodSecurity=False, bodSecurity=False, uocSecurity=True, mth=1, subTask="Activity_1twduio"]
[Task, name=Make a decision about project, id_bpmn=Activity_0bcw6ho, userTask=technician2, numberOfExecutions=2, time=31, subTask="Gateway_1s1smiq", startTime=551, instance=7]
[ServiceTask, name=Unnamed, id_bpmn=Activity_0kp0uwb, sodSecurity=False, bodSecurity=False, uocSecurity=True, mth=2, subTask="Activity_0bcw6ho"]
[Task, name=Decide external auditing, id_bpmn=Activity_03d8opo, userTask=ecofinantial1, numberOfExecutions=2, time=51, subTask="Activity_1p7rey7", startTime=552, instance=3]
[ServiceTask, name=Unnamed, id_bpmn=Activity_0oz806n, sodSecurity=True, bodSecurity=False, uocSecurity=False, mth=0, subTask="Activity_03brord, Activity_03d8opo"]
[EndEvent, name=Unnamed, id_bpmn=Event_1racnnc, subTask="", startTime=566, instance=1]
[ParallelGateway, name=Unnamed, id_bpmn=Gateway_0w2b9qv, subTask="Activity_1conkxb", startTime=571, instance=9]
[Task, name=Evaluate project, id_bpmn=Activity_1conkxb, userTask=evaluator4, numberOfExecutions=2, time=42, subTask="Activity_0bcw6ho", startTime=571, instance=9]
[ServiceTask, name=Unnamed, id_bpmn=Activity_07z6dxo, sodSecurity=True, bodSecurity=False, uocSecurity=False, mth=0, subTask="Activity_1conkxb, Activity_17ptqba"]
[Task, name=Make a decision about project, id_bpmn=Activity_0bcw6ho, userTask=technician1, numberOfExecutions=2, time=31, subTask="Gateway_1s1smiq", startTime=579, instance=8]
[ServiceTask, name=Unnamed, id_bpmn=Activity_0kp0uwb, sodSecurity=False, bodSecurity=False, uocSecurity=True, mth=2, subTask="Activity_0bcw6ho"]
[ExclusiveGateway, name=Unnamed, id_bpmn=Gateway_1s1smiq, subTask="Activity_07uebsf", startTime=582, instance=7]
[Task, name=Make technical checking, id_bpmn=Activity_07uebsf, userTask=technician4, numberOfExecutions=2, time=58, subTask="Activity_0rhq2zz", startTime=582, instance=7]
[Task, name=Decide external auditing, id_bpmn=Activity_03d8opo, userTask=ecofinantial2, numberOfExecutions=2, time=66, subTask="Activity_1p7rey7", startTime=583, instance=4]
[ServiceTask, name=Unnamed, id_bpmn=Activity_0oz806n, sodSecurity=True, bodSecurity=False, uocSecurity=False, mth=0, subTask="Activity_03brord, Activity_03d8opo"]
[ParallelGateway, name=Unnamed, id_bpmn=Gateway_0epbui3, subTask="Activity_1u4k5de, Activity_17ptqba", startTime=590, instance=10]
[Task, name=Add research groups, id_bpmn=Activity_1u4k5de, userTask=technician2, numberOfExecutions=2, time=59, subTask="Gateway_0w2b9qv", startTime=590, instance=10]
[StartEvent, name=Unnamed, id_bpmn=Event_10piu52, subTask="Activity_1lsjzdf", startTime=600, instance=11]
[Task, name=Fill out project application, id_bpmn=Activity_1lsjzdf, userTask=company2, numberOfExecutions=2, time=60, subTask="Gateway_0epbui3", startTime=600, instance=11]
[Task, name=Refund, id_bpmn=Activity_1p7rey7, userTask=company3, numberOfExecutions=2, time=69, subTask="Event_1racnnc", startTime=603, instance=3]
[ServiceTask, name=Unnamed, id_bpmn=Activity_1i1gel3, sodSecurity=False, bodSecurity=True, uocSecurity=False, mth=0, subTask="Activity_1p7rey7, Activity_1u4k5de"]
[EndEvent, name=Unnamed, id_bpmn=Event_1racnnc, subTask="", startTime=608, instance=2]
[Task, name=Add companies, id_bpmn=Activity_17ptqba, userTask=technician3, numberOfExecutions=2, time=73, subTask="Gateway_0w2b9qv", startTime=608, instance=10]
[Task, name=Finish the project, id_bpmn=Activity_0rhq2zz, userTask=company1, numberOfExecutions=2, time=58, subTask="Gateway_14xcbek", startTime=608, instance=6]
[ServiceTask, name=Unnamed, id_bpmn=Activity_1xtsdxu, sodSecurity=False, bodSecurity=True, uocSecurity=False, mth=0, subTask="Activity_0rhq2zz, Activity_1lsjzdf"]
[ExclusiveGateway, name=Unnamed, id_bpmn=Gateway_1s1smiq, subTask="Activity_07uebsf", startTime=610, instance=8]
[Task, name=Make technical checking, id_bpmn=Activity_07uebsf, userTask=technician1, numberOfExecutions=2, time=54, subTask="Activity_0rhq2zz", startTime=610, instance=8]
[ExclusiveGateway, name=Unnamed, id_bpmn=Gateway_1v9au9h, subTask="Activity_03brord", startTime=627, instance=5]
[Task, name=Evaluate refund plan, id_bpmn=Activity_03brord, userTask=ecofinantial3, numberOfExecutions=2, time=54, subTask="Activity_03d8opo", startTime=627, instance=5]
[Task, name=Make a decision about project, id_bpmn=Activity_0bcw6ho, userTask=technician4, numberOfExecutions=2, time=57, subTask="Gateway_1s1smiq", startTime=640, instance=9]
[ServiceTask, name=Unnamed, id_bpmn=Activity_0kp0uwb, sodSecurity=False, bodSecurity=False, uocSecurity=True, mth=2, subTask="Activity_0bcw6ho"]
[Task, name=Finish the project, id_bpmn=Activity_0rhq2zz, userTask=company4, numberOfExecutions=2, time=57, subTask="Gateway_14xcbek", startTime=640, instance=7]
[ServiceTask, name=Unnamed, id_bpmn=Activity_1xtsdxu, sodSecurity=False, bodSecurity=True, uocSecurity=False, mth=0, subTask="Activity_0rhq2zz, Activity_1lsjzdf"]
[StartEvent, name=Unnamed, id_bpmn=Event_10piu52, subTask="Activity_1lsjzdf", startTime=660, instance=12]
[ParallelGateway, name=Unnamed, id_bpmn=Gateway_0epbui3, subTask="Activity_1u4k5de, Activity_17ptqba", startTime=660, instance=11]
[Task, name=Refund, id_bpmn=Activity_1p7rey7, userTask=company2, numberOfExecutions=2, time=50, subTask="Event_1racnnc", startTime=660, instance=4]
[ServiceTask, name=Unnamed, id_bpmn=Activity_1i1gel3, sodSecurity=False, bodSecurity=True, uocSecurity=False, mth=0, subTask="Activity_1p7rey7, Activity_1u4k5de"]
[Task, name=Add research groups, id_bpmn=Activity_1u4k5de, userTask=technician2, numberOfExecutions=2, time=46, subTask="Gateway_0w2b9qv", startTime=660, instance=11]
[Task, name=Add companies, id_bpmn=Activity_17ptqba, userTask=technician1, numberOfExecutions=2, time=44, subTask="Gateway_0w2b9qv", startTime=664, instance=11]
[ExclusiveGateway, name=Unnamed, id_bpmn=Gateway_14xcbek, subTask="Activity_1twduio", startTime=666, instance=6]
[Task, name=Fill out project application, id_bpmn=Activity_1lsjzdf, userTask=company1, numberOfExecutions=2, time=56, subTask="Gateway_0epbui3", startTime=666, instance=12]
[Task, name=Evaluate project quality, id_bpmn=Activity_1twduio, userTask=evaluator2, numberOfExecutions=1, time=12, subTask="Gateway_1v9au9h", startTime=666, instance=6]
[EndEvent, name=Unnamed, id_bpmn=Event_1racnnc, subTask="", startTime=672, instance=3]
[Task, name=Finish the project, id_bpmn=Activity_0rhq2zz, userTask=company3, numberOfExecutions=2, time=51, subTask="Gateway_14xcbek", startTime=672, instance=8]
[ServiceTask, name=Unnamed, id_bpmn=Activity_1xtsdxu, sodSecurity=False, bodSecurity=True, uocSecurity=False, mth=0, subTask="Activity_0rhq2zz, Activity_1lsjzdf"]
[Task, name=Evaluate project quality, id_bpmn=Activity_1twduio, userTask=evaluator3, numberOfExecutions=1, time=12, subTask="Gateway_1v9au9h", startTime=678, instance=6]
[ParallelGateway, name=Unnamed, id_bpmn=Gateway_0w2b9qv, subTask="Activity_1conkxb", startTime=681, instance=10]
[Task, name=Decide external auditing, id_bpmn=Activity_03d8opo, userTask=ecofinantial2, numberOfExecutions=2, time=58, subTask="Activity_1p7rey7", startTime=681, instance=5]
[ServiceTask, name=Unnamed, id_bpmn=Activity_0oz806n, sodSecurity=True, bodSecurity=False, uocSecurity=False, mth=0, subTask="Activity_03brord, Activity_03d8opo"]
[Task, name=Evaluate project, id_bpmn=Activity_1conkxb, userTask=evaluator4, numberOfExecutions=2, time=44, subTask="Activity_0bcw6ho", startTime=681, instance=10]
[ServiceTask, name=Unnamed, id_bpmn=Activity_07z6dxo, sodSecurity=True, bodSecurity=False, uocSecurity=False, mth=0, subTask="Activity_1conkxb, Activity_17ptqba"]
[Task, name=Evaluate project quality, id_bpmn=Activity_1twduio, userTask=evaluator1, numberOfExecutions=1, time=12, subTask="Gateway_1v9au9h", startTime=690, instance=6]
[ServiceTask, name=Unnamed, id_bpmn=Activity_1fx8kp5, sodSecurity=False, bodSecurity=False, uocSecurity=True, mth=1, subTask="Activity_1twduio"]
[ExclusiveGateway, name=Unnamed, id_bpmn=Gateway_1s1smiq, subTask="Activity_07uebsf", startTime=697, instance=9]
[ExclusiveGateway, name=Unnamed, id_bpmn=Gateway_14xcbek, subTask="Activity_1twduio", startTime=697, instance=7]
[Task, name=Make technical checking, id_bpmn=Activity_07uebsf, userTask=technician3, numberOfExecutions=2, time=52, subTask="Activity_0rhq2zz", startTime=697, instance=9]
[ExclusiveGateway, name=Unnamed, id_bpmn=Gateway_1v9au9h, subTask="Activity_03brord", startTime=702, instance=6]
[Task, name=Evaluate project quality, id_bpmn=Activity_1twduio, userTask=evaluator1, numberOfExecutions=3, time=95, subTask="Gateway_1v9au9h", startTime=702, instance=7]
[ServiceTask, name=Unnamed, id_bpmn=Activity_1fx8kp5, sodSecurity=False, bodSecurity=False, uocSecurity=True, mth=1, subTask="Activity_1twduio"]
[Task, name=Evaluate refund plan, id_bpmn=Activity_03brord, userTask=ecofinantial1, numberOfExecutions=2, time=53, subTask="Activity_03d8opo", startTime=702, instance=6]
[ParallelGateway, name=Unnamed, id_bpmn=Gateway_0w2b9qv, subTask="Activity_1conkxb", startTime=708, instance=11]
[Task, name=Evaluate project, id_bpmn=Activity_1conkxb, userTask=evaluator2, numberOfExecutions=2, time=55, subTask="Activity_0bcw6ho", startTime=708, instance=11]
[ServiceTask, name=Unnamed, id_bpmn=Activity_07z6dxo, sodSecurity=True, bodSecurity=False, uocSecurity=False, mth=0, subTask="Activity_1conkxb, Activity_17ptqba"]
[EndEvent, name=Unnamed, id_bpmn=Event_1racnnc, subTask="", startTime=710, instance=4]
[StartEvent, name=Unnamed, id_bpmn=Event_10piu52, subTask="Activity_1lsjzdf", startTime=720, instance=13]
[Task, name=Fill out project application, id_bpmn=Activity_1lsjzdf, userTask=company4, numberOfExecutions=2, time=44, subTask="Gateway_0epbui3", startTime=720, instance=13]
[ParallelGateway, name=Unnamed, id_bpmn=Gateway_0epbui3, subTask="Activity_1u4k5de, Activity_17ptqba", startTime=722, instance=12]
[Task, name=Add research groups, id_bpmn=Activity_1u4k5de, userTask=technician4, numberOfExecutions=2, time=58, subTask="Gateway_0w2b9qv", startTime=722, instance=12]
[Task, name=Add companies, id_bpmn=Activity_17ptqba, userTask=technician2, numberOfExecutions=2, time=55, subTask="Gateway_0w2b9qv", startTime=722, instance=12]
[ExclusiveGateway, name=Unnamed, id_bpmn=Gateway_14xcbek, subTask="Activity_1twduio", startTime=723, instance=8]
[Task, name=Evaluate project quality, id_bpmn=Activity_1twduio, userTask=evaluator3, numberOfExecutions=3, time=87, subTask="Gateway_1v9au9h", startTime=723, instance=8]
[ServiceTask, name=Unnamed, id_bpmn=Activity_1fx8kp5, sodSecurity=False, bodSecurity=False, uocSecurity=True, mth=1, subTask="Activity_1twduio"]
[Task, name=Make a decision about project, id_bpmn=Activity_0bcw6ho, userTask=technician1, numberOfExecutions=2, time=28, subTask="Gateway_1s1smiq", startTime=725, instance=10]
[ServiceTask, name=Unnamed, id_bpmn=Activity_0kp0uwb, sodSecurity=False, bodSecurity=False, uocSecurity=True, mth=2, subTask="Activity_0bcw6ho"]
[Task, name=Refund, id_bpmn=Activity_1p7rey7, userTask=company2, numberOfExecutions=2, time=64, subTask="Event_1racnnc", startTime=739, instance=5]
[ServiceTask, name=Unnamed, id_bpmn=Activity_1i1gel3, sodSecurity=False, bodSecurity=True, uocSecurity=False, mth=0, subTask="Activity_1p7rey7, Activity_1u4k5de"]
[Task, name=Finish the project, id_bpmn=Activity_0rhq2zz, userTask=company3, numberOfExecutions=2, time=45, subTask="Gateway_14xcbek", startTime=749, instance=9]
[ServiceTask, name=Unnamed, id_bpmn=Activity_1xtsdxu, sodSecurity=False, bodSecurity=True, uocSecurity=False, mth=0, subTask="Activity_0rhq2zz, Activity_1lsjzdf"]
[ExclusiveGateway, name=Unnamed, id_bpmn=Gateway_1s1smiq, subTask="Activity_07uebsf", startTime=753, instance=10]
[Task, name=Make technical checking, id_bpmn=Activity_07uebsf, userTask=technician3, numberOfExecutions=2, time=55, subTask="Activity_0rhq2zz", startTime=753, instance=10]
[Task, name=Decide external auditing, id_bpmn=Activity_03d8opo, userTask=ecofinantial3, numberOfExecutions=2, time=57, subTask="Activity_1p7rey7", startTime=755, instance=6]
[ServiceTask, name=Unnamed, id_bpmn=Activity_0oz806n, sodSecurity=True, bodSecurity=False, uocSecurity=False, mth=0, subTask="Activity_03brord, Activity_03d8opo"]
[Task, name=Make a decision about project, id_bpmn=Activity_0bcw6ho, userTask=technician1, numberOfExecutions=2, time=24, subTask="Gateway_1s1smiq", startTime=763, instance=11]
[ServiceTask, name=Unnamed, id_bpmn=Activity_0kp0uwb, sodSecurity=False, bodSecurity=False, uocSecurity=True, mth=2, subTask="Activity_0bcw6ho"]
[ParallelGateway, name=Unnamed, id_bpmn=Gateway_0epbui3, subTask="Activity_1u4k5de, Activity_17ptqba", startTime=764, instance=13]
[Task, name=Add research groups, id_bpmn=Activity_1u4k5de, userTask=technician2, numberOfExecutions=2, time=54, subTask="Gateway_0w2b9qv", startTime=777, instance=13]
[StartEvent, name=Unnamed, id_bpmn=Event_10piu52, subTask="Activity_1lsjzdf", startTime=780, instance=14]
[Task, name=Fill out project application, id_bpmn=Activity_1lsjzdf, userTask=company1, numberOfExecutions=2, time=59, subTask="Gateway_0epbui3", startTime=780, instance=14]
[ParallelGateway, name=Unnamed, id_bpmn=Gateway_0w2b9qv, subTask="Activity_1conkxb", startTime=780, instance=12]
[Task, name=Add companies, id_bpmn=Activity_17ptqba, userTask=technician4, numberOfExecutions=2, time=53, subTask="Gateway_0w2b9qv", startTime=780, instance=13]
[Task, name=Evaluate project, id_bpmn=Activity_1conkxb, userTask=evaluator4, numberOfExecutions=2, time=34, subTask="Activity_0bcw6ho", startTime=780, instance=12]
[ServiceTask, name=Unnamed, id_bpmn=Activity_07z6dxo, sodSecurity=True, bodSecurity=False, uocSecurity=False, mth=0, subTask="Activity_1conkxb, Activity_17ptqba"]
[ExclusiveGateway, name=Unnamed, id_bpmn=Gateway_1s1smiq, subTask="Activity_07uebsf", startTime=787, instance=11]
[Task, name=Make technical checking, id_bpmn=Activity_07uebsf, userTask=technician1, numberOfExecutions=2, time=57, subTask="Activity_0rhq2zz", startTime=787, instance=11]
[ExclusiveGateway, name=Unnamed, id_bpmn=Gateway_14xcbek, subTask="Activity_1twduio", startTime=794, instance=9]
[Task, name=Evaluate project quality, id_bpmn=Activity_1twduio, userTask=evaluator2, numberOfExecutions=3, time=98, subTask="Gateway_1v9au9h", startTime=794, instance=9]
[ServiceTask, name=Unnamed, id_bpmn=Activity_1fx8kp5, sodSecurity=False, bodSecurity=False, uocSecurity=True, mth=1, subTask="Activity_1twduio"]
[ExclusiveGateway, name=Unnamed, id_bpmn=Gateway_1v9au9h, subTask="Activity_03brord", startTime=797, instance=7]
[Task, name=Evaluate refund plan, id_bpmn=Activity_03brord, userTask=ecofinantial2, numberOfExecutions=2, time=50, subTask="Activity_03d8opo", startTime=797, instance=7]
[EndEvent, name=Unnamed, id_bpmn=Event_1racnnc, subTask="", startTime=803, instance=5]
[Task, name=Finish the project, id_bpmn=Activity_0rhq2zz, userTask=company4, numberOfExecutions=2, time=48, subTask="Gateway_14xcbek", startTime=808, instance=10]
[ServiceTask, name=Unnamed, id_bpmn=Activity_1xtsdxu, sodSecurity=False, bodSecurity=True, uocSecurity=False, mth=0, subTask="Activity_0rhq2zz, Activity_1lsjzdf"]
[ExclusiveGateway, name=Unnamed, id_bpmn=Gateway_1v9au9h, subTask="Activity_03brord", startTime=810, instance=8]
[Task, name=Evaluate refund plan, id_bpmn=Activity_03brord, userTask=ecofinantial1, numberOfExecutions=2, time=43, subTask="Activity_03d8opo", startTime=810, instance=8]
[Task, name=Refund, id_bpmn=Activity_1p7rey7, userTask=company2, numberOfExecutions=2, time=58, subTask="Event_1racnnc", startTime=812, instance=6]
[ServiceTask, name=Unnamed, id_bpmn=Activity_1i1gel3, sodSecurity=False, bodSecurity=True, uocSecurity=False, mth=0, subTask="Activity_1p7rey7, Activity_1u4k5de"]
[Task, name=Make a decision about project, id_bpmn=Activity_0bcw6ho, userTask=technician3, numberOfExecutions=2, time=28, subTask="Gateway_1s1smiq", startTime=814, instance=12]
[ServiceTask, name=Unnamed, id_bpmn=Activity_0kp0uwb, sodSecurity=False, bodSecurity=False, uocSecurity=True, mth=2, subTask="Activity_0bcw6ho"]
[ParallelGateway, name=Unnamed, id_bpmn=Gateway_0w2b9qv, subTask="Activity_1conkxb", startTime=833, instance=13]
[Task, name=Evaluate project, id_bpmn=Activity_1conkxb, userTask=evaluator1, numberOfExecutions=2, time=46, subTask="Activity_0bcw6ho", startTime=833, instance=13]
[ServiceTask, name=Unnamed, id_bpmn=Activity_07z6dxo, sodSecurity=True, bodSecurity=False, uocSecurity=False, mth=0, subTask="Activity_1conkxb, Activity_17ptqba"]
[ParallelGateway, name=Unnamed, id_bpmn=Gateway_0epbui3, subTask="Activity_1u4k5de, Activity_17ptqba", startTime=839, instance=14]
[Task, name=Add research groups, id_bpmn=Activity_1u4k5de, userTask=technician4, numberOfExecutions=2, time=48, subTask="Gateway_0w2b9qv", startTime=839, instance=14]
[Task, name=Add companies, id_bpmn=Activity_17ptqba, userTask=technician2, numberOfExecutions=2, time=58, subTask="Gateway_0w2b9qv", startTime=839, instance=14]
[StartEvent, name=Unnamed, id_bpmn=Event_10piu52, subTask="Activity_1lsjzdf", startTime=840, instance=15]
[Task, name=Fill out project application, id_bpmn=Activity_1lsjzdf, userTask=company3, numberOfExecutions=2, time=55, subTask="Gateway_0epbui3", startTime=840, instance=15]
[ExclusiveGateway, name=Unnamed, id_bpmn=Gateway_1s1smiq, subTask="Activity_07uebsf", startTime=842, instance=12]
[Task, name=Make technical checking, id_bpmn=Activity_07uebsf, userTask=technician3, numberOfExecutions=2, time=50, subTask="Activity_0rhq2zz", startTime=842, instance=12]
[Task, name=Finish the project, id_bpmn=Activity_0rhq2zz, userTask=company1, numberOfExecutions=2, time=56, subTask="Gateway_14xcbek", startTime=844, instance=11]
[ServiceTask, name=Unnamed, id_bpmn=Activity_1xtsdxu, sodSecurity=False, bodSecurity=True, uocSecurity=False, mth=0, subTask="Activity_0rhq2zz, Activity_1lsjzdf"]
[Task, name=Decide external auditing, id_bpmn=Activity_03d8opo, userTask=ecofinantial3, numberOfExecutions=2, time=58, subTask="Activity_1p7rey7", startTime=847, instance=7]
[ServiceTask, name=Unnamed, id_bpmn=Activity_0oz806n, sodSecurity=True, bodSecurity=False, uocSecurity=False, mth=0, subTask="Activity_03brord, Activity_03d8opo"]
[Task, name=Decide external auditing, id_bpmn=Activity_03d8opo, userTask=ecofinantial2, numberOfExecutions=2, time=57, subTask="Activity_1p7rey7", startTime=853, instance=8]
[ServiceTask, name=Unnamed, id_bpmn=Activity_0oz806n, sodSecurity=True, bodSecurity=False, uocSecurity=False, mth=0, subTask="Activity_03brord, Activity_03d8opo"]
[ExclusiveGateway, name=Unnamed, id_bpmn=Gateway_14xcbek, subTask="Activity_1twduio", startTime=856, instance=10]
[Task, name=Evaluate project quality, id_bpmn=Activity_1twduio, userTask=evaluator4, numberOfExecutions=3, time=100, subTask="Gateway_1v9au9h", startTime=856, instance=10]
[ServiceTask, name=Unnamed, id_bpmn=Activity_1fx8kp5, sodSecurity=False, bodSecurity=False, uocSecurity=True, mth=1, subTask="Activity_1twduio"]
[EndEvent, name=Unnamed, id_bpmn=Event_1racnnc, subTask="", startTime=870, instance=6]
[Task, name=Make a decision about project, id_bpmn=Activity_0bcw6ho, userTask=technician1, numberOfExecutions=2, time=25, subTask="Gateway_1s1smiq", startTime=879, instance=13]
[ServiceTask, name=Unnamed, id_bpmn=Activity_0kp0uwb, sodSecurity=False, bodSecurity=False, uocSecurity=True, mth=2, subTask="Activity_0bcw6ho"]
[ExclusiveGateway, name=Unnamed, id_bpmn=Gateway_1v9au9h, subTask="Activity_03brord", startTime=892, instance=9]
[Task, name=Finish the project, id_bpmn=Activity_0rhq2zz, userTask=company4, numberOfExecutions=2, time=37, subTask="Gateway_14xcbek", startTime=892, instance=12]
[ServiceTask, name=Unnamed, id_bpmn=Activity_1xtsdxu, sodSecurity=False, bodSecurity=True, uocSecurity=False, mth=0, subTask="Activity_0rhq2zz, Activity_1lsjzdf"]
[Task, name=Evaluate refund plan, id_bpmn=Activity_03brord, userTask=ecofinantial1, numberOfExecutions=2, time=48, subTask="Activity_03d8opo", startTime=892, instance=9]
[ParallelGateway, name=Unnamed, id_bpmn=Gateway_0epbui3, subTask="Activity_1u4k5de, Activity_17ptqba", startTime=895, instance=15]
[Task, name=Add research groups, id_bpmn=Activity_1u4k5de, userTask=technician4, numberOfExecutions=2, time=40, subTask="Gateway_0w2b9qv", startTime=895, instance=15]
[Task, name=Add companies, id_bpmn=Activity_17ptqba, userTask=technician3, numberOfExecutions=2, time=59, subTask="Gateway_0w2b9qv", startTime=895, instance=15]
[ParallelGateway, name=Unnamed, id_bpmn=Gateway_0w2b9qv, subTask="Activity_1conkxb", startTime=897, instance=14]
[Task, name=Evaluate project, id_bpmn=Activity_1conkxb, userTask=evaluator3, numberOfExecutions=2, time=49, subTask="Activity_0bcw6ho", startTime=897, instance=14]
[ServiceTask, name=Unnamed, id_bpmn=Activity_07z6dxo, sodSecurity=True, bodSecurity=False, uocSecurity=False, mth=0, subTask="Activity_1conkxb, Activity_17ptqba"]
[StartEvent, name=Unnamed, id_bpmn=Event_10piu52, subTask="Activity_1lsjzdf", startTime=900, instance=16]
[Task, name=Fill out project application, id_bpmn=Activity_1lsjzdf, userTask=company2, numberOfExecutions=2, time=43, subTask="Gateway_0epbui3", startTime=900, instance=16]
[ExclusiveGateway, name=Unnamed, id_bpmn=Gateway_14xcbek, subTask="Activity_1twduio", startTime=900, instance=11]
[Task, name=Evaluate project quality, id_bpmn=Activity_1twduio, userTask=evaluator1, numberOfExecutions=3, time=71, subTask="Gateway_1v9au9h", startTime=900, instance=11]
[ServiceTask, name=Unnamed, id_bpmn=Activity_1fx8kp5, sodSecurity=False, bodSecurity=False, uocSecurity=True, mth=1, subTask="Activity_1twduio"]
[ExclusiveGateway, name=Unnamed, id_bpmn=Gateway_1s1smiq, subTask="Activity_07uebsf", startTime=904, instance=13]
[Task, name=Make technical checking, id_bpmn=Activity_07uebsf, userTask=technician2, numberOfExecutions=2, time=42, subTask="Activity_0rhq2zz", startTime=904, instance=13]
[Task, name=Refund, id_bpmn=Activity_1p7rey7, userTask=company3, numberOfExecutions=2, time=52, subTask="Event_1racnnc", startTime=905, instance=7]
[ServiceTask, name=Unnamed, id_bpmn=Activity_1i1gel3, sodSecurity=False, bodSecurity=True, uocSecurity=False, mth=0, subTask="Activity_1p7rey7, Activity_1u4k5de"]
[Task, name=Refund, id_bpmn=Activity_1p7rey7, userTask=company1, numberOfExecutions=2, time=71, subTask="Event_1racnnc", startTime=910, instance=8]
[ServiceTask, name=Unnamed, id_bpmn=Activity_1i1gel3, sodSecurity=False, bodSecurity=True, uocSecurity=False, mth=0, subTask="Activity_1p7rey7, Activity_1u4k5de"]
[ExclusiveGateway, name=Unnamed, id_bpmn=Gateway_14xcbek, subTask="Activity_1twduio", startTime=929, instance=12]
[Task, name=Evaluate project quality, id_bpmn=Activity_1twduio, userTask=evaluator2, numberOfExecutions=3, time=77, subTask="Gateway_1v9au9h", startTime=929, instance=12]
[ServiceTask, name=Unnamed, id_bpmn=Activity_1fx8kp5, sodSecurity=False, bodSecurity=False, uocSecurity=True, mth=1, subTask="Activity_1twduio"]
[Task, name=Decide external auditing, id_bpmn=Activity_03d8opo, userTask=ecofinantial3, numberOfExecutions=2, time=54, subTask="Activity_1p7rey7", startTime=940, instance=9]
[ServiceTask, name=Unnamed, id_bpmn=Activity_0oz806n, sodSecurity=True, bodSecurity=False, uocSecurity=False, mth=0, subTask="Activity_03brord, Activity_03d8opo"]
[ParallelGateway, name=Unnamed, id_bpmn=Gateway_0epbui3, subTask="Activity_1u4k5de, Activity_17ptqba", startTime=943, instance=16]
[Task, name=Add research groups, id_bpmn=Activity_1u4k5de, userTask=technician4, numberOfExecutions=2, time=38, subTask="Gateway_0w2b9qv", startTime=943, instance=16]
[Task, name=Add companies, id_bpmn=Activity_17ptqba, userTask=technician1, numberOfExecutions=2, time=32, subTask="Gateway_0w2b9qv", startTime=943, instance=16]
[Task, name=Finish the project, id_bpmn=Activity_0rhq2zz, userTask=company4, numberOfExecutions=2, time=62, subTask="Gateway_14xcbek", startTime=946, instance=13]
[ServiceTask, name=Unnamed, id_bpmn=Activity_1xtsdxu, sodSecurity=False, bodSecurity=True, uocSecurity=False, mth=0, subTask="Activity_0rhq2zz, Activity_1lsjzdf"]
[Task, name=Make a decision about project, id_bpmn=Activity_0bcw6ho, userTask=technician2, numberOfExecutions=2, time=28, subTask="Gateway_1s1smiq", startTime=946, instance=14]
[ServiceTask, name=Unnamed, id_bpmn=Activity_0kp0uwb, sodSecurity=False, bodSecurity=False, uocSecurity=True, mth=2, subTask="Activity_0bcw6ho"]
[ParallelGateway, name=Unnamed, id_bpmn=Gateway_0w2b9qv, subTask="Activity_1conkxb", startTime=954, instance=15]
[Task, name=Evaluate project, id_bpmn=Activity_1conkxb, userTask=evaluator3, numberOfExecutions=2, time=55, subTask="Activity_0bcw6ho", startTime=954, instance=15]
[ServiceTask, name=Unnamed, id_bpmn=Activity_07z6dxo, sodSecurity=True, bodSecurity=False, uocSecurity=False, mth=0, subTask="Activity_1conkxb, Activity_17ptqba"]
[ExclusiveGateway, name=Unnamed, id_bpmn=Gateway_1v9au9h, subTask="Activity_03brord", startTime=956, instance=10]
[Task, name=Evaluate refund plan, id_bpmn=Activity_03brord, userTask=ecofinantial2, numberOfExecutions=2, time=51, subTask="Activity_03d8opo", startTime=956, instance=10]
[EndEvent, name=Unnamed, id_bpmn=Event_1racnnc, subTask="", startTime=957, instance=7]
[StartEvent, name=Unnamed, id_bpmn=Event_10piu52, subTask="Activity_1lsjzdf", startTime=960, instance=17]
[Task, name=Fill out project application, id_bpmn=Activity_1lsjzdf, userTask=company2, numberOfExecutions=2, time=44, subTask="Gateway_0epbui3", startTime=960, instance=17]
[ExclusiveGateway, name=Unnamed, id_bpmn=Gateway_1v9au9h, subTask="Activity_03brord", startTime=971, instance=11]
[Task, name=Evaluate refund plan, id_bpmn=Activity_03brord, userTask=ecofinantial1, numberOfExecutions=2, time=41, subTask="Activity_03d8opo", startTime=971, instance=11]
[ExclusiveGateway, name=Unnamed, id_bpmn=Gateway_1s1smiq, subTask="Activity_07uebsf", startTime=974, instance=14]
[Task, name=Make technical checking, id_bpmn=Activity_07uebsf, userTask=technician3, numberOfExecutions=2, time=39, subTask="Activity_0rhq2zz", startTime=974, instance=14]
[EndEvent, name=Unnamed, id_bpmn=Event_1racnnc, subTask="", startTime=981, instance=8]
[ParallelGateway, name=Unnamed, id_bpmn=Gateway_0w2b9qv, subTask="Activity_1conkxb", startTime=981, instance=16]
[Task, name=Evaluate project, id_bpmn=Activity_1conkxb, userTask=evaluator4, numberOfExecutions=2, time=38, subTask="Activity_0bcw6ho", startTime=981, instance=16]
[ServiceTask, name=Unnamed, id_bpmn=Activity_07z6dxo, sodSecurity=True, bodSecurity=False, uocSecurity=False, mth=0, subTask="Activity_1conkxb, Activity_17ptqba"]
[Task, name=Refund, id_bpmn=Activity_1p7rey7, userTask=company3, numberOfExecutions=2, time=50, subTask="Event_1racnnc", startTime=994, instance=9]
[ServiceTask, name=Unnamed, id_bpmn=Activity_1i1gel3, sodSecurity=False, bodSecurity=True, uocSecurity=False, mth=0, subTask="Activity_1p7rey7, Activity_1u4k5de"]
[ParallelGateway, name=Unnamed, id_bpmn=Gateway_0epbui3, subTask="Activity_1u4k5de, Activity_17ptqba", startTime=1004, instance=17]
[Task, name=Add research groups, id_bpmn=Activity_1u4k5de, userTask=technician4, numberOfExecutions=2, time=37, subTask="Gateway_0w2b9qv", startTime=1004, instance=17]
[Task, name=Add companies, id_bpmn=Activity_17ptqba, userTask=technician2, numberOfExecutions=2, time=58, subTask="Gateway_0w2b9qv", startTime=1004, instance=17]
[ExclusiveGateway, name=Unnamed, id_bpmn=Gateway_1v9au9h, subTask="Activity_03brord", startTime=1006, instance=12]
[Task, name=Evaluate refund plan, id_bpmn=Activity_03brord, userTask=ecofinantial3, numberOfExecutions=2, time=59, subTask="Activity_03d8opo", startTime=1006, instance=12]
[Task, name=Decide external auditing, id_bpmn=Activity_03d8opo, userTask=ecofinantial2, numberOfExecutions=2, time=46, subTask="Activity_1p7rey7", startTime=1007, instance=10]
[ServiceTask, name=Unnamed, id_bpmn=Activity_0oz806n, sodSecurity=True, bodSecurity=False, uocSecurity=False, mth=0, subTask="Activity_03brord, Activity_03d8opo"]
[ExclusiveGateway, name=Unnamed, id_bpmn=Gateway_14xcbek, subTask="Activity_1twduio", startTime=1008, instance=13]
[Task, name=Evaluate project quality, id_bpmn=Activity_1twduio, userTask=evaluator1, numberOfExecutions=3, time=71, subTask="Gateway_1v9au9h", startTime=1008, instance=13]
[ServiceTask, name=Unnamed, id_bpmn=Activity_1fx8kp5, sodSecurity=False, bodSecurity=False, uocSecurity=True, mth=1, subTask="Activity_1twduio"]
[Task, name=Make a decision about project, id_bpmn=Activity_0bcw6ho, userTask=technician1, numberOfExecutions=2, time=25, subTask="Gateway_1s1smiq", startTime=1009, instance=15]
[ServiceTask, name=Unnamed, id_bpmn=Activity_0kp0uwb, sodSecurity=False, bodSecurity=False, uocSecurity=True, mth=2, subTask="Activity_0bcw6ho"]
[Task, name=Decide external auditing, id_bpmn=Activity_03d8opo, userTask=ecofinantial1, numberOfExecutions=2, time=54, subTask="Activity_1p7rey7", startTime=1012, instance=11]
[ServiceTask, name=Unnamed, id_bpmn=Activity_0oz806n, sodSecurity=True, bodSecurity=False, uocSecurity=False, mth=0, subTask="Activity_03brord, Activity_03d8opo"]
[Task, name=Finish the project, id_bpmn=Activity_0rhq2zz, userTask=company1, numberOfExecutions=2, time=46, subTask="Gateway_14xcbek", startTime=1013, instance=14]
[ServiceTask, name=Unnamed, id_bpmn=Activity_1xtsdxu, sodSecurity=False, bodSecurity=True, uocSecurity=False, mth=0, subTask="Activity_0rhq2zz, Activity_1lsjzdf"]
[Task, name=Make a decision about project, id_bpmn=Activity_0bcw6ho, userTask=technician3, numberOfExecutions=2, time=23, subTask="Gateway_1s1smiq", startTime=1019, instance=16]
[ServiceTask, name=Unnamed, id_bpmn=Activity_0kp0uwb, sodSecurity=False, bodSecurity=False, uocSecurity=True, mth=2, subTask="Activity_0bcw6ho"]
[StartEvent, name=Unnamed, id_bpmn=Event_10piu52, subTask="Activity_1lsjzdf", startTime=1020, instance=18]
[Task, name=Fill out project application, id_bpmn=Activity_1lsjzdf, userTask=company4, numberOfExecutions=2, time=37, subTask="Gateway_0epbui3", startTime=1020, instance=18]
[ExclusiveGateway, name=Unnamed, id_bpmn=Gateway_1s1smiq, subTask="Activity_07uebsf", startTime=1034, instance=15]
[Task, name=Make technical checking, id_bpmn=Activity_07uebsf, userTask=technician1, numberOfExecutions=2, time=61, subTask="Activity_0rhq2zz", startTime=1034, instance=15]
[ExclusiveGateway, name=Unnamed, id_bpmn=Gateway_1s1smiq, subTask="Activity_07uebsf", startTime=1042, instance=16]
[Task, name=Make technical checking, id_bpmn=Activity_07uebsf, userTask=technician4, numberOfExecutions=2, time=61, subTask="Activity_0rhq2zz", startTime=1042, instance=16]
[EndEvent, name=Unnamed, id_bpmn=Event_1racnnc, subTask="", startTime=1044, instance=9]
[Task, name=Refund, id_bpmn=Activity_1p7rey7, userTask=company2, numberOfExecutions=2, time=39, subTask="Event_1racnnc", startTime=1053, instance=10]
[ServiceTask, name=Unnamed, id_bpmn=Activity_1i1gel3, sodSecurity=False, bodSecurity=True, uocSecurity=False, mth=0, subTask="Activity_1p7rey7, Activity_1u4k5de"]
[ParallelGateway, name=Unnamed, id_bpmn=Gateway_0epbui3, subTask="Activity_1u4k5de, Activity_17ptqba", startTime=1057, instance=18]
[Task, name=Add research groups, id_bpmn=Activity_1u4k5de, userTask=technician3, numberOfExecutions=2, time=46, subTask="Gateway_0w2b9qv", startTime=1057, instance=18]
[ExclusiveGateway, name=Unnamed, id_bpmn=Gateway_14xcbek, subTask="Activity_1twduio", startTime=1059, instance=14]
[Task, name=Evaluate project quality, id_bpmn=Activity_1twduio, userTask=evaluator2, numberOfExecutions=1, time=13, subTask="Gateway_1v9au9h", startTime=1059, instance=14]
[ParallelGateway, name=Unnamed, id_bpmn=Gateway_0w2b9qv, subTask="Activity_1conkxb", startTime=1062, instance=17]
[Task, name=Add companies, id_bpmn=Activity_17ptqba, userTask=technician2, numberOfExecutions=2, time=59, subTask="Gateway_0w2b9qv", startTime=1062, instance=18]
[Task, name=Decide external auditing, id_bpmn=Activity_03d8opo, userTask=ecofinantial2, numberOfExecutions=2, time=50, subTask="Activity_1p7rey7", startTime=1065, instance=12]
[ServiceTask, name=Unnamed, id_bpmn=Activity_0oz806n, sodSecurity=True, bodSecurity=False, uocSecurity=False, mth=0, subTask="Activity_03brord, Activity_03d8opo"]
[Task, name=Refund, id_bpmn=Activity_1p7rey7, userTask=company3, numberOfExecutions=2, time=54, subTask="Event_1racnnc", startTime=1066, instance=11]
[ServiceTask, name=Unnamed, id_bpmn=Activity_1i1gel3, sodSecurity=False, bodSecurity=True, uocSecurity=False, mth=0, subTask="Activity_1p7rey7, Activity_1u4k5de"]
[Task, name=Evaluate project quality, id_bpmn=Activity_1twduio, userTask=evaluator3, numberOfExecutions=1, time=10, subTask="Gateway_1v9au9h", startTime=1072, instance=14]
[ExclusiveGateway, name=Unnamed, id_bpmn=Gateway_1v9au9h, subTask="Activity_03brord", startTime=1079, instance=13]
[Task, name=Evaluate project, id_bpmn=Activity_1conkxb, userTask=evaluator1, numberOfExecutions=2, time=51, subTask="Activity_0bcw6ho", startTime=1079, instance=17]
[ServiceTask, name=Unnamed, id_bpmn=Activity_07z6dxo, sodSecurity=True, bodSecurity=False, uocSecurity=False, mth=0, subTask="Activity_1conkxb, Activity_17ptqba"]
[Task, name=Evaluate refund plan, id_bpmn=Activity_03brord, userTask=ecofinantial3, numberOfExecutions=2, time=61, subTask="Activity_03d8opo", startTime=1079, instance=13]
[StartEvent, name=Unnamed, id_bpmn=Event_10piu52, subTask="Activity_1lsjzdf", startTime=1080, instance=19]
[Task, name=Fill out project application, id_bpmn=Activity_1lsjzdf, userTask=company1, numberOfExecutions=2, time=38, subTask="Gateway_0epbui3", startTime=1080, instance=19]
[Task, name=Evaluate project quality, id_bpmn=Activity_1twduio, userTask=evaluator4, numberOfExecutions=1, time=15, subTask="Gateway_1v9au9h", startTime=1082, instance=14]
[ServiceTask, name=Unnamed, id_bpmn=Activity_1fx8kp5, sodSecurity=False, bodSecurity=False, uocSecurity=True, mth=1, subTask="Activity_1twduio"]
[EndEvent, name=Unnamed, id_bpmn=Event_1racnnc, subTask="", startTime=1092, instance=10]
[Task, name=Finish the project, id_bpmn=Activity_0rhq2zz, userTask=company4, numberOfExecutions=2, time=43, subTask="Gateway_14xcbek", startTime=1095, instance=15]
[ServiceTask, name=Unnamed, id_bpmn=Activity_1xtsdxu, sodSecurity=False, bodSecurity=True, uocSecurity=False, mth=0, subTask="Activity_0rhq2zz, Activity_1lsjzdf"]
[ExclusiveGateway, name=Unnamed, id_bpmn=Gateway_1v9au9h, subTask="Activity_03brord", startTime=1097, instance=14]
[Task, name=Evaluate refund plan, id_bpmn=Activity_03brord, userTask=ecofinantial1, numberOfExecutions=2, time=53, subTask="Activity_03d8opo", startTime=1097, instance=14]
[Task, name=Finish the project, id_bpmn=Activity_0rhq2zz, userTask=company2, numberOfExecutions=2, time=52, subTask="Gateway_14xcbek", startTime=1103, instance=16]
[ServiceTask, name=Unnamed, id_bpmn=Activity_1xtsdxu, sodSecurity=False, bodSecurity=True, uocSecurity=False, mth=0, subTask="Activity_0rhq2zz, Activity_1lsjzdf"]
[ParallelGateway, name=Unnamed, id_bpmn=Gateway_0epbui3, subTask="Activity_1u4k5de, Activity_17ptqba", startTime=1118, instance=19]
[Task, name=Refund, id_bpmn=Activity_1p7rey7, userTask=company1, numberOfExecutions=2, time=62, subTask="Event_1racnnc", startTime=1118, instance=12]
[ServiceTask, name=Unnamed, id_bpmn=Activity_1i1gel3, sodSecurity=False, bodSecurity=True, uocSecurity=False, mth=0, subTask="Activity_1p7rey7, Activity_1u4k5de"]
[Task, name=Add research groups, id_bpmn=Activity_1u4k5de, userTask=technician4, numberOfExecutions=2, time=34, subTask="Gateway_0w2b9qv", startTime=1118, instance=19]
[Task, name=Add companies, id_bpmn=Activity_17ptqba, userTask=technician3, numberOfExecutions=2, time=44, subTask="Gateway_0w2b9qv", startTime=1118, instance=19]
[EndEvent, name=Unnamed, id_bpmn=Event_1racnnc, subTask="", startTime=1120, instance=11]
[ParallelGateway, name=Unnamed, id_bpmn=Gateway_0w2b9qv, subTask="Activity_1conkxb", startTime=1121, instance=18]
[Task, name=Evaluate project, id_bpmn=Activity_1conkxb, userTask=evaluator4, numberOfExecutions=2, time=39, subTask="Activity_0bcw6ho", startTime=1121, instance=18]
[ServiceTask, name=Unnamed, id_bpmn=Activity_07z6dxo, sodSecurity=True, bodSecurity=False, uocSecurity=False, mth=0, subTask="Activity_1conkxb, Activity_17ptqba"]
[Task, name=Make a decision about project, id_bpmn=Activity_0bcw6ho, userTask=technician1, numberOfExecutions=2, time=24, subTask="Gateway_1s1smiq", startTime=1130, instance=17]
[ServiceTask, name=Unnamed, id_bpmn=Activity_0kp0uwb, sodSecurity=False, bodSecurity=False, uocSecurity=True, mth=2, subTask="Activity_0bcw6ho"]
[ExclusiveGateway, name=Unnamed, id_bpmn=Gateway_14xcbek, subTask="Activity_1twduio", startTime=1138, instance=15]
[Task, name=Evaluate project quality, id_bpmn=Activity_1twduio, userTask=evaluator2, numberOfExecutions=1, time=9, subTask="Gateway_1v9au9h", startTime=1138, instance=15]
[StartEvent, name=Unnamed, id_bpmn=Event_10piu52, subTask="Activity_1lsjzdf", startTime=1140, instance=20]
[Task, name=Fill out project application, id_bpmn=Activity_1lsjzdf, userTask=company3, numberOfExecutions=2, time=52, subTask="Gateway_0epbui3", startTime=1140, instance=20]
[Task, name=Decide external auditing, id_bpmn=Activity_03d8opo, userTask=ecofinantial2, numberOfExecutions=2, time=46, subTask="Activity_1p7rey7", startTime=1140, instance=13]
[ServiceTask, name=Unnamed, id_bpmn=Activity_0oz806n, sodSecurity=True, bodSecurity=False, uocSecurity=False, mth=0, subTask="Activity_03brord, Activity_03d8opo"]
[Task, name=Evaluate project quality, id_bpmn=Activity_1twduio, userTask=evaluator3, numberOfExecutions=1, time=10, subTask="Gateway_1v9au9h", startTime=1147, instance=15]
[Task, name=Decide external auditing, id_bpmn=Activity_03d8opo, userTask=ecofinantial3, numberOfExecutions=2, time=55, subTask="Activity_1p7rey7", startTime=1150, instance=14]
[ServiceTask, name=Unnamed, id_bpmn=Activity_0oz806n, sodSecurity=True, bodSecurity=False, uocSecurity=False, mth=0, subTask="Activity_03brord, Activity_03d8opo"]
[ExclusiveGateway, name=Unnamed, id_bpmn=Gateway_1s1smiq, subTask="Activity_07uebsf", startTime=1154, instance=17]
[Task, name=Make technical checking, id_bpmn=Activity_07uebsf, userTask=technician2, numberOfExecutions=2, time=47, subTask="Activity_0rhq2zz", startTime=1154, instance=17]
[ExclusiveGateway, name=Unnamed, id_bpmn=Gateway_14xcbek, subTask="Activity_1twduio", startTime=1155, instance=16]
[Task, name=Evaluate project quality, id_bpmn=Activity_1twduio, userTask=evaluator1, numberOfExecutions=1, time=11, subTask="Gateway_1v9au9h", startTime=1157, instance=15]
[ServiceTask, name=Unnamed, id_bpmn=Activity_1fx8kp5, sodSecurity=False, bodSecurity=False, uocSecurity=True, mth=1, subTask="Activity_1twduio"]
[Task, name=Evaluate project quality, id_bpmn=Activity_1twduio, userTask=evaluator4, numberOfExecutions=3, time=94, subTask="Gateway_1v9au9h", startTime=1160, instance=16]
[ServiceTask, name=Unnamed, id_bpmn=Activity_1fx8kp5, sodSecurity=False, bodSecurity=False, uocSecurity=True, mth=1, subTask="Activity_1twduio"]
[Task, name=Make a decision about project, id_bpmn=Activity_0bcw6ho, userTask=technician1, numberOfExecutions=2, time=22, subTask="Gateway_1s1smiq", startTime=1160, instance=18]
[ServiceTask, name=Unnamed, id_bpmn=Activity_0kp0uwb, sodSecurity=False, bodSecurity=False, uocSecurity=True, mth=2, subTask="Activity_0bcw6ho"]
[ParallelGateway, name=Unnamed, id_bpmn=Gateway_0w2b9qv, subTask="Activity_1conkxb", startTime=1162, instance=19]
[ExclusiveGateway, name=Unnamed, id_bpmn=Gateway_1v9au9h, subTask="Activity_03brord", startTime=1168, instance=15]
[Task, name=Evaluate project, id_bpmn=Activity_1conkxb, userTask=evaluator2, numberOfExecutions=2, time=52, subTask="Activity_0bcw6ho", startTime=1168, instance=19]
[ServiceTask, name=Unnamed, id_bpmn=Activity_07z6dxo, sodSecurity=True, bodSecurity=False, uocSecurity=False, mth=0, subTask="Activity_1conkxb, Activity_17ptqba"]
[Task, name=Evaluate refund plan, id_bpmn=Activity_03brord, userTask=ecofinantial1, numberOfExecutions=2, time=32, subTask="Activity_03d8opo", startTime=1168, instance=15]
[EndEvent, name=Unnamed, id_bpmn=Event_1racnnc, subTask="", startTime=1180, instance=12]
[ExclusiveGateway, name=Unnamed, id_bpmn=Gateway_1s1smiq, subTask="Activity_07uebsf", startTime=1182, instance=18]
[Task, name=Make technical checking, id_bpmn=Activity_07uebsf, userTask=technician4, numberOfExecutions=2, time=62, subTask="Activity_0rhq2zz", startTime=1182, instance=18]
[Task, name=Refund, id_bpmn=Activity_1p7rey7, userTask=company4, numberOfExecutions=2, time=53, subTask="Event_1racnnc", startTime=1186, instance=13]
[ServiceTask, name=Unnamed, id_bpmn=Activity_1i1gel3, sodSecurity=False, bodSecurity=True, uocSecurity=False, mth=0, subTask="Activity_1p7rey7, Activity_1u4k5de"]
[ParallelGateway, name=Unnamed, id_bpmn=Gateway_0epbui3, subTask="Activity_1u4k5de, Activity_17ptqba", startTime=1192, instance=20]
[Task, name=Add research groups, id_bpmn=Activity_1u4k5de, userTask=technician3, numberOfExecutions=2, time=39, subTask="Gateway_0w2b9qv", startTime=1192, instance=20]
[Task, name=Add companies, id_bpmn=Activity_17ptqba, userTask=technician1, numberOfExecutions=2, time=37, subTask="Gateway_0w2b9qv", startTime=1192, instance=20]
[Task, name=Decide external auditing, id_bpmn=Activity_03d8opo, userTask=ecofinantial2, numberOfExecutions=2, time=32, subTask="Activity_1p7rey7", startTime=1200, instance=15]
[ServiceTask, name=Unnamed, id_bpmn=Activity_0oz806n, sodSecurity=True, bodSecurity=False, uocSecurity=False, mth=0, subTask="Activity_03brord, Activity_03d8opo"]
[Task, name=Finish the project, id_bpmn=Activity_0rhq2zz, userTask=company2, numberOfExecutions=2, time=50, subTask="Gateway_14xcbek", startTime=1201, instance=17]
[ServiceTask, name=Unnamed, id_bpmn=Activity_1xtsdxu, sodSecurity=False, bodSecurity=True, uocSecurity=False, mth=0, subTask="Activity_0rhq2zz, Activity_1lsjzdf"]
[Task, name=Refund, id_bpmn=Activity_1p7rey7, userTask=company3, numberOfExecutions=2, time=50, subTask="Event_1racnnc", startTime=1205, instance=14]
[ServiceTask, name=Unnamed, id_bpmn=Activity_1i1gel3, sodSecurity=False, bodSecurity=True, uocSecurity=False, mth=0, subTask="Activity_1p7rey7, Activity_1u4k5de"]
[Task, name=Make a decision about project, id_bpmn=Activity_0bcw6ho, userTask=technician2, numberOfExecutions=2, time=29, subTask="Gateway_1s1smiq", startTime=1220, instance=19]
[ServiceTask, name=Unnamed, id_bpmn=Activity_0kp0uwb, sodSecurity=False, bodSecurity=False, uocSecurity=True, mth=2, subTask="Activity_0bcw6ho"]
[ParallelGateway, name=Unnamed, id_bpmn=Gateway_0w2b9qv, subTask="Activity_1conkxb", startTime=1231, instance=20]
[Task, name=Evaluate project, id_bpmn=Activity_1conkxb, userTask=evaluator3, numberOfExecutions=2, time=48, subTask="Activity_0bcw6ho", startTime=1231, instance=20]
[ServiceTask, name=Unnamed, id_bpmn=Activity_07z6dxo, sodSecurity=True, bodSecurity=False, uocSecurity=False, mth=0, subTask="Activity_1conkxb, Activity_17ptqba"]
[Task, name=Refund, id_bpmn=Activity_1p7rey7, userTask=company1, numberOfExecutions=2, time=59, subTask="Event_1racnnc", startTime=1232, instance=15]
[ServiceTask, name=Unnamed, id_bpmn=Activity_1i1gel3, sodSecurity=False, bodSecurity=True, uocSecurity=False, mth=0, subTask="Activity_1p7rey7, Activity_1u4k5de"]
[EndEvent, name=Unnamed, id_bpmn=Event_1racnnc, subTask="", startTime=1239, instance=13]
[Task, name=Finish the project, id_bpmn=Activity_0rhq2zz, userTask=company4, numberOfExecutions=2, time=36, subTask="Gateway_14xcbek", startTime=1244, instance=18]
[ServiceTask, name=Unnamed, id_bpmn=Activity_1xtsdxu, sodSecurity=False, bodSecurity=True, uocSecurity=False, mth=0, subTask="Activity_0rhq2zz, Activity_1lsjzdf"]
[ExclusiveGateway, name=Unnamed, id_bpmn=Gateway_1s1smiq, subTask="Activity_07uebsf", startTime=1249, instance=19]
[Task, name=Make technical checking, id_bpmn=Activity_07uebsf, userTask=technician4, numberOfExecutions=2, time=54, subTask="Activity_0rhq2zz", startTime=1249, instance=19]
[ExclusiveGateway, name=Unnamed, id_bpmn=Gateway_14xcbek, subTask="Activity_1twduio", startTime=1251, instance=17]
[Task, name=Evaluate project quality, id_bpmn=Activity_1twduio, userTask=evaluator1, numberOfExecutions=3, time=82, subTask="Gateway_1v9au9h", startTime=1251, instance=17]
[ServiceTask, name=Unnamed, id_bpmn=Activity_1fx8kp5, sodSecurity=False, bodSecurity=False, uocSecurity=True, mth=1, subTask="Activity_1twduio"]
[ExclusiveGateway, name=Unnamed, id_bpmn=Gateway_1v9au9h, subTask="Activity_03brord", startTime=1254, instance=16]
[Task, name=Evaluate refund plan, id_bpmn=Activity_03brord, userTask=ecofinantial3, numberOfExecutions=2, time=44, subTask="Activity_03d8opo", startTime=1254, instance=16]
[EndEvent, name=Unnamed, id_bpmn=Event_1racnnc, subTask="", startTime=1255, instance=14]
[Task, name=Make a decision about project, id_bpmn=Activity_0bcw6ho, userTask=technician3, numberOfExecutions=2, time=21, subTask="Gateway_1s1smiq", startTime=1279, instance=20]
[ServiceTask, name=Unnamed, id_bpmn=Activity_0kp0uwb, sodSecurity=False, bodSecurity=False, uocSecurity=True, mth=2, subTask="Activity_0bcw6ho"]
[ExclusiveGateway, name=Unnamed, id_bpmn=Gateway_14xcbek, subTask="Activity_1twduio", startTime=1280, instance=18]
[Task, name=Evaluate project quality, id_bpmn=Activity_1twduio, userTask=evaluator2, numberOfExecutions=1, time=9, subTask="Gateway_1v9au9h", startTime=1280, instance=18]
[Task, name=Evaluate project quality, id_bpmn=Activity_1twduio, userTask=evaluator3, numberOfExecutions=1, time=10, subTask="Gateway_1v9au9h", startTime=1289, instance=18]
[EndEvent, name=Unnamed, id_bpmn=Event_1racnnc, subTask="", startTime=1291, instance=15]
[Task, name=Decide external auditing, id_bpmn=Activity_03d8opo, userTask=ecofinantial1, numberOfExecutions=2, time=51, subTask="Activity_1p7rey7", startTime=1298, instance=16]
[ServiceTask, name=Unnamed, id_bpmn=Activity_0oz806n, sodSecurity=True, bodSecurity=False, uocSecurity=False, mth=0, subTask="Activity_03brord, Activity_03d8opo"]
[Task, name=Evaluate project quality, id_bpmn=Activity_1twduio, userTask=evaluator4, numberOfExecutions=1, time=14, subTask="Gateway_1v9au9h", startTime=1299, instance=18]
[ServiceTask, name=Unnamed, id_bpmn=Activity_1fx8kp5, sodSecurity=False, bodSecurity=False, uocSecurity=True, mth=1, subTask="Activity_1twduio"]
[ExclusiveGateway, name=Unnamed, id_bpmn=Gateway_1s1smiq, subTask="Activity_07uebsf", startTime=1300, instance=20]
[Task, name=Make technical checking, id_bpmn=Activity_07uebsf, userTask=technician2, numberOfExecutions=2, time=47, subTask="Activity_0rhq2zz", startTime=1300, instance=20]
[Task, name=Finish the project, id_bpmn=Activity_0rhq2zz, userTask=company1, numberOfExecutions=2, time=48, subTask="Gateway_14xcbek", startTime=1303, instance=19]
[ServiceTask, name=Unnamed, id_bpmn=Activity_1xtsdxu, sodSecurity=False, bodSecurity=True, uocSecurity=False, mth=0, subTask="Activity_0rhq2zz, Activity_1lsjzdf"]
[ExclusiveGateway, name=Unnamed, id_bpmn=Gateway_1v9au9h, subTask="Activity_03brord", startTime=1313, instance=18]
[Task, name=Evaluate refund plan, id_bpmn=Activity_03brord, userTask=ecofinantial3, numberOfExecutions=2, time=52, subTask="Activity_03d8opo", startTime=1313, instance=18]
[ExclusiveGateway, name=Unnamed, id_bpmn=Gateway_1v9au9h, subTask="Activity_03brord", startTime=1333, instance=17]
[Task, name=Evaluate refund plan, id_bpmn=Activity_03brord, userTask=ecofinantial2, numberOfExecutions=2, time=53, subTask="Activity_03d8opo", startTime=1333, instance=17]
[Task, name=Finish the project, id_bpmn=Activity_0rhq2zz, userTask=company3, numberOfExecutions=2, time=40, subTask="Gateway_14xcbek", startTime=1347, instance=20]
[ServiceTask, name=Unnamed, id_bpmn=Activity_1xtsdxu, sodSecurity=False, bodSecurity=True, uocSecurity=False, mth=0, subTask="Activity_0rhq2zz, Activity_1lsjzdf"]
[Task, name=Refund, id_bpmn=Activity_1p7rey7, userTask=company2, numberOfExecutions=2, time=54, subTask="Event_1racnnc", startTime=1349, instance=16]
[ServiceTask, name=Unnamed, id_bpmn=Activity_1i1gel3, sodSecurity=False, bodSecurity=True, uocSecurity=False, mth=0, subTask="Activity_1p7rey7, Activity_1u4k5de"]
[ExclusiveGateway, name=Unnamed, id_bpmn=Gateway_14xcbek, subTask="Activity_1twduio", startTime=1351, instance=19]
[Task, name=Evaluate project quality, id_bpmn=Activity_1twduio, userTask=evaluator2, numberOfExecutions=1, time=10, subTask="Gateway_1v9au9h", startTime=1351, instance=19]
[Task, name=Evaluate project quality, id_bpmn=Activity_1twduio, userTask=evaluator3, numberOfExecutions=1, time=9, subTask="Gateway_1v9au9h", startTime=1361, instance=19]
[Task, name=Decide external auditing, id_bpmn=Activity_03d8opo, userTask=ecofinantial1, numberOfExecutions=2, time=48, subTask="Activity_1p7rey7", startTime=1365, instance=18]
[ServiceTask, name=Unnamed, id_bpmn=Activity_0oz806n, sodSecurity=True, bodSecurity=False, uocSecurity=False, mth=0, subTask="Activity_03brord, Activity_03d8opo"]
[Task, name=Evaluate project quality, id_bpmn=Activity_1twduio, userTask=evaluator1, numberOfExecutions=1, time=11, subTask="Gateway_1v9au9h", startTime=1370, instance=19]
[ServiceTask, name=Unnamed, id_bpmn=Activity_1fx8kp5, sodSecurity=False, bodSecurity=False, uocSecurity=True, mth=1, subTask="Activity_1twduio"]
[ExclusiveGateway, name=Unnamed, id_bpmn=Gateway_1v9au9h, subTask="Activity_03brord", startTime=1381, instance=19]
[Task, name=Evaluate refund plan, id_bpmn=Activity_03brord, userTask=ecofinantial3, numberOfExecutions=2, time=43, subTask="Activity_03d8opo", startTime=1381, instance=19]
[Task, name=Decide external auditing, id_bpmn=Activity_03d8opo, userTask=ecofinantial2, numberOfExecutions=2, time=40, subTask="Activity_1p7rey7", startTime=1386, instance=17]
[ServiceTask, name=Unnamed, id_bpmn=Activity_0oz806n, sodSecurity=True, bodSecurity=False, uocSecurity=False, mth=0, subTask="Activity_03brord, Activity_03d8opo"]
[ExclusiveGateway, name=Unnamed, id_bpmn=Gateway_14xcbek, subTask="Activity_1twduio", startTime=1387, instance=20]
[Task, name=Evaluate project quality, id_bpmn=Activity_1twduio, userTask=evaluator2, numberOfExecutions=1, time=8, subTask="Gateway_1v9au9h", startTime=1387, instance=20]
[Task, name=Evaluate project quality, id_bpmn=Activity_1twduio, userTask=evaluator3, numberOfExecutions=1, time=8, subTask="Gateway_1v9au9h", startTime=1395, instance=20]
[Task, name=Evaluate project quality, id_bpmn=Activity_1twduio, userTask=evaluator1, numberOfExecutions=1, time=9, subTask="Gateway_1v9au9h", startTime=1403, instance=20]
[ServiceTask, name=Unnamed, id_bpmn=Activity_1fx8kp5, sodSecurity=False, bodSecurity=False, uocSecurity=True, mth=1, subTask="Activity_1twduio"]
[EndEvent, name=Unnamed, id_bpmn=Event_1racnnc, subTask="", startTime=1403, instance=16]
[ExclusiveGateway, name=Unnamed, id_bpmn=Gateway_1v9au9h, subTask="Activity_03brord", startTime=1412, instance=20]
[Task, name=Evaluate refund plan, id_bpmn=Activity_03brord, userTask=ecofinantial1, numberOfExecutions=2, time=43, subTask="Activity_03d8opo", startTime=1413, instance=20]
[Task, name=Refund, id_bpmn=Activity_1p7rey7, userTask=company4, numberOfExecutions=2, time=48, subTask="Event_1racnnc", startTime=1413, instance=18]
[ServiceTask, name=Unnamed, id_bpmn=Activity_1i1gel3, sodSecurity=False, bodSecurity=True, uocSecurity=False, mth=0, subTask="Activity_1p7rey7, Activity_1u4k5de"]
[Task, name=Decide external auditing, id_bpmn=Activity_03d8opo, userTask=ecofinantial3, numberOfExecutions=2, time=53, subTask="Activity_1p7rey7", startTime=1424, instance=19]
[ServiceTask, name=Unnamed, id_bpmn=Activity_0oz806n, sodSecurity=True, bodSecurity=False, uocSecurity=False, mth=0, subTask="Activity_03brord, Activity_03d8opo"]
[Task, name=Refund, id_bpmn=Activity_1p7rey7, userTask=company2, numberOfExecutions=2, time=42, subTask="Event_1racnnc", startTime=1426, instance=17]
[ServiceTask, name=Unnamed, id_bpmn=Activity_1i1gel3, sodSecurity=False, bodSecurity=True, uocSecurity=False, mth=0, subTask="Activity_1p7rey7, Activity_1u4k5de"]
[Task, name=Decide external auditing, id_bpmn=Activity_03d8opo, userTask=ecofinantial2, numberOfExecutions=2, time=30, subTask="Activity_1p7rey7", startTime=1456, instance=20]
[ServiceTask, name=Unnamed, id_bpmn=Activity_0oz806n, sodSecurity=True, bodSecurity=False, uocSecurity=False, mth=0, subTask="Activity_03brord, Activity_03d8opo"]
[EndEvent, name=Unnamed, id_bpmn=Event_1racnnc, subTask="", startTime=1461, instance=18]
[EndEvent, name=Unnamed, id_bpmn=Event_1racnnc, subTask="", startTime=1468, instance=17]
[Task, name=Refund, id_bpmn=Activity_1p7rey7, userTask=company3, numberOfExecutions=2, time=40, subTask="Event_1racnnc", startTime=1477, instance=19]
[ServiceTask, name=Unnamed, id_bpmn=Activity_1i1gel3, sodSecurity=False, bodSecurity=True, uocSecurity=False, mth=0, subTask="Activity_1p7rey7, Activity_1u4k5de"]
[Task, name=Refund, id_bpmn=Activity_1p7rey7, userTask=company1, numberOfExecutions=2, time=50, subTask="Event_1racnnc", startTime=1486, instance=20]
[ServiceTask, name=Unnamed, id_bpmn=Activity_1i1gel3, sodSecurity=False, bodSecurity=True, uocSecurity=False, mth=0, subTask="Activity_1p7rey7, Activity_1u4k5de"]
[EndEvent, name=Unnamed, id_bpmn=Event_1racnnc, subTask="", startTime=1517, instance=19]
[EndEvent, name=Unnamed, id_bpmn=Event_1racnnc, subTask="", startTime=1536, instance=20]