[Collaboration, name=Unnamed, id_bpmn=Collaboration_0katfe5, instances=10]
[StartEvent, name=Unnamed, id_bpmn=Event_10piu52, subTask="Activity_1lsjzdf", startTime=0, instance=1]
[Task, name=Fill out project application, id_bpmn=Activity_1lsjzdf, userTask=company1, numberOfExecutions=2, time=55, subTask="Gateway_0epbui3", startTime=0, instance=1]
[ParallelGateway, name=Unnamed, id_bpmn=Gateway_0epbui3, subTask="Activity_1u4k5de, Activity_17ptqba", startTime=55, instance=1]
[Task, name=Add research groups, id_bpmn=Activity_1u4k5de, userTask=technician1, numberOfExecutions=2, time=53, subTask="Gateway_0w2b9qv", startTime=55, instance=1]
[Task, name=Add companies, id_bpmn=Activity_17ptqba, userTask=technician2, numberOfExecutions=2, time=58, subTask="Gateway_0w2b9qv", startTime=55, instance=1]
[StartEvent, name=Unnamed, id_bpmn=Event_10piu52, subTask="Activity_1lsjzdf", startTime=60, instance=2]
[Task, name=Fill out project application, id_bpmn=Activity_1lsjzdf, userTask=company2, numberOfExecutions=2, time=41, subTask="Gateway_0epbui3", startTime=60, instance=2]
[ParallelGateway, name=Unnamed, id_bpmn=Gateway_0epbui3, subTask="Activity_1u4k5de, Activity_17ptqba", startTime=101, instance=2]
[Task, name=Add research groups, id_bpmn=Activity_1u4k5de, userTask=allLane2, numberOfExecutions=2, time=57, subTask="Gateway_0w2b9qv", startTime=101, instance=2]
[Task, name=Add companies, id_bpmn=Activity_17ptqba, userTask=allLane1, numberOfExecutions=2, time=57, subTask="Gateway_0w2b9qv", startTime=101, instance=2]
[ParallelGateway, name=Unnamed, id_bpmn=Gateway_0w2b9qv, subTask="Activity_1conkxb", startTime=113, instance=1]
[Task, name=Evaluate project, id_bpmn=Activity_1conkxb, userTask=evaluator2, numberOfExecutions=2, time=54, subTask="Activity_0bcw6ho", startTime=113, instance=1]
[ServiceTask, name=Unnamed, id_bpmn=Activity_0xf32a2, sodSecurity=True, bodSecurity=False, uocSecurity=False, mth=0, subTask="Activity_17ptqba, Activity_1conkxb"]
[StartEvent, name=Unnamed, id_bpmn=Event_10piu52, subTask="Activity_1lsjzdf", startTime=120, instance=3]
[Task, name=Fill out project application, id_bpmn=Activity_1lsjzdf, userTask=company1, numberOfExecutions=2, time=58, subTask="Gateway_0epbui3", startTime=120, instance=3]
[ParallelGateway, name=Unnamed, id_bpmn=Gateway_0w2b9qv, subTask="Activity_1conkxb", startTime=158, instance=2]
[Task, name=Evaluate project, id_bpmn=Activity_1conkxb, userTask=evaluator1, numberOfExecutions=2, time=58, subTask="Activity_0bcw6ho", startTime=158, instance=2]
[ServiceTask, name=Unnamed, id_bpmn=Activity_0xf32a2, sodSecurity=True, bodSecurity=False, uocSecurity=False, mth=0, subTask="Activity_17ptqba, Activity_1conkxb"]
[Task, name=Make a decision about project, id_bpmn=Activity_0bcw6ho, userTask=technician1, numberOfExecutions=2, time=30, subTask="Gateway_1s1smiq", startTime=167, instance=1]
[ParallelGateway, name=Unnamed, id_bpmn=Gateway_0epbui3, subTask="Activity_1u4k5de, Activity_17ptqba", startTime=178, instance=3]
[Task, name=Add research groups, id_bpmn=Activity_1u4k5de, userTask=allLane2, numberOfExecutions=2, time=53, subTask="Gateway_0w2b9qv", startTime=178, instance=3]
[Task, name=Add companies, id_bpmn=Activity_17ptqba, userTask=allLane1, numberOfExecutions=2, time=54, subTask="Gateway_0w2b9qv", startTime=178, instance=3]
[StartEvent, name=Unnamed, id_bpmn=Event_10piu52, subTask="Activity_1lsjzdf", startTime=180, instance=4]
[Task, name=Fill out project application, id_bpmn=Activity_1lsjzdf, userTask=company2, numberOfExecutions=2, time=70, subTask="Gateway_0epbui3", startTime=180, instance=4]
[Task, name=Make a decision about project, id_bpmn=Activity_0bcw6ho, userTask=technician2, numberOfExecutions=1, time=13, subTask="Gateway_1s1smiq", startTime=197, instance=1]
[ServiceTask, name=Unnamed, id_bpmn=Activity_1pfd2dv, sodSecurity=False, bodSecurity=False, uocSecurity=True, mth=2, subTask="Activity_0bcw6ho"]
[ExclusiveGateway, name=Unnamed, id_bpmn=Gateway_1s1smiq, subTask="Activity_07uebsf", startTime=210, instance=1]
[Task, name=Make technical checking, id_bpmn=Activity_07uebsf, userTask=technician1, numberOfExecutions=2, time=63, subTask="Activity_0rhq2zz", startTime=210, instance=1]
[Task, name=Make a decision about project, id_bpmn=Activity_0bcw6ho, userTask=technician2, numberOfExecutions=3, time=94, subTask="Gateway_1s1smiq", startTime=216, instance=2]
[ServiceTask, name=Unnamed, id_bpmn=Activity_1pfd2dv, sodSecurity=False, bodSecurity=False, uocSecurity=True, mth=2, subTask="Activity_0bcw6ho"]
[ParallelGateway, name=Unnamed, id_bpmn=Gateway_0w2b9qv, subTask="Activity_1conkxb", startTime=232, instance=3]
[Task, name=Evaluate project, id_bpmn=Activity_1conkxb, userTask=evaluator2, numberOfExecutions=2, time=68, subTask="Activity_0bcw6ho", startTime=232, instance=3]
[ServiceTask, name=Unnamed, id_bpmn=Activity_0xf32a2, sodSecurity=True, bodSecurity=False, uocSecurity=False, mth=0, subTask="Activity_17ptqba, Activity_1conkxb"]
[StartEvent, name=Unnamed, id_bpmn=Event_10piu52, subTask="Activity_1lsjzdf", startTime=240, instance=5]
[Task, name=Fill out project application, id_bpmn=Activity_1lsjzdf, userTask=company1, numberOfExecutions=2, time=49, subTask="Gateway_0epbui3", startTime=240, instance=5]
[ParallelGateway, name=Unnamed, id_bpmn=Gateway_0epbui3, subTask="Activity_1u4k5de, Activity_17ptqba", startTime=250, instance=4]
[Task, name=Add research groups, id_bpmn=Activity_1u4k5de, userTask=allLane2, numberOfExecutions=2, time=55, subTask="Gateway_0w2b9qv", startTime=250, instance=4]
[Task, name=Add companies, id_bpmn=Activity_17ptqba, userTask=allLane1, numberOfExecutions=2, time=47, subTask="Gateway_0w2b9qv", startTime=250, instance=4]
[Task, name=Finish the project, id_bpmn=Activity_0rhq2zz, userTask=company2, numberOfExecutions=2, time=63, subTask="Gateway_14xcbek", startTime=273, instance=1]
[ServiceTask, name=Unnamed, id_bpmn=Activity_1xtsdxu, sodSecurity=False, bodSecurity=True, uocSecurity=False, mth=0, subTask="Activity_0rhq2zz, Activity_1lsjzdf"]
[ParallelGateway, name=Unnamed, id_bpmn=Gateway_0epbui3, subTask="Activity_1u4k5de, Activity_17ptqba", startTime=289, instance=5]
[Task, name=Add research groups, id_bpmn=Activity_1u4k5de, userTask=technician1, numberOfExecutions=2, time=67, subTask="Gateway_0w2b9qv", startTime=289, instance=5]
[Task, name=Add companies, id_bpmn=Activity_17ptqba, userTask=allLane1, numberOfExecutions=2, time=48, subTask="Gateway_0w2b9qv", startTime=297, instance=5]
[StartEvent, name=Unnamed, id_bpmn=Event_10piu52, subTask="Activity_1lsjzdf", startTime=300, instance=6]
[Task, name=Fill out project application, id_bpmn=Activity_1lsjzdf, userTask=company1, numberOfExecutions=2, time=46, subTask="Gateway_0epbui3", startTime=300, instance=6]
[ParallelGateway, name=Unnamed, id_bpmn=Gateway_0w2b9qv, subTask="Activity_1conkxb", startTime=305, instance=4]
[Task, name=Make a decision about project, id_bpmn=Activity_0bcw6ho, userTask=allLane2, numberOfExecutions=3, time=88, subTask="Gateway_1s1smiq", startTime=305, instance=3]
[ServiceTask, name=Unnamed, id_bpmn=Activity_1pfd2dv, sodSecurity=False, bodSecurity=False, uocSecurity=True, mth=2, subTask="Activity_0bcw6ho"]
[Task, name=Evaluate project, id_bpmn=Activity_1conkxb, userTask=evaluator1, numberOfExecutions=2, time=65, subTask="Activity_0bcw6ho", startTime=305, instance=4]
[ServiceTask, name=Unnamed, id_bpmn=Activity_0xf32a2, sodSecurity=True, bodSecurity=False, uocSecurity=False, mth=0, subTask="Activity_17ptqba, Activity_1conkxb"]
[ExclusiveGateway, name=Unnamed, id_bpmn=Gateway_1s1smiq, subTask="Activity_07uebsf", startTime=310, instance=2]
[Task, name=Make technical checking, id_bpmn=Activity_07uebsf, userTask=technician2, numberOfExecutions=2, time=64, subTask="Activity_0rhq2zz", startTime=310, instance=2]
[ExclusiveGateway, name=Unnamed, id_bpmn=Gateway_14xcbek, subTask="Activity_1twduio", startTime=336, instance=1]
[Task, name=Evaluate project quality, id_bpmn=Activity_1twduio, userTask=evaluator2, numberOfExecutions=3, time=97, subTask="Gateway_1v9au9h", startTime=336, instance=1]
[ServiceTask, name=Unnamed, id_bpmn=Activity_1fx8kp5, sodSecurity=False, bodSecurity=False, uocSecurity=True, mth=1, subTask="Activity_1twduio"]
[ParallelGateway, name=Unnamed, id_bpmn=Gateway_0epbui3, subTask="Activity_1u4k5de, Activity_17ptqba", startTime=346, instance=6]
[Task, name=Add research groups, id_bpmn=Activity_1u4k5de, userTask=allLane1, numberOfExecutions=2, time=57, subTask="Gateway_0w2b9qv", startTime=346, instance=6]
[ParallelGateway, name=Unnamed, id_bpmn=Gateway_0w2b9qv, subTask="Activity_1conkxb", startTime=356, instance=5]
[Task, name=Add companies, id_bpmn=Activity_17ptqba, userTask=technician1, numberOfExecutions=2, time=67, subTask="Gateway_0w2b9qv", startTime=356, instance=6]
[StartEvent, name=Unnamed, id_bpmn=Event_10piu52, subTask="Activity_1lsjzdf", startTime=360, instance=7]
[Task, name=Fill out project application, id_bpmn=Activity_1lsjzdf, userTask=company2, numberOfExecutions=2, time=62, subTask="Gateway_0epbui3", startTime=360, instance=7]
[Task, name=Evaluate project, id_bpmn=Activity_1conkxb, userTask=evaluator1, numberOfExecutions=2, time=45, subTask="Activity_0bcw6ho", startTime=370, instance=5]
[ServiceTask, name=Unnamed, id_bpmn=Activity_0xf32a2, sodSecurity=True, bodSecurity=False, uocSecurity=False, mth=0, subTask="Activity_17ptqba, Activity_1conkxb"]
[Task, name=Make a decision about project, id_bpmn=Activity_0bcw6ho, userTask=technician2, numberOfExecutions=3, time=98, subTask="Gateway_1s1smiq", startTime=374, instance=4]
[ServiceTask, name=Unnamed, id_bpmn=Activity_1pfd2dv, sodSecurity=False, bodSecurity=False, uocSecurity=True, mth=2, subTask="Activity_0bcw6ho"]
[Task, name=Finish the project, id_bpmn=Activity_0rhq2zz, userTask=company1, numberOfExecutions=2, time=65, subTask="Gateway_14xcbek", startTime=374, instance=2]
[ServiceTask, name=Unnamed, id_bpmn=Activity_1xtsdxu, sodSecurity=False, bodSecurity=True, uocSecurity=False, mth=0, subTask="Activity_0rhq2zz, Activity_1lsjzdf"]
[ExclusiveGateway, name=Unnamed, id_bpmn=Gateway_1s1smiq, subTask="Activity_07uebsf", startTime=393, instance=3]
[Task, name=Make technical checking, id_bpmn=Activity_07uebsf, userTask=allLane2, numberOfExecutions=2, time=65, subTask="Activity_0rhq2zz", startTime=393, instance=3]
[Task, name=Make a decision about project, id_bpmn=Activity_0bcw6ho, userTask=allLane1, numberOfExecutions=3, time=109, subTask="Gateway_1s1smiq", startTime=415, instance=5]
[ServiceTask, name=Unnamed, id_bpmn=Activity_1pfd2dv, sodSecurity=False, bodSecurity=False, uocSecurity=True, mth=2, subTask="Activity_0bcw6ho"]
[StartEvent, name=Unnamed, id_bpmn=Event_10piu52, subTask="Activity_1lsjzdf", startTime=420, instance=8]
[ParallelGateway, name=Unnamed, id_bpmn=Gateway_0epbui3, subTask="Activity_1u4k5de, Activity_17ptqba", startTime=422, instance=7]
[Task, name=Fill out project application, id_bpmn=Activity_1lsjzdf, userTask=company2, numberOfExecutions=2, time=47, subTask="Gateway_0epbui3", startTime=422, instance=8]
[ParallelGateway, name=Unnamed, id_bpmn=Gateway_0w2b9qv, subTask="Activity_1conkxb", startTime=423, instance=6]
[Task, name=Add research groups, id_bpmn=Activity_1u4k5de, userTask=technician1, numberOfExecutions=2, time=51, subTask="Gateway_0w2b9qv", startTime=423, instance=7]
[Task, name=Evaluate project, id_bpmn=Activity_1conkxb, userTask=evaluator1, numberOfExecutions=2, time=53, subTask="Activity_0bcw6ho", startTime=423, instance=6]
[ServiceTask, name=Unnamed, id_bpmn=Activity_0xf32a2, sodSecurity=True, bodSecurity=False, uocSecurity=False, mth=0, subTask="Activity_17ptqba, Activity_1conkxb"]
[ExclusiveGateway, name=Unnamed, id_bpmn=Gateway_1v9au9h, subTask="Activity_03brord", startTime=433, instance=1]
[Task, name=Evaluate refund plan, id_bpmn=Activity_03brord, userTask=ecofinantial2, numberOfExecutions=2, time=74, subTask="Activity_03d8opo", startTime=433, instance=1]
[ExclusiveGateway, name=Unnamed, id_bpmn=Gateway_14xcbek, subTask="Activity_1twduio", startTime=439, instance=2]
[Task, name=Evaluate project quality, id_bpmn=Activity_1twduio, userTask=evaluator2, numberOfExecutions=3, time=87, subTask="Gateway_1v9au9h", startTime=439, instance=2]
[ServiceTask, name=Unnamed, id_bpmn=Activity_1fx8kp5, sodSecurity=False, bodSecurity=False, uocSecurity=True, mth=1, subTask="Activity_1twduio"]
[Task, name=Add companies, id_bpmn=Activity_17ptqba, userTask=allLane2, numberOfExecutions=2, time=61, subTask="Gateway_0w2b9qv", startTime=458, instance=7]
[Task, name=Finish the project, id_bpmn=Activity_0rhq2zz, userTask=company1, numberOfExecutions=2, time=51, subTask="Gateway_14xcbek", startTime=458, instance=3]
[ServiceTask, name=Unnamed, id_bpmn=Activity_1xtsdxu, sodSecurity=False, bodSecurity=True, uocSecurity=False, mth=0, subTask="Activity_0rhq2zz, Activity_1lsjzdf"]
[ParallelGateway, name=Unnamed, id_bpmn=Gateway_0epbui3, subTask="Activity_1u4k5de, Activity_17ptqba", startTime=469, instance=8]
[ExclusiveGateway, name=Unnamed, id_bpmn=Gateway_1s1smiq, subTask="Activity_07uebsf", startTime=472, instance=4]
[Task, name=Add research groups, id_bpmn=Activity_1u4k5de, userTask=technician2, numberOfExecutions=2, time=67, subTask="Gateway_0w2b9qv", startTime=472, instance=8]
[Task, name=Add companies, id_bpmn=Activity_17ptqba, userTask=technician1, numberOfExecutions=2, time=55, subTask="Gateway_0w2b9qv", startTime=474, instance=8]
[StartEvent, name=Unnamed, id_bpmn=Event_10piu52, subTask="Activity_1lsjzdf", startTime=480, instance=9]
[Task, name=Fill out project application, id_bpmn=Activity_1lsjzdf, userTask=company2, numberOfExecutions=2, time=50, subTask="Gateway_0epbui3", startTime=480, instance=9]
[Task, name=Decide external auditing, id_bpmn=Activity_03d8opo, userTask=ecofinantial1, numberOfExecutions=2, time=59, subTask="Activity_1p7rey7", startTime=507, instance=1]
[ServiceTask, name=Unnamed, id_bpmn=Activity_0oz806n, sodSecurity=True, bodSecurity=False, uocSecurity=False, mth=0, subTask="Activity_03brord, Activity_03d8opo"]
[ExclusiveGateway, name=Unnamed, id_bpmn=Gateway_14xcbek, subTask="Activity_1twduio", startTime=509, instance=3]
[Task, name=Evaluate project quality, id_bpmn=Activity_1twduio, userTask=evaluator1, numberOfExecutions=3, time=93, subTask="Gateway_1v9au9h", startTime=509, instance=3]
[ServiceTask, name=Unnamed, id_bpmn=Activity_1fx8kp5, sodSecurity=False, bodSecurity=False, uocSecurity=True, mth=1, subTask="Activity_1twduio"]
[ParallelGateway, name=Unnamed, id_bpmn=Gateway_0w2b9qv, subTask="Activity_1conkxb", startTime=519, instance=7]
[Task, name=Make technical checking, id_bpmn=Activity_07uebsf, userTask=allLane2, numberOfExecutions=2, time=54, subTask="Activity_0rhq2zz", startTime=519, instance=4]
[ExclusiveGateway, name=Unnamed, id_bpmn=Gateway_1s1smiq, subTask="Activity_07uebsf", startTime=524, instance=5]
[Task, name=Make a decision about project, id_bpmn=Activity_0bcw6ho, userTask=allLane1, numberOfExecutions=3, time=96, subTask="Gateway_1s1smiq", startTime=524, instance=6]
[ServiceTask, name=Unnamed, id_bpmn=Activity_1pfd2dv, sodSecurity=False, bodSecurity=False, uocSecurity=True, mth=2, subTask="Activity_0bcw6ho"]
[ExclusiveGateway, name=Unnamed, id_bpmn=Gateway_1v9au9h, subTask="Activity_03brord", startTime=526, instance=2]
[Task, name=Evaluate project, id_bpmn=Activity_1conkxb, userTask=evaluator2, numberOfExecutions=2, time=41, subTask="Activity_0bcw6ho", startTime=526, instance=7]
[ServiceTask, name=Unnamed, id_bpmn=Activity_0xf32a2, sodSecurity=True, bodSecurity=False, uocSecurity=False, mth=0, subTask="Activity_17ptqba, Activity_1conkxb"]
[Task, name=Evaluate refund plan, id_bpmn=Activity_03brord, userTask=ecofinantial2, numberOfExecutions=2, time=57, subTask="Activity_03d8opo", startTime=526, instance=2]
[Task, name=Make technical checking, id_bpmn=Activity_07uebsf, userTask=technician1, numberOfExecutions=2, time=56, subTask="Activity_0rhq2zz", startTime=529, instance=5]
[ParallelGateway, name=Unnamed, id_bpmn=Gateway_0epbui3, subTask="Activity_1u4k5de, Activity_17ptqba", startTime=530, instance=9]
[ParallelGateway, name=Unnamed, id_bpmn=Gateway_0w2b9qv, subTask="Activity_1conkxb", startTime=539, instance=8]
[Task, name=Add research groups, id_bpmn=Activity_1u4k5de, userTask=technician2, numberOfExecutions=2, time=62, subTask="Gateway_0w2b9qv", startTime=539, instance=9]
[StartEvent, name=Unnamed, id_bpmn=Event_10piu52, subTask="Activity_1lsjzdf", startTime=540, instance=10]
[Task, name=Fill out project application, id_bpmn=Activity_1lsjzdf, userTask=company1, numberOfExecutions=2, time=41, subTask="Gateway_0epbui3", startTime=540, instance=10]
[Task, name=Refund, id_bpmn=Activity_1p7rey7, userTask=company2, numberOfExecutions=2, time=58, subTask="Event_1racnnc", startTime=566, instance=1]
[ServiceTask, name=Unnamed, id_bpmn=Activity_0xcfjgn, sodSecurity=False, bodSecurity=True, uocSecurity=False, mth=0, subTask="Activity_1p7rey7, Activity_1u4k5de"]
[Task, name=Evaluate project, id_bpmn=Activity_1conkxb, userTask=evaluator2, numberOfExecutions=2, time=52, subTask="Activity_0bcw6ho", startTime=567, instance=8]
[ServiceTask, name=Unnamed, id_bpmn=Activity_0xf32a2, sodSecurity=True, bodSecurity=False, uocSecurity=False, mth=0, subTask="Activity_17ptqba, Activity_1conkxb"]
[Task, name=Add companies, id_bpmn=Activity_17ptqba, userTask=allLane2, numberOfExecutions=2, time=70, subTask="Gateway_0w2b9qv", startTime=573, instance=9]
[ParallelGateway, name=Unnamed, id_bpmn=Gateway_0epbui3, subTask="Activity_1u4k5de, Activity_17ptqba", startTime=581, instance=10]
[Task, name=Finish the project, id_bpmn=Activity_0rhq2zz, userTask=company1, numberOfExecutions=2, time=56, subTask="Gateway_14xcbek", startTime=581, instance=4]
[ServiceTask, name=Unnamed, id_bpmn=Activity_1xtsdxu, sodSecurity=False, bodSecurity=True, uocSecurity=False, mth=0, subTask="Activity_0rhq2zz, Activity_1lsjzdf"]
[Task, name=Decide external auditing, id_bpmn=Activity_03d8opo, userTask=ecofinantial1, numberOfExecutions=2, time=57, subTask="Activity_1p7rey7", startTime=583, instance=2]
[ServiceTask, name=Unnamed, id_bpmn=Activity_0oz806n, sodSecurity=True, bodSecurity=False, uocSecurity=False, mth=0, subTask="Activity_03brord, Activity_03d8opo"]
[Task, name=Make a decision about project, id_bpmn=Activity_0bcw6ho, userTask=technician1, numberOfExecutions=3, time=99, subTask="Gateway_1s1smiq", startTime=585, instance=7]
[ServiceTask, name=Unnamed, id_bpmn=Activity_1pfd2dv, sodSecurity=False, bodSecurity=False, uocSecurity=True, mth=2, subTask="Activity_0bcw6ho"]
[Task, name=Add research groups, id_bpmn=Activity_1u4k5de, userTask=technician2, numberOfExecutions=2, time=54, subTask="Gateway_0w2b9qv", startTime=601, instance=10]
[ExclusiveGateway, name=Unnamed, id_bpmn=Gateway_1v9au9h, subTask="Activity_03brord", startTime=602, instance=3]
[Task, name=Evaluate refund plan, id_bpmn=Activity_03brord, userTask=ecofinantial2, numberOfExecutions=2, time=38, subTask="Activity_03d8opo", startTime=602, instance=3]
[ExclusiveGateway, name=Unnamed, id_bpmn=Gateway_1s1smiq, subTask="Activity_07uebsf", startTime=620, instance=6]
[Task, name=Add companies, id_bpmn=Activity_17ptqba, userTask=allLane1, numberOfExecutions=2, time=39, subTask="Gateway_0w2b9qv", startTime=620, instance=10]
[EndEvent, name=Unnamed, id_bpmn=Event_1racnnc, subTask="", startTime=624, instance=1]
[Task, name=Finish the project, id_bpmn=Activity_0rhq2zz, userTask=company2, numberOfExecutions=2, time=46, subTask="Gateway_14xcbek", startTime=624, instance=5]
[ServiceTask, name=Unnamed, id_bpmn=Activity_1xtsdxu, sodSecurity=False, bodSecurity=True, uocSecurity=False, mth=0, subTask="Activity_0rhq2zz, Activity_1lsjzdf"]
[ExclusiveGateway, name=Unnamed, id_bpmn=Gateway_14xcbek, subTask="Activity_1twduio", startTime=637, instance=4]
[Task, name=Evaluate project quality, id_bpmn=Activity_1twduio, userTask=evaluator1, numberOfExecutions=3, time=96, subTask="Gateway_1v9au9h", startTime=637, instance=4]
[ServiceTask, name=Unnamed, id_bpmn=Activity_1fx8kp5, sodSecurity=False, bodSecurity=False, uocSecurity=True, mth=1, subTask="Activity_1twduio"]
[Task, name=Refund, id_bpmn=Activity_1p7rey7, userTask=company1, numberOfExecutions=2, time=75, subTask="Event_1racnnc", startTime=640, instance=2]
[ServiceTask, name=Unnamed, id_bpmn=Activity_0xcfjgn, sodSecurity=False, bodSecurity=True, uocSecurity=False, mth=0, subTask="Activity_1p7rey7, Activity_1u4k5de"]
[Task, name=Decide external auditing, id_bpmn=Activity_03d8opo, userTask=ecofinantial1, numberOfExecutions=2, time=54, subTask="Activity_1p7rey7", startTime=640, instance=3]
[ServiceTask, name=Unnamed, id_bpmn=Activity_0oz806n, sodSecurity=True, bodSecurity=False, uocSecurity=False, mth=0, subTask="Activity_03brord, Activity_03d8opo"]
[ParallelGateway, name=Unnamed, id_bpmn=Gateway_0w2b9qv, subTask="Activity_1conkxb", startTime=643, instance=9]
[Task, name=Make a decision about project, id_bpmn=Activity_0bcw6ho, userTask=allLane2, numberOfExecutions=3, time=87, subTask="Gateway_1s1smiq", startTime=643, instance=8]
[ServiceTask, name=Unnamed, id_bpmn=Activity_1pfd2dv, sodSecurity=False, bodSecurity=False, uocSecurity=True, mth=2, subTask="Activity_0bcw6ho"]
[Task, name=Evaluate project, id_bpmn=Activity_1conkxb, userTask=evaluator2, numberOfExecutions=2, time=45, subTask="Activity_0bcw6ho", startTime=643, instance=9]
[ServiceTask, name=Unnamed, id_bpmn=Activity_0xf32a2, sodSecurity=True, bodSecurity=False, uocSecurity=False, mth=0, subTask="Activity_17ptqba, Activity_1conkxb"]
[Task, name=Make technical checking, id_bpmn=Activity_07uebsf, userTask=technician2, numberOfExecutions=2, time=58, subTask="Activity_0rhq2zz", startTime=655, instance=6]
[ParallelGateway, name=Unnamed, id_bpmn=Gateway_0w2b9qv, subTask="Activity_1conkxb", startTime=659, instance=10]
[Task, name=Evaluate project, id_bpmn=Activity_1conkxb, userTask=allLane1, numberOfExecutions=2, time=73, subTask="Activity_0bcw6ho", startTime=659, instance=10]
[ServiceTask, name=Unnamed, id_bpmn=Activity_0xf32a2, sodSecurity=True, bodSecurity=False, uocSecurity=False, mth=0, subTask="Activity_17ptqba, Activity_1conkxb"]
[ExclusiveGateway, name=Unnamed, id_bpmn=Gateway_14xcbek, subTask="Activity_1twduio", startTime=670, instance=5]
[ExclusiveGateway, name=Unnamed, id_bpmn=Gateway_1s1smiq, subTask="Activity_07uebsf", startTime=684, instance=7]
[Task, name=Make technical checking, id_bpmn=Activity_07uebsf, userTask=technician1, numberOfExecutions=2, time=51, subTask="Activity_0rhq2zz", startTime=684, instance=7]
[Task, name=Evaluate project quality, id_bpmn=Activity_1twduio, userTask=evaluator2, numberOfExecutions=3, time=80, subTask="Gateway_1v9au9h", startTime=688, instance=5]
[ServiceTask, name=Unnamed, id_bpmn=Activity_1fx8kp5, sodSecurity=False, bodSecurity=False, uocSecurity=True, mth=1, subTask="Activity_1twduio"]
[Task, name=Refund, id_bpmn=Activity_1p7rey7, userTask=company2, numberOfExecutions=2, time=38, subTask="Event_1racnnc", startTime=694, instance=3]
[ServiceTask, name=Unnamed, id_bpmn=Activity_0xcfjgn, sodSecurity=False, bodSecurity=True, uocSecurity=False, mth=0, subTask="Activity_1p7rey7, Activity_1u4k5de"]
[Task, name=Make a decision about project, id_bpmn=Activity_0bcw6ho, userTask=technician2, numberOfExecutions=3, time=79, subTask="Gateway_1s1smiq", startTime=713, instance=9]
[ServiceTask, name=Unnamed, id_bpmn=Activity_1pfd2dv, sodSecurity=False, bodSecurity=False, uocSecurity=True, mth=2, subTask="Activity_0bcw6ho"]
[EndEvent, name=Unnamed, id_bpmn=Event_1racnnc, subTask="", startTime=715, instance=2]
[Task, name=Finish the project, id_bpmn=Activity_0rhq2zz, userTask=company1, numberOfExecutions=2, time=49, subTask="Gateway_14xcbek", startTime=715, instance=6]
[ServiceTask, name=Unnamed, id_bpmn=Activity_1xtsdxu, sodSecurity=False, bodSecurity=True, uocSecurity=False, mth=0, subTask="Activity_0rhq2zz, Activity_1lsjzdf"]
[ExclusiveGateway, name=Unnamed, id_bpmn=Gateway_1s1smiq, subTask="Activity_07uebsf", startTime=730, instance=8]
[Task, name=Make technical checking, id_bpmn=Activity_07uebsf, userTask=allLane2, numberOfExecutions=2, time=47, subTask="Activity_0rhq2zz", startTime=730, instance=8]
[EndEvent, name=Unnamed, id_bpmn=Event_1racnnc, subTask="", startTime=732, instance=3]
[Task, name=Make a decision about project, id_bpmn=Activity_0bcw6ho, userTask=allLane1, numberOfExecutions=3, time=84, subTask="Gateway_1s1smiq", startTime=732, instance=10]
[ServiceTask, name=Unnamed, id_bpmn=Activity_1pfd2dv, sodSecurity=False, bodSecurity=False, uocSecurity=True, mth=2, subTask="Activity_0bcw6ho"]
[ExclusiveGateway, name=Unnamed, id_bpmn=Gateway_1v9au9h, subTask="Activity_03brord", startTime=733, instance=4]
[Task, name=Evaluate refund plan, id_bpmn=Activity_03brord, userTask=ecofinantial2, numberOfExecutions=2, time=54, subTask="Activity_03d8opo", startTime=733, instance=4]
[Task, name=Finish the project, id_bpmn=Activity_0rhq2zz, userTask=company2, numberOfExecutions=2, time=59, subTask="Gateway_14xcbek", startTime=735, instance=7]
[ServiceTask, name=Unnamed, id_bpmn=Activity_1xtsdxu, sodSecurity=False, bodSecurity=True, uocSecurity=False, mth=0, subTask="Activity_0rhq2zz, Activity_1lsjzdf"]
[ExclusiveGateway, name=Unnamed, id_bpmn=Gateway_14xcbek, subTask="Activity_1twduio", startTime=764, instance=6]
[Task, name=Evaluate project quality, id_bpmn=Activity_1twduio, userTask=evaluator1, numberOfExecutions=3, time=69, subTask="Gateway_1v9au9h", startTime=764, instance=6]
[ServiceTask, name=Unnamed, id_bpmn=Activity_1fx8kp5, sodSecurity=False, bodSecurity=False, uocSecurity=True, mth=1, subTask="Activity_1twduio"]
[ExclusiveGateway, name=Unnamed, id_bpmn=Gateway_1v9au9h, subTask="Activity_03brord", startTime=768, instance=5]
[Task, name=Evaluate refund plan, id_bpmn=Activity_03brord, userTask=ecofinantial1, numberOfExecutions=2, time=55, subTask="Activity_03d8opo", startTime=768, instance=5]
[Task, name=Finish the project, id_bpmn=Activity_0rhq2zz, userTask=company1, numberOfExecutions=2, time=47, subTask="Gateway_14xcbek", startTime=777, instance=8]
[ServiceTask, name=Unnamed, id_bpmn=Activity_1xtsdxu, sodSecurity=False, bodSecurity=True, uocSecurity=False, mth=0, subTask="Activity_0rhq2zz, Activity_1lsjzdf"]
[Task, name=Decide external auditing, id_bpmn=Activity_03d8opo, userTask=allLane2, numberOfExecutions=2, time=59, subTask="Activity_1p7rey7", startTime=787, instance=4]
[ServiceTask, name=Unnamed, id_bpmn=Activity_0oz806n, sodSecurity=True, bodSecurity=False, uocSecurity=False, mth=0, subTask="Activity_03brord, Activity_03d8opo"]
[ExclusiveGateway, name=Unnamed, id_bpmn=Gateway_1s1smiq, subTask="Activity_07uebsf", startTime=792, instance=9]
[Task, name=Make technical checking, id_bpmn=Activity_07uebsf, userTask=technician1, numberOfExecutions=2, time=50, subTask="Activity_0rhq2zz", startTime=792, instance=9]
[ExclusiveGateway, name=Unnamed, id_bpmn=Gateway_14xcbek, subTask="Activity_1twduio", startTime=794, instance=7]
[Task, name=Evaluate project quality, id_bpmn=Activity_1twduio, userTask=evaluator2, numberOfExecutions=3, time=67, subTask="Gateway_1v9au9h", startTime=794, instance=7]
[ServiceTask, name=Unnamed, id_bpmn=Activity_1fx8kp5, sodSecurity=False, bodSecurity=False, uocSecurity=True, mth=1, subTask="Activity_1twduio"]
[ExclusiveGateway, name=Unnamed, id_bpmn=Gateway_1s1smiq, subTask="Activity_07uebsf", startTime=816, instance=10]
[Task, name=Make technical checking, id_bpmn=Activity_07uebsf, userTask=technician2, numberOfExecutions=2, time=61, subTask="Activity_0rhq2zz", startTime=816, instance=10]
[Task, name=Decide external auditing, id_bpmn=Activity_03d8opo, userTask=ecofinantial2, numberOfExecutions=2, time=64, subTask="Activity_1p7rey7", startTime=823, instance=5]
[ServiceTask, name=Unnamed, id_bpmn=Activity_0oz806n, sodSecurity=True, bodSecurity=False, uocSecurity=False, mth=0, subTask="Activity_03brord, Activity_03d8opo"]
[ExclusiveGateway, name=Unnamed, id_bpmn=Gateway_14xcbek, subTask="Activity_1twduio", startTime=824, instance=8]
[Task, name=Evaluate project quality, id_bpmn=Activity_1twduio, userTask=allLane1, numberOfExecutions=3, time=98, subTask="Gateway_1v9au9h", startTime=824, instance=8]
[ServiceTask, name=Unnamed, id_bpmn=Activity_1fx8kp5, sodSecurity=False, bodSecurity=False, uocSecurity=True, mth=1, subTask="Activity_1twduio"]
[ExclusiveGateway, name=Unnamed, id_bpmn=Gateway_1v9au9h, subTask="Activity_03brord", startTime=833, instance=6]
[Task, name=Evaluate refund plan, id_bpmn=Activity_03brord, userTask=ecofinantial1, numberOfExecutions=2, time=59, subTask="Activity_03d8opo", startTime=833, instance=6]
[Task, name=Finish the project, id_bpmn=Activity_0rhq2zz, userTask=company2, numberOfExecutions=2, time=59, subTask="Gateway_14xcbek", startTime=842, instance=9]
[ServiceTask, name=Unnamed, id_bpmn=Activity_1xtsdxu, sodSecurity=False, bodSecurity=True, uocSecurity=False, mth=0, subTask="Activity_0rhq2zz, Activity_1lsjzdf"]
[Task, name=Refund, id_bpmn=Activity_1p7rey7, userTask=allLane2, numberOfExecutions=2, time=59, subTask="Event_1racnnc", startTime=846, instance=4]
[ServiceTask, name=Unnamed, id_bpmn=Activity_0xcfjgn, sodSecurity=False, bodSecurity=True, uocSecurity=False, mth=0, subTask="Activity_1p7rey7, Activity_1u4k5de"]
[ExclusiveGateway, name=Unnamed, id_bpmn=Gateway_1v9au9h, subTask="Activity_03brord", startTime=861, instance=7]
[Task, name=Finish the project, id_bpmn=Activity_0rhq2zz, userTask=company1, numberOfExecutions=2, time=41, subTask="Gateway_14xcbek", startTime=877, instance=10]
[ServiceTask, name=Unnamed, id_bpmn=Activity_1xtsdxu, sodSecurity=False, bodSecurity=True, uocSecurity=False, mth=0, subTask="Activity_0rhq2zz, Activity_1lsjzdf"]
[Task, name=Evaluate refund plan, id_bpmn=Activity_03brord, userTask=ecofinantial2, numberOfExecutions=2, time=55, subTask="Activity_03d8opo", startTime=887, instance=7]
[Task, name=Decide external auditing, id_bpmn=Activity_03d8opo, userTask=ecofinantial1, numberOfExecutions=2, time=59, subTask="Activity_1p7rey7", startTime=892, instance=6]
[ServiceTask, name=Unnamed, id_bpmn=Activity_0oz806n, sodSecurity=True, bodSecurity=False, uocSecurity=False, mth=0, subTask="Activity_03brord, Activity_03d8opo"]
[ExclusiveGateway, name=Unnamed, id_bpmn=Gateway_14xcbek, subTask="Activity_1twduio", startTime=901, instance=9]
[Task, name=Refund, id_bpmn=Activity_1p7rey7, userTask=company2, numberOfExecutions=2, time=58, subTask="Event_1racnnc", startTime=901, instance=5]
[ServiceTask, name=Unnamed, id_bpmn=Activity_0xcfjgn, sodSecurity=False, bodSecurity=True, uocSecurity=False, mth=0, subTask="Activity_1p7rey7, Activity_1u4k5de"]
[Task, name=Evaluate project quality, id_bpmn=Activity_1twduio, userTask=evaluator1, numberOfExecutions=3, time=69, subTask="Gateway_1v9au9h", startTime=901, instance=9]
[ServiceTask, name=Unnamed, id_bpmn=Activity_1fx8kp5, sodSecurity=False, bodSecurity=False, uocSecurity=True, mth=1, subTask="Activity_1twduio"]
[EndEvent, name=Unnamed, id_bpmn=Event_1racnnc, subTask="", startTime=905, instance=4]
[ExclusiveGateway, name=Unnamed, id_bpmn=Gateway_14xcbek, subTask="Activity_1twduio", startTime=918, instance=10]
[Task, name=Evaluate project quality, id_bpmn=Activity_1twduio, userTask=evaluator2, numberOfExecutions=3, time=85, subTask="Gateway_1v9au9h", startTime=918, instance=10]
[ServiceTask, name=Unnamed, id_bpmn=Activity_1fx8kp5, sodSecurity=False, bodSecurity=False, uocSecurity=True, mth=1, subTask="Activity_1twduio"]
[ExclusiveGateway, name=Unnamed, id_bpmn=Gateway_1v9au9h, subTask="Activity_03brord", startTime=922, instance=8]
[Task, name=Evaluate refund plan, id_bpmn=Activity_03brord, userTask=allLane1, numberOfExecutions=2, time=50, subTask="Activity_03d8opo", startTime=922, instance=8]
[Task, name=Decide external auditing, id_bpmn=Activity_03d8opo, userTask=allLane2, numberOfExecutions=2, time=55, subTask="Activity_1p7rey7", startTime=942, instance=7]
[ServiceTask, name=Unnamed, id_bpmn=Activity_0oz806n, sodSecurity=True, bodSecurity=False, uocSecurity=False, mth=0, subTask="Activity_03brord, Activity_03d8opo"]
[Task, name=Refund, id_bpmn=Activity_1p7rey7, userTask=company1, numberOfExecutions=2, time=55, subTask="Event_1racnnc", startTime=951, instance=6]
[ServiceTask, name=Unnamed, id_bpmn=Activity_0xcfjgn, sodSecurity=False, bodSecurity=True, uocSecurity=False, mth=0, subTask="Activity_1p7rey7, Activity_1u4k5de"]
[EndEvent, name=Unnamed, id_bpmn=Event_1racnnc, subTask="", startTime=959, instance=5]
[ExclusiveGateway, name=Unnamed, id_bpmn=Gateway_1v9au9h, subTask="Activity_03brord", startTime=970, instance=9]
[Task, name=Evaluate refund plan, id_bpmn=Activity_03brord, userTask=ecofinantial2, numberOfExecutions=2, time=42, subTask="Activity_03d8opo", startTime=970, instance=9]
[Task, name=Decide external auditing, id_bpmn=Activity_03d8opo, userTask=ecofinantial1, numberOfExecutions=2, time=53, subTask="Activity_1p7rey7", startTime=972, instance=8]
[ServiceTask, name=Unnamed, id_bpmn=Activity_0oz806n, sodSecurity=True, bodSecurity=False, uocSecurity=False, mth=0, subTask="Activity_03brord, Activity_03d8opo"]
[Task, name=Refund, id_bpmn=Activity_1p7rey7, userTask=company2, numberOfExecutions=2, time=51, subTask="Event_1racnnc", startTime=997, instance=7]
[ServiceTask, name=Unnamed, id_bpmn=Activity_0xcfjgn, sodSecurity=False, bodSecurity=True, uocSecurity=False, mth=0, subTask="Activity_1p7rey7, Activity_1u4k5de"]
[ExclusiveGateway, name=Unnamed, id_bpmn=Gateway_1v9au9h, subTask="Activity_03brord", startTime=1003, instance=10]
[Task, name=Evaluate refund plan, id_bpmn=Activity_03brord, userTask=allLane1, numberOfExecutions=2, time=65, subTask="Activity_03d8opo", startTime=1003, instance=10]
[EndEvent, name=Unnamed, id_bpmn=Event_1racnnc, subTask="", startTime=1006, instance=6]
[Task, name=Decide external auditing, id_bpmn=Activity_03d8opo, userTask=allLane2, numberOfExecutions=2, time=43, subTask="Activity_1p7rey7", startTime=1012, instance=9]
[ServiceTask, name=Unnamed, id_bpmn=Activity_0oz806n, sodSecurity=True, bodSecurity=False, uocSecurity=False, mth=0, subTask="Activity_03brord, Activity_03d8opo"]
[Task, name=Refund, id_bpmn=Activity_1p7rey7, userTask=company1, numberOfExecutions=2, time=41, subTask="Event_1racnnc", startTime=1025, instance=8]
[ServiceTask, name=Unnamed, id_bpmn=Activity_0xcfjgn, sodSecurity=False, bodSecurity=True, uocSecurity=False, mth=0, subTask="Activity_1p7rey7, Activity_1u4k5de"]
[EndEvent, name=Unnamed, id_bpmn=Event_1racnnc, subTask="", startTime=1048, instance=7]
[Task, name=Refund, id_bpmn=Activity_1p7rey7, userTask=company2, numberOfExecutions=2, time=60, subTask="Event_1racnnc", startTime=1055, instance=9]
[ServiceTask, name=Unnamed, id_bpmn=Activity_0xcfjgn, sodSecurity=False, bodSecurity=True, uocSecurity=False, mth=0, subTask="Activity_1p7rey7, Activity_1u4k5de"]
[EndEvent, name=Unnamed, id_bpmn=Event_1racnnc, subTask="", startTime=1066, instance=8]
[Task, name=Decide external auditing, id_bpmn=Activity_03d8opo, userTask=ecofinantial2, numberOfExecutions=2, time=56, subTask="Activity_1p7rey7", startTime=1068, instance=10]
[ServiceTask, name=Unnamed, id_bpmn=Activity_0oz806n, sodSecurity=True, bodSecurity=False, uocSecurity=False, mth=0, subTask="Activity_03brord, Activity_03d8opo"]
[EndEvent, name=Unnamed, id_bpmn=Event_1racnnc, subTask="", startTime=1115, instance=9]
[Task, name=Refund, id_bpmn=Activity_1p7rey7, userTask=allLane1, numberOfExecutions=2, time=65, subTask="Event_1racnnc", startTime=1124, instance=10]
[ServiceTask, name=Unnamed, id_bpmn=Activity_0xcfjgn, sodSecurity=False, bodSecurity=True, uocSecurity=False, mth=0, subTask="Activity_1p7rey7, Activity_1u4k5de"]
[EndEvent, name=Unnamed, id_bpmn=Event_1racnnc, subTask="", startTime=1189, instance=10]