[type=bpmn:Collaboration, name=Unnamed, id_bpmn=Collaboration_0katfe5, instances=5]
[type=bpmn:Lane, name=Technical Department, id_bpmn=Lane_1j2awcp, lane_users=['allLane1', 'allLane2', 'technician1', 'technician2', 'technician3', 'technician4'], contained_elements=['Gateway_0epbui3', 'Activity_1u4k5de', 'Activity_17ptqba', 'Gateway_0w2b9qv', 'Activity_0bcw6ho', 'Gateway_1s1smiq', 'Event_0q6kxac', 'Activity_07uebsf', 'Gateway_14xcbek', 'Activity_12344yk', 'Activity_0kp0uwb']]
[type=bpmn:Lane, name=Company, id_bpmn=Lane_179no70, lane_users=['allLane1', 'allLane2', 'company1', 'company2', 'company3', 'company4'], contained_elements=['Event_10piu52', 'Activity_1lsjzdf', 'Activity_1xtsdxu', 'Activity_1i1gel3', 'Activity_0rhq2zz', 'Activity_1p7rey7', 'Event_1racnnc']]
[type=bpmn:Lane, name=Evaluator, id_bpmn=Lane_145cig8, lane_users=['allLane1', 'allLane2', 'evaluator1', 'evaluator2', 'evaluator3', 'evaluator4'], contained_elements=['Activity_1conkxb', 'Activity_1twduio', 'Gateway_1v9au9h', 'Activity_0oz806n']]
[type=bpmn:Lane, name=Ecofinantial Department, id_bpmn=Lane_1fyurgg, lane_users=['allLane1', 'allLane2', 'ecofinantial1', 'ecofinantial2', 'ecofinantial3'], contained_elements=['Activity_07z6dxo', 'Activity_03brord', 'Activity_03d8opo', 'Activity_1fx8kp5']]
[type=bpmn:StartEvent, name=Unnamed, id_bpmn=Event_10piu52, subTask="Activity_1lsjzdf", startTime=0, instance=1]
[type=bpmn:Task, name=Fill out project application, id_bpmn=Activity_1lsjzdf, userTask=company4, numberOfExecutions=2, time=48, subTask="Gateway_0epbui3", startTime=0, instance=1]
[type=bpmn:ParallelGateway, name=Unnamed, id_bpmn=Gateway_0epbui3, subTask="Activity_1u4k5de, Activity_17ptqba", startTime=48, instance=1]
[type=bpmn:Task, name=Add research groups, id_bpmn=Activity_1u4k5de, userTask=technician2, numberOfExecutions=2, time=74, subTask="Gateway_0w2b9qv", startTime=48, instance=1]
[type=bpmn:Task, name=Add companies, id_bpmn=Activity_17ptqba, userTask=technician1, numberOfExecutions=2, time=64, subTask="Gateway_0w2b9qv", startTime=48, instance=1]
[type=bpmn:StartEvent, name=Unnamed, id_bpmn=Event_10piu52, subTask="Activity_1lsjzdf", startTime=60, instance=2]
[type=bpmn:Task, name=Fill out project application, id_bpmn=Activity_1lsjzdf, userTask=company2, numberOfExecutions=2, time=61, subTask="Gateway_0epbui3", startTime=60, instance=2]
[type=bpmn:StartEvent, name=Unnamed, id_bpmn=Event_10piu52, subTask="Activity_1lsjzdf", startTime=120, instance=3]
[type=bpmn:Task, name=Fill out project application, id_bpmn=Activity_1lsjzdf, userTask=company3, numberOfExecutions=2, time=66, subTask="Gateway_0epbui3", startTime=120, instance=3]
[type=bpmn:ParallelGateway, name=Unnamed, id_bpmn=Gateway_0epbui3, subTask="Activity_1u4k5de, Activity_17ptqba", startTime=121, instance=2]
[type=bpmn:Task, name=Add research groups, id_bpmn=Activity_1u4k5de, userTask=technician4, numberOfExecutions=2, time=56, subTask="Gateway_0w2b9qv", startTime=121, instance=2]
[type=bpmn:Task, name=Add companies, id_bpmn=Activity_17ptqba, userTask=technician3, numberOfExecutions=2, time=53, subTask="Gateway_0w2b9qv", startTime=121, instance=2]
[type=bpmn:ParallelGateway, name=Unnamed, id_bpmn=Gateway_0w2b9qv, subTask="Activity_1conkxb", startTime=122, instance=1]
[type=bpmn:Task, name=Evaluate project, id_bpmn=Activity_1conkxb, userTask=evaluator2, numberOfExecutions=2, time=58, subTask="Activity_0bcw6ho", startTime=122, instance=1]
[type=bpmn:ServiceTask, name=Unnamed, id_bpmn=Activity_07z6dxo, sodSecurity=True, bodSecurity=False, uocSecurity=False, mth=0, subTask="Activity_1conkxb, Activity_17ptqba"]
[type=bpmn:ParallelGateway, name=Unnamed, id_bpmn=Gateway_0w2b9qv, subTask="Activity_1conkxb", startTime=177, instance=2]
[type=bpmn:Task, name=Evaluate project, id_bpmn=Activity_1conkxb, userTask=evaluator1, numberOfExecutions=2, time=61, subTask="Activity_0bcw6ho", startTime=177, instance=2]
[type=bpmn:ServiceTask, name=Unnamed, id_bpmn=Activity_07z6dxo, sodSecurity=True, bodSecurity=False, uocSecurity=False, mth=0, subTask="Activity_1conkxb, Activity_17ptqba"]
[type=bpmn:StartEvent, name=Unnamed, id_bpmn=Event_10piu52, subTask="Activity_1lsjzdf", startTime=180, instance=4]
[type=bpmn:Task, name=Fill out project application, id_bpmn=Activity_1lsjzdf, userTask=company1, numberOfExecutions=2, time=62, subTask="Gateway_0epbui3", startTime=180, instance=4]
[type=bpmn:Task, name=Make a decision about project, id_bpmn=Activity_0bcw6ho, userTask=technician2, numberOfExecutions=2, time=32, subTask="Gateway_1s1smiq", startTime=180, instance=1]
[type=bpmn:ServiceTask, name=Unnamed, id_bpmn=Activity_0kp0uwb, sodSecurity=False, bodSecurity=False, uocSecurity=True, mth=2, subTask="Activity_0bcw6ho"]
[type=bpmn:ParallelGateway, name=Unnamed, id_bpmn=Gateway_0epbui3, subTask="Activity_1u4k5de, Activity_17ptqba", startTime=186, instance=3]
[type=bpmn:Task, name=Add research groups, id_bpmn=Activity_1u4k5de, userTask=allLane1, numberOfExecutions=2, time=61, subTask="Gateway_0w2b9qv", startTime=186, instance=3]
[type=bpmn:Task, name=Add companies, id_bpmn=Activity_17ptqba, userTask=allLane2, numberOfExecutions=2, time=54, subTask="Gateway_0w2b9qv", startTime=186, instance=3]
[type=bpmn:ExclusiveGateway, name=Unnamed, id_bpmn=Gateway_1s1smiq, subTask="Activity_07uebsf", startTime=212, instance=1]
[type=bpmn:Task, name=Make technical checking, id_bpmn=Activity_07uebsf, userTask=technician1, numberOfExecutions=2, time=65, subTask="Activity_0rhq2zz", startTime=212, instance=1]
[type=bpmn:Task, name=Make a decision about project, id_bpmn=Activity_0bcw6ho, userTask=technician2, numberOfExecutions=2, time=29, subTask="Gateway_1s1smiq", startTime=238, instance=2]
[type=bpmn:ServiceTask, name=Unnamed, id_bpmn=Activity_0kp0uwb, sodSecurity=False, bodSecurity=False, uocSecurity=True, mth=2, subTask="Activity_0bcw6ho"]
[type=bpmn:StartEvent, name=Unnamed, id_bpmn=Event_10piu52, subTask="Activity_1lsjzdf", startTime=240, instance=5]
[type=bpmn:Task, name=Fill out project application, id_bpmn=Activity_1lsjzdf, userTask=company4, numberOfExecutions=2, time=57, subTask="Gateway_0epbui3", startTime=240, instance=5]
[type=bpmn:ParallelGateway, name=Unnamed, id_bpmn=Gateway_0epbui3, subTask="Activity_1u4k5de, Activity_17ptqba", startTime=242, instance=4]
[type=bpmn:Task, name=Add research groups, id_bpmn=Activity_1u4k5de, userTask=technician4, numberOfExecutions=2, time=54, subTask="Gateway_0w2b9qv", startTime=242, instance=4]
[type=bpmn:Task, name=Add companies, id_bpmn=Activity_17ptqba, userTask=technician3, numberOfExecutions=2, time=50, subTask="Gateway_0w2b9qv", startTime=242, instance=4]
[type=bpmn:ParallelGateway, name=Unnamed, id_bpmn=Gateway_0w2b9qv, subTask="Activity_1conkxb", startTime=247, instance=3]
[type=bpmn:Task, name=Evaluate project, id_bpmn=Activity_1conkxb, userTask=evaluator4, numberOfExecutions=2, time=66, subTask="Activity_0bcw6ho", startTime=247, instance=3]
[type=bpmn:ServiceTask, name=Unnamed, id_bpmn=Activity_07z6dxo, sodSecurity=True, bodSecurity=False, uocSecurity=False, mth=0, subTask="Activity_1conkxb, Activity_17ptqba"]
[type=bpmn:ExclusiveGateway, name=Unnamed, id_bpmn=Gateway_1s1smiq, subTask="Activity_07uebsf", startTime=267, instance=2]
[type=bpmn:Task, name=Make technical checking, id_bpmn=Activity_07uebsf, userTask=allLane1, numberOfExecutions=2, time=72, subTask="Activity_0rhq2zz", startTime=267, instance=2]
[type=bpmn:Task, name=Finish the project, id_bpmn=Activity_0rhq2zz, userTask=company2, numberOfExecutions=2, time=53, subTask="Gateway_14xcbek", startTime=277, instance=1]
[type=bpmn:ServiceTask, name=Unnamed, id_bpmn=Activity_1xtsdxu, sodSecurity=False, bodSecurity=True, uocSecurity=False, mth=0, subTask="Activity_0rhq2zz, Activity_1lsjzdf"]
[type=bpmn:ParallelGateway, name=Unnamed, id_bpmn=Gateway_0w2b9qv, subTask="Activity_1conkxb", startTime=296, instance=4]
[type=bpmn:Task, name=Evaluate project, id_bpmn=Activity_1conkxb, userTask=evaluator3, numberOfExecutions=2, time=52, subTask="Activity_0bcw6ho", startTime=296, instance=4]
[type=bpmn:ServiceTask, name=Unnamed, id_bpmn=Activity_07z6dxo, sodSecurity=True, bodSecurity=False, uocSecurity=False, mth=0, subTask="Activity_1conkxb, Activity_17ptqba"]
[type=bpmn:ParallelGateway, name=Unnamed, id_bpmn=Gateway_0epbui3, subTask="Activity_1u4k5de, Activity_17ptqba", startTime=297, instance=5]
[type=bpmn:Task, name=Add research groups, id_bpmn=Activity_1u4k5de, userTask=allLane2, numberOfExecutions=2, time=67, subTask="Gateway_0w2b9qv", startTime=297, instance=5]
[type=bpmn:Task, name=Add companies, id_bpmn=Activity_17ptqba, userTask=technician1, numberOfExecutions=2, time=61, subTask="Gateway_0w2b9qv", startTime=297, instance=5]
[type=bpmn:Task, name=Make a decision about project, id_bpmn=Activity_0bcw6ho, userTask=technician2, numberOfExecutions=2, time=27, subTask="Gateway_1s1smiq", startTime=313, instance=3]
[type=bpmn:ServiceTask, name=Unnamed, id_bpmn=Activity_0kp0uwb, sodSecurity=False, bodSecurity=False, uocSecurity=True, mth=2, subTask="Activity_0bcw6ho"]
[type=bpmn:ExclusiveGateway, name=Unnamed, id_bpmn=Gateway_14xcbek, subTask="Activity_1twduio", startTime=330, instance=1]
[type=bpmn:Task, name=Evaluate project quality, id_bpmn=Activity_1twduio, userTask=evaluator2, numberOfExecutions=1, time=13, subTask="Gateway_1v9au9h", startTime=330, instance=1]
[type=bpmn:Task, name=Finish the project, id_bpmn=Activity_0rhq2zz, userTask=company2, numberOfExecutions=2, time=61, subTask="Gateway_14xcbek", startTime=339, instance=2]
[type=bpmn:ServiceTask, name=Unnamed, id_bpmn=Activity_1xtsdxu, sodSecurity=False, bodSecurity=True, uocSecurity=False, mth=0, subTask="Activity_0rhq2zz, Activity_1lsjzdf"]
[type=bpmn:ExclusiveGateway, name=Unnamed, id_bpmn=Gateway_1s1smiq, subTask="Activity_07uebsf", startTime=340, instance=3]
[type=bpmn:Task, name=Make technical checking, id_bpmn=Activity_07uebsf, userTask=technician4, numberOfExecutions=2, time=63, subTask="Activity_0rhq2zz", startTime=340, instance=3]
[type=bpmn:Task, name=Evaluate project quality, id_bpmn=Activity_1twduio, userTask=evaluator1, numberOfExecutions=1, time=13, subTask="Gateway_1v9au9h", startTime=343, instance=1]
[type=bpmn:Task, name=Make a decision about project, id_bpmn=Activity_0bcw6ho, userTask=technician2, numberOfExecutions=2, time=24, subTask="Gateway_1s1smiq", startTime=348, instance=4]
[type=bpmn:ServiceTask, name=Unnamed, id_bpmn=Activity_0kp0uwb, sodSecurity=False, bodSecurity=False, uocSecurity=True, mth=2, subTask="Activity_0bcw6ho"]
[type=bpmn:Task, name=Evaluate project quality, id_bpmn=Activity_1twduio, userTask=evaluator4, numberOfExecutions=1, time=12, subTask="Gateway_1v9au9h", startTime=356, instance=1]
[type=bpmn:ServiceTask, name=Unnamed, id_bpmn=Activity_1fx8kp5, sodSecurity=False, bodSecurity=False, uocSecurity=True, mth=1, subTask="Activity_1twduio"]
[type=bpmn:ParallelGateway, name=Unnamed, id_bpmn=Gateway_0w2b9qv, subTask="Activity_1conkxb", startTime=364, instance=5]
[type=bpmn:Task, name=Evaluate project, id_bpmn=Activity_1conkxb, userTask=evaluator3, numberOfExecutions=2, time=50, subTask="Activity_0bcw6ho", startTime=364, instance=5]
[type=bpmn:ServiceTask, name=Unnamed, id_bpmn=Activity_07z6dxo, sodSecurity=True, bodSecurity=False, uocSecurity=False, mth=0, subTask="Activity_1conkxb, Activity_17ptqba"]
[type=bpmn:ExclusiveGateway, name=Unnamed, id_bpmn=Gateway_1v9au9h, subTask="Activity_03brord", startTime=368, instance=1]
[type=bpmn:Task, name=Evaluate refund plan, id_bpmn=Activity_03brord, userTask=ecofinantial2, numberOfExecutions=2, time=50, subTask="Activity_03d8opo", startTime=368, instance=1]
[type=bpmn:ExclusiveGateway, name=Unnamed, id_bpmn=Gateway_1s1smiq, subTask="Activity_07uebsf", startTime=372, instance=4]
[type=bpmn:Task, name=Make technical checking, id_bpmn=Activity_07uebsf, userTask=technician3, numberOfExecutions=2, time=56, subTask="Activity_0rhq2zz", startTime=372, instance=4]
[type=bpmn:ExclusiveGateway, name=Unnamed, id_bpmn=Gateway_14xcbek, subTask="Activity_1twduio", startTime=400, instance=2]
[type=bpmn:Task, name=Evaluate project quality, id_bpmn=Activity_1twduio, userTask=evaluator2, numberOfExecutions=1, time=12, subTask="Gateway_1v9au9h", startTime=400, instance=2]
[type=bpmn:Task, name=Finish the project, id_bpmn=Activity_0rhq2zz, userTask=company3, numberOfExecutions=2, time=62, subTask="Gateway_14xcbek", startTime=403, instance=3]
[type=bpmn:ServiceTask, name=Unnamed, id_bpmn=Activity_1xtsdxu, sodSecurity=False, bodSecurity=True, uocSecurity=False, mth=0, subTask="Activity_0rhq2zz, Activity_1lsjzdf"]
[type=bpmn:Task, name=Evaluate project quality, id_bpmn=Activity_1twduio, userTask=evaluator1, numberOfExecutions=1, time=14, subTask="Gateway_1v9au9h", startTime=412, instance=2]
[type=bpmn:Task, name=Make a decision about project, id_bpmn=Activity_0bcw6ho, userTask=technician2, numberOfExecutions=2, time=22, subTask="Gateway_1s1smiq", startTime=414, instance=5]
[type=bpmn:ServiceTask, name=Unnamed, id_bpmn=Activity_0kp0uwb, sodSecurity=False, bodSecurity=False, uocSecurity=True, mth=2, subTask="Activity_0bcw6ho"]
[type=bpmn:Task, name=Decide external auditing, id_bpmn=Activity_03d8opo, userTask=ecofinantial1, numberOfExecutions=2, time=55, subTask="Activity_1p7rey7", startTime=418, instance=1]
[type=bpmn:ServiceTask, name=Unnamed, id_bpmn=Activity_0oz806n, sodSecurity=True, bodSecurity=False, uocSecurity=False, mth=0, subTask="Activity_03brord, Activity_03d8opo"]
[type=bpmn:Task, name=Evaluate project quality, id_bpmn=Activity_1twduio, userTask=allLane1, numberOfExecutions=1, time=13, subTask="Gateway_1v9au9h", startTime=426, instance=2]
[type=bpmn:ServiceTask, name=Unnamed, id_bpmn=Activity_1fx8kp5, sodSecurity=False, bodSecurity=False, uocSecurity=True, mth=1, subTask="Activity_1twduio"]
[type=bpmn:Task, name=Finish the project, id_bpmn=Activity_0rhq2zz, userTask=company1, numberOfExecutions=2, time=66, subTask="Gateway_14xcbek", startTime=428, instance=4]
[type=bpmn:ServiceTask, name=Unnamed, id_bpmn=Activity_1xtsdxu, sodSecurity=False, bodSecurity=True, uocSecurity=False, mth=0, subTask="Activity_0rhq2zz, Activity_1lsjzdf"]
[type=bpmn:ExclusiveGateway, name=Unnamed, id_bpmn=Gateway_1s1smiq, subTask="Activity_07uebsf", startTime=436, instance=5]
[type=bpmn:Task, name=Make technical checking, id_bpmn=Activity_07uebsf, userTask=allLane2, numberOfExecutions=2, time=65, subTask="Activity_0rhq2zz", startTime=436, instance=5]
[type=bpmn:ExclusiveGateway, name=Unnamed, id_bpmn=Gateway_1v9au9h, subTask="Activity_03brord", startTime=439, instance=2]
[type=bpmn:Task, name=Evaluate refund plan, id_bpmn=Activity_03brord, userTask=ecofinantial3, numberOfExecutions=2, time=67, subTask="Activity_03d8opo", startTime=439, instance=2]
[type=bpmn:ExclusiveGateway, name=Unnamed, id_bpmn=Gateway_14xcbek, subTask="Activity_1twduio", startTime=465, instance=3]
[type=bpmn:Task, name=Evaluate project quality, id_bpmn=Activity_1twduio, userTask=evaluator2, numberOfExecutions=1, time=12, subTask="Gateway_1v9au9h", startTime=465, instance=3]
[type=bpmn:Task, name=Refund, id_bpmn=Activity_1p7rey7, userTask=company4, numberOfExecutions=2, time=50, subTask="Event_1racnnc", startTime=473, instance=1]
[type=bpmn:ServiceTask, name=Unnamed, id_bpmn=Activity_1i1gel3, sodSecurity=False, bodSecurity=True, uocSecurity=False, mth=0, subTask="Activity_1p7rey7, Activity_1u4k5de"]
[type=bpmn:Task, name=Evaluate project quality, id_bpmn=Activity_1twduio, userTask=evaluator1, numberOfExecutions=1, time=15, subTask="Gateway_1v9au9h", startTime=477, instance=3]
[type=bpmn:Task, name=Evaluate project quality, id_bpmn=Activity_1twduio, userTask=allLane1, numberOfExecutions=1, time=12, subTask="Gateway_1v9au9h", startTime=492, instance=3]
[type=bpmn:ServiceTask, name=Unnamed, id_bpmn=Activity_1fx8kp5, sodSecurity=False, bodSecurity=False, uocSecurity=True, mth=1, subTask="Activity_1twduio"]
[type=bpmn:ExclusiveGateway, name=Unnamed, id_bpmn=Gateway_14xcbek, subTask="Activity_1twduio", startTime=494, instance=4]
[type=bpmn:Task, name=Evaluate project quality, id_bpmn=Activity_1twduio, userTask=evaluator4, numberOfExecutions=3, time=83, subTask="Gateway_1v9au9h", startTime=494, instance=4]
[type=bpmn:ServiceTask, name=Unnamed, id_bpmn=Activity_1fx8kp5, sodSecurity=False, bodSecurity=False, uocSecurity=True, mth=1, subTask="Activity_1twduio"]
[type=bpmn:Task, name=Finish the project, id_bpmn=Activity_0rhq2zz, userTask=company3, numberOfExecutions=2, time=59, subTask="Gateway_14xcbek", startTime=501, instance=5]
[type=bpmn:ServiceTask, name=Unnamed, id_bpmn=Activity_1xtsdxu, sodSecurity=False, bodSecurity=True, uocSecurity=False, mth=0, subTask="Activity_0rhq2zz, Activity_1lsjzdf"]
[type=bpmn:ExclusiveGateway, name=Unnamed, id_bpmn=Gateway_1v9au9h, subTask="Activity_03brord", startTime=504, instance=3]
[type=bpmn:Task, name=Evaluate refund plan, id_bpmn=Activity_03brord, userTask=ecofinantial2, numberOfExecutions=2, time=54, subTask="Activity_03d8opo", startTime=504, instance=3]
[type=bpmn:Task, name=Decide external auditing, id_bpmn=Activity_03d8opo, userTask=ecofinantial1, numberOfExecutions=2, time=57, subTask="Activity_1p7rey7", startTime=506, instance=2]
[type=bpmn:ServiceTask, name=Unnamed, id_bpmn=Activity_0oz806n, sodSecurity=True, bodSecurity=False, uocSecurity=False, mth=0, subTask="Activity_03brord, Activity_03d8opo"]
[type=bpmn:EndEvent, name=Unnamed, id_bpmn=Event_1racnnc, subTask="", startTime=523, instance=1]
[type=bpmn:Task, name=Decide external auditing, id_bpmn=Activity_03d8opo, userTask=ecofinantial3, numberOfExecutions=2, time=63, subTask="Activity_1p7rey7", startTime=558, instance=3]
[type=bpmn:ServiceTask, name=Unnamed, id_bpmn=Activity_0oz806n, sodSecurity=True, bodSecurity=False, uocSecurity=False, mth=0, subTask="Activity_03brord, Activity_03d8opo"]
[type=bpmn:ExclusiveGateway, name=Unnamed, id_bpmn=Gateway_14xcbek, subTask="Activity_1twduio", startTime=560, instance=5]
[type=bpmn:Task, name=Evaluate project quality, id_bpmn=Activity_1twduio, userTask=evaluator2, numberOfExecutions=1, time=11, subTask="Gateway_1v9au9h", startTime=560, instance=5]
[type=bpmn:Task, name=Refund, id_bpmn=Activity_1p7rey7, userTask=company1, numberOfExecutions=2, time=62, subTask="Event_1racnnc", startTime=563, instance=2]
[type=bpmn:ServiceTask, name=Unnamed, id_bpmn=Activity_1i1gel3, sodSecurity=False, bodSecurity=True, uocSecurity=False, mth=0, subTask="Activity_1p7rey7, Activity_1u4k5de"]
[type=bpmn:Task, name=Evaluate project quality, id_bpmn=Activity_1twduio, userTask=evaluator1, numberOfExecutions=1, time=14, subTask="Gateway_1v9au9h", startTime=571, instance=5]
[type=bpmn:ExclusiveGateway, name=Unnamed, id_bpmn=Gateway_1v9au9h, subTask="Activity_03brord", startTime=577, instance=4]
[type=bpmn:Task, name=Evaluate refund plan, id_bpmn=Activity_03brord, userTask=ecofinantial2, numberOfExecutions=2, time=69, subTask="Activity_03d8opo", startTime=577, instance=4]
[type=bpmn:Task, name=Evaluate project quality, id_bpmn=Activity_1twduio, userTask=allLane1, numberOfExecutions=1, time=14, subTask="Gateway_1v9au9h", startTime=585, instance=5]
[type=bpmn:ServiceTask, name=Unnamed, id_bpmn=Activity_1fx8kp5, sodSecurity=False, bodSecurity=False, uocSecurity=True, mth=1, subTask="Activity_1twduio"]
[type=bpmn:ExclusiveGateway, name=Unnamed, id_bpmn=Gateway_1v9au9h, subTask="Activity_03brord", startTime=599, instance=5]
[type=bpmn:Task, name=Evaluate refund plan, id_bpmn=Activity_03brord, userTask=ecofinantial1, numberOfExecutions=2, time=58, subTask="Activity_03d8opo", startTime=599, instance=5]
[type=bpmn:Task, name=Refund, id_bpmn=Activity_1p7rey7, userTask=allLane1, numberOfExecutions=2, time=58, subTask="Event_1racnnc", startTime=621, instance=3]
[type=bpmn:ServiceTask, name=Unnamed, id_bpmn=Activity_1i1gel3, sodSecurity=False, bodSecurity=True, uocSecurity=False, mth=0, subTask="Activity_1p7rey7, Activity_1u4k5de"]
[type=bpmn:EndEvent, name=Unnamed, id_bpmn=Event_1racnnc, subTask="", startTime=625, instance=2]
[type=bpmn:Task, name=Decide external auditing, id_bpmn=Activity_03d8opo, userTask=ecofinantial3, numberOfExecutions=2, time=69, subTask="Activity_1p7rey7", startTime=646, instance=4]
[type=bpmn:ServiceTask, name=Unnamed, id_bpmn=Activity_0oz806n, sodSecurity=True, bodSecurity=False, uocSecurity=False, mth=0, subTask="Activity_03brord, Activity_03d8opo"]
[type=bpmn:Task, name=Decide external auditing, id_bpmn=Activity_03d8opo, userTask=ecofinantial2, numberOfExecutions=2, time=63, subTask="Activity_1p7rey7", startTime=657, instance=5]
[type=bpmn:ServiceTask, name=Unnamed, id_bpmn=Activity_0oz806n, sodSecurity=True, bodSecurity=False, uocSecurity=False, mth=0, subTask="Activity_03brord, Activity_03d8opo"]
[type=bpmn:EndEvent, name=Unnamed, id_bpmn=Event_1racnnc, subTask="", startTime=679, instance=3]
[type=bpmn:Task, name=Refund, id_bpmn=Activity_1p7rey7, userTask=company4, numberOfExecutions=2, time=41, subTask="Event_1racnnc", startTime=715, instance=4]
[type=bpmn:ServiceTask, name=Unnamed, id_bpmn=Activity_1i1gel3, sodSecurity=False, bodSecurity=True, uocSecurity=False, mth=0, subTask="Activity_1p7rey7, Activity_1u4k5de"]
[type=bpmn:Task, name=Refund, id_bpmn=Activity_1p7rey7, userTask=allLane2, numberOfExecutions=2, time=64, subTask="Event_1racnnc", startTime=720, instance=5]
[type=bpmn:ServiceTask, name=Unnamed, id_bpmn=Activity_1i1gel3, sodSecurity=False, bodSecurity=True, uocSecurity=False, mth=0, subTask="Activity_1p7rey7, Activity_1u4k5de"]
[type=bpmn:EndEvent, name=Unnamed, id_bpmn=Event_1racnnc, subTask="", startTime=756, instance=4]
[type=bpmn:EndEvent, name=Unnamed, id_bpmn=Event_1racnnc, subTask="", startTime=784, instance=5]