Element: [type=bpmn:Collaboration, name=Unnamed, id_bpmn=Collaboration_0katfe5, instances=10]
Instance 1: [type=bpmn:StartEvent, name=Unnamed, id_bpmn=Event_10piu52, subTask="Activity_1lsjzdf", startTime=0, instance=1]
Instance 1: [type=bpmn:Task, name=Fill out project application, id_bpmn=Activity_1lsjzdf, userTask=company2, numberOfExecutions=2, time=63, subTask="Gateway_0epbui3", startTime=0, instance=1]
Instance 2: [type=bpmn:StartEvent, name=Unnamed, id_bpmn=Event_10piu52, subTask="Activity_1lsjzdf", startTime=60, instance=2]
Instance 2: [type=bpmn:Task, name=Fill out project application, id_bpmn=Activity_1lsjzdf, userTask=company4, numberOfExecutions=2, time=59, subTask="Gateway_0epbui3", startTime=60, instance=2]
Instance 1: [type=bpmn:ParallelGateway, name=Unnamed, id_bpmn=Gateway_0epbui3, subTask="Activity_1u4k5de, Activity_17ptqba", startTime=63, instance=1]
Instance 1: [type=bpmn:Task, name=Add research groups, id_bpmn=Activity_1u4k5de, userTask=technician1, numberOfExecutions=2, time=58, subTask="Gateway_0w2b9qv", startTime=63, instance=1]
Instance 1: [type=bpmn:Task, name=Add companies, id_bpmn=Activity_17ptqba, userTask=technician2, numberOfExecutions=2, time=58, subTask="Gateway_0w2b9qv", startTime=63, instance=1]
Instance 2: [type=bpmn:ParallelGateway, name=Unnamed, id_bpmn=Gateway_0epbui3, subTask="Activity_1u4k5de, Activity_17ptqba", startTime=119, instance=2]
Instance 2: [type=bpmn:Task, name=Add research groups, id_bpmn=Activity_1u4k5de, userTask=technician4, numberOfExecutions=2, time=67, subTask="Gateway_0w2b9qv", startTime=119, instance=2]
Instance 2: [type=bpmn:Task, name=Add companies, id_bpmn=Activity_17ptqba, userTask=technician3, numberOfExecutions=2, time=60, subTask="Gateway_0w2b9qv", startTime=119, instance=2]
Instance 3: [type=bpmn:StartEvent, name=Unnamed, id_bpmn=Event_10piu52, subTask="Activity_1lsjzdf", startTime=120, instance=3]
Instance 3: [type=bpmn:Task, name=Fill out project application, id_bpmn=Activity_1lsjzdf, userTask=company3, numberOfExecutions=2, time=54, subTask="Gateway_0epbui3", startTime=120, instance=3]
Instance 1: [type=bpmn:ParallelGateway, name=Unnamed, id_bpmn=Gateway_0w2b9qv, subTask="Activity_1conkxb", startTime=121, instance=1]
Instance 1: [type=bpmn:Task, name=Evaluate project, id_bpmn=Activity_1conkxb, userTask=evaluator4, numberOfExecutions=2, time=71, subTask="Activity_0bcw6ho", startTime=121, instance=1]
Instance 3: [type=bpmn:ParallelGateway, name=Unnamed, id_bpmn=Gateway_0epbui3, subTask="Activity_1u4k5de, Activity_17ptqba", startTime=174, instance=3]
Instance 3: [type=bpmn:Task, name=Add research groups, id_bpmn=Activity_1u4k5de, userTask=technician1, numberOfExecutions=2, time=59, subTask="Gateway_0w2b9qv", startTime=174, instance=3]
Instance 3: [type=bpmn:Task, name=Add companies, id_bpmn=Activity_17ptqba, userTask=technician2, numberOfExecutions=2, time=58, subTask="Gateway_0w2b9qv", startTime=174, instance=3]
Instance 4: [type=bpmn:StartEvent, name=Unnamed, id_bpmn=Event_10piu52, subTask="Activity_1lsjzdf", startTime=180, instance=4]
Instance 4: [type=bpmn:Task, name=Fill out project application, id_bpmn=Activity_1lsjzdf, userTask=company1, numberOfExecutions=2, time=60, subTask="Gateway_0epbui3", startTime=180, instance=4]
Instance 2: [type=bpmn:ParallelGateway, name=Unnamed, id_bpmn=Gateway_0w2b9qv, subTask="Activity_1conkxb", startTime=186, instance=2]
Instance 2: [type=bpmn:Task, name=Evaluate project, id_bpmn=Activity_1conkxb, userTask=evaluator1, numberOfExecutions=2, time=52, subTask="Activity_0bcw6ho", startTime=186, instance=2]
Instance 1: [type=bpmn:Task, name=Make a decision about project, id_bpmn=Activity_0bcw6ho, userTask=technician4, numberOfExecutions=2, time=72, subTask="Gateway_1s1smiq", startTime=192, instance=1]
Instance 3: [type=bpmn:ParallelGateway, name=Unnamed, id_bpmn=Gateway_0w2b9qv, subTask="Activity_1conkxb", startTime=233, instance=3]
Instance 3: [type=bpmn:Task, name=Evaluate project, id_bpmn=Activity_1conkxb, userTask=evaluator2, numberOfExecutions=2, time=52, subTask="Activity_0bcw6ho", startTime=233, instance=3]
Instance 2: [type=bpmn:Task, name=Make a decision about project, id_bpmn=Activity_0bcw6ho, userTask=technician3, numberOfExecutions=2, time=61, subTask="Gateway_1s1smiq", startTime=238, instance=2]
Instance 5: [type=bpmn:StartEvent, name=Unnamed, id_bpmn=Event_10piu52, subTask="Activity_1lsjzdf", startTime=240, instance=5]
Instance 5: [type=bpmn:Task, name=Fill out project application, id_bpmn=Activity_1lsjzdf, userTask=company2, numberOfExecutions=2, time=56, subTask="Gateway_0epbui3", startTime=240, instance=5]
Instance 4: [type=bpmn:ParallelGateway, name=Unnamed, id_bpmn=Gateway_0epbui3, subTask="Activity_1u4k5de, Activity_17ptqba", startTime=240, instance=4]
Instance 4: [type=bpmn:Task, name=Add research groups, id_bpmn=Activity_1u4k5de, userTask=technician1, numberOfExecutions=2, time=56, subTask="Gateway_0w2b9qv", startTime=240, instance=4]
Instance 4: [type=bpmn:Task, name=Add companies, id_bpmn=Activity_17ptqba, userTask=technician2, numberOfExecutions=2, time=57, subTask="Gateway_0w2b9qv", startTime=240, instance=4]
Instance 1: [type=bpmn:ExclusiveGateway, name=Unnamed, id_bpmn=Gateway_1s1smiq, subTask="Activity_07uebsf", startTime=264, instance=1]
Instance 1: [type=bpmn:Task, name=Make technical checking, id_bpmn=Activity_07uebsf, userTask=technician4, numberOfExecutions=2, time=60, subTask="Activity_0rhq2zz", startTime=264, instance=1]
Instance 5: [type=bpmn:ParallelGateway, name=Unnamed, id_bpmn=Gateway_0epbui3, subTask="Activity_1u4k5de, Activity_17ptqba", startTime=296, instance=5]
Instance 3: [type=StandBy, id_bpmn=Activity_0bcw6ho, startTime=285, stopTime=296, time=11, instance=3]
Instance 3: [type=bpmn:Task, name=Make a decision about project, id_bpmn=Activity_0bcw6ho, userTask=technician1, numberOfExecutions=2, time=59, subTask="Gateway_1s1smiq", startTime=296, instance=3]
Instance 4: [type=bpmn:ParallelGateway, name=Unnamed, id_bpmn=Gateway_0w2b9qv, subTask="Activity_1conkxb", startTime=297, instance=4]
Instance 5: [type=StandBy, id_bpmn=Activity_1u4k5de, startTime=296, stopTime=297, time=1, instance=5]
Instance 5: [type=bpmn:Task, name=Add research groups, id_bpmn=Activity_1u4k5de, userTask=technician2, numberOfExecutions=2, time=60, subTask="Gateway_0w2b9qv", startTime=297, instance=5]
Instance 4: [type=bpmn:Task, name=Evaluate project, id_bpmn=Activity_1conkxb, userTask=evaluator3, numberOfExecutions=2, time=52, subTask="Activity_0bcw6ho", startTime=297, instance=4]
Instance 2: [type=bpmn:ExclusiveGateway, name=Unnamed, id_bpmn=Gateway_1s1smiq, subTask="Activity_07uebsf", startTime=299, instance=2]
Instance 5: [type=StandBy, id_bpmn=Activity_17ptqba, startTime=296, stopTime=299, time=3, instance=5]
Instance 5: [type=bpmn:Task, name=Add companies, id_bpmn=Activity_17ptqba, userTask=technician3, numberOfExecutions=2, time=45, subTask="Gateway_0w2b9qv", startTime=299, instance=5]
Instance 6: [type=bpmn:StartEvent, name=Unnamed, id_bpmn=Event_10piu52, subTask="Activity_1lsjzdf", startTime=300, instance=6]
Instance 6: [type=bpmn:Task, name=Fill out project application, id_bpmn=Activity_1lsjzdf, userTask=company4, numberOfExecutions=2, time=57, subTask="Gateway_0epbui3", startTime=300, instance=6]
Instance 2: [type=StandBy, id_bpmn=Activity_07uebsf, startTime=299, stopTime=324, time=25, instance=2]
Instance 2: [type=bpmn:Task, name=Make technical checking, id_bpmn=Activity_07uebsf, userTask=technician4, numberOfExecutions=2, time=73, subTask="Activity_0rhq2zz", startTime=324, instance=2]
Instance 1: [type=bpmn:Task, name=Finish the project, id_bpmn=Activity_0rhq2zz, userTask=company3, numberOfExecutions=2, time=46, subTask="Gateway_14xcbek", startTime=324, instance=1]
Instance 4: [type=bpmn:Task, name=Make a decision about project, id_bpmn=Activity_0bcw6ho, userTask=technician3, numberOfExecutions=2, time=52, subTask="Gateway_1s1smiq", startTime=349, instance=4]
Instance 3: [type=bpmn:ExclusiveGateway, name=Unnamed, id_bpmn=Gateway_1s1smiq, subTask="Activity_07uebsf", startTime=355, instance=3]
Instance 3: [type=bpmn:Task, name=Make technical checking, id_bpmn=Activity_07uebsf, userTask=technician1, numberOfExecutions=2, time=52, subTask="Activity_0rhq2zz", startTime=355, instance=3]
Instance 5: [type=bpmn:ParallelGateway, name=Unnamed, id_bpmn=Gateway_0w2b9qv, subTask="Activity_1conkxb", startTime=357, instance=5]
Instance 6: [type=bpmn:ParallelGateway, name=Unnamed, id_bpmn=Gateway_0epbui3, subTask="Activity_1u4k5de, Activity_17ptqba", startTime=357, instance=6]
Instance 5: [type=bpmn:Task, name=Evaluate project, id_bpmn=Activity_1conkxb, userTask=evaluator4, numberOfExecutions=2, time=52, subTask="Activity_0bcw6ho", startTime=357, instance=5]
Instance 6: [type=bpmn:Task, name=Add research groups, id_bpmn=Activity_1u4k5de, userTask=technician2, numberOfExecutions=2, time=46, subTask="Gateway_0w2b9qv", startTime=357, instance=6]
Instance 7: [type=bpmn:StartEvent, name=Unnamed, id_bpmn=Event_10piu52, subTask="Activity_1lsjzdf", startTime=360, instance=7]
Instance 7: [type=bpmn:Task, name=Fill out project application, id_bpmn=Activity_1lsjzdf, userTask=company1, numberOfExecutions=2, time=56, subTask="Gateway_0epbui3", startTime=360, instance=7]
Instance 1: [type=bpmn:ExclusiveGateway, name=Unnamed, id_bpmn=Gateway_14xcbek, subTask="Activity_1twduio", startTime=370, instance=1]
Instance 1: [type=bpmn:Task, name=Evaluate project quality, id_bpmn=Activity_1twduio, userTask=evaluator1, numberOfExecutions=1, time=16, subTask="Gateway_1v9au9h", startTime=370, instance=1]
Instance 1: [type=bpmn:Task, name=Evaluate project quality, id_bpmn=Activity_1twduio, userTask=evaluator2, numberOfExecutions=1, time=13, subTask="Gateway_1v9au9h", startTime=386, instance=1]
Instance 6: [type=StandBy, id_bpmn=Activity_17ptqba, startTime=357, stopTime=397, time=40, instance=6]
Instance 6: [type=bpmn:Task, name=Add companies, id_bpmn=Activity_17ptqba, userTask=technician4, numberOfExecutions=2, time=72, subTask="Gateway_0w2b9qv", startTime=397, instance=6]
Instance 2: [type=bpmn:Task, name=Finish the project, id_bpmn=Activity_0rhq2zz, userTask=company2, numberOfExecutions=2, time=62, subTask="Gateway_14xcbek", startTime=397, instance=2]
Instance 1: [type=bpmn:Task, name=Evaluate project quality, id_bpmn=Activity_1twduio, userTask=evaluator3, numberOfExecutions=1, time=16, subTask="Gateway_1v9au9h", startTime=399, instance=1]
Instance 1: [type=bpmn:ServiceTask, name=Unnamed, id_bpmn=Activity_1fx8kp5, sodSecurity=False, bodSecurity=False, uocSecurity=True, mth=1, subTask="Activity_1twduio"]
Instance 4: [type=bpmn:ExclusiveGateway, name=Unnamed, id_bpmn=Gateway_1s1smiq, subTask="Activity_07uebsf", startTime=401, instance=4]
Instance 4: [type=bpmn:Task, name=Make technical checking, id_bpmn=Activity_07uebsf, userTask=technician3, numberOfExecutions=2, time=57, subTask="Activity_0rhq2zz", startTime=401, instance=4]
Instance 3: [type=bpmn:Task, name=Finish the project, id_bpmn=Activity_0rhq2zz, userTask=company4, numberOfExecutions=2, time=60, subTask="Gateway_14xcbek", startTime=407, instance=3]
Instance 5: [type=bpmn:Task, name=Make a decision about project, id_bpmn=Activity_0bcw6ho, userTask=technician1, numberOfExecutions=2, time=63, subTask="Gateway_1s1smiq", startTime=409, instance=5]
Instance 1: [type=bpmn:ExclusiveGateway, name=Unnamed, id_bpmn=Gateway_1v9au9h, subTask="Activity_03brord", startTime=415, instance=1]
Instance 1: [type=bpmn:Task, name=Evaluate refund plan, id_bpmn=Activity_03brord, userTask=ecofinantial3, numberOfExecutions=2, time=66, subTask="Activity_03d8opo", startTime=415, instance=1]
Instance 7: [type=bpmn:ParallelGateway, name=Unnamed, id_bpmn=Gateway_0epbui3, subTask="Activity_1u4k5de, Activity_17ptqba", startTime=416, instance=7]
Instance 7: [type=bpmn:Task, name=Add research groups, id_bpmn=Activity_1u4k5de, userTask=technician2, numberOfExecutions=2, time=49, subTask="Gateway_0w2b9qv", startTime=416, instance=7]
Instance 8: [type=bpmn:StartEvent, name=Unnamed, id_bpmn=Event_10piu52, subTask="Activity_1lsjzdf", startTime=420, instance=8]
Instance 8: [type=bpmn:Task, name=Fill out project application, id_bpmn=Activity_1lsjzdf, userTask=company3, numberOfExecutions=2, time=61, subTask="Gateway_0epbui3", startTime=420, instance=8]
Instance 7: [type=StandBy, id_bpmn=Activity_17ptqba, startTime=416, stopTime=458, time=42, instance=7]
Instance 7: [type=bpmn:Task, name=Add companies, id_bpmn=Activity_17ptqba, userTask=technician3, numberOfExecutions=2, time=47, subTask="Gateway_0w2b9qv", startTime=458, instance=7]
Instance 4: [type=bpmn:Task, name=Finish the project, id_bpmn=Activity_0rhq2zz, userTask=company1, numberOfExecutions=2, time=47, subTask="Gateway_14xcbek", startTime=458, instance=4]
Instance 2: [type=bpmn:ExclusiveGateway, name=Unnamed, id_bpmn=Gateway_14xcbek, subTask="Activity_1twduio", startTime=459, instance=2]
Instance 2: [type=bpmn:Task, name=Evaluate project quality, id_bpmn=Activity_1twduio, userTask=evaluator4, numberOfExecutions=1, time=17, subTask="Gateway_1v9au9h", startTime=459, instance=2]
Instance 3: [type=bpmn:ExclusiveGateway, name=Unnamed, id_bpmn=Gateway_14xcbek, subTask="Activity_1twduio", startTime=467, instance=3]
Instance 3: [type=bpmn:Task, name=Evaluate project quality, id_bpmn=Activity_1twduio, userTask=evaluator3, numberOfExecutions=3, time=89, subTask="Gateway_1v9au9h", startTime=467, instance=3]
Instance 3: [type=bpmn:ServiceTask, name=Unnamed, id_bpmn=Activity_1fx8kp5, sodSecurity=False, bodSecurity=False, uocSecurity=True, mth=1, subTask="Activity_1twduio"]
Instance 6: [type=bpmn:ParallelGateway, name=Unnamed, id_bpmn=Gateway_0w2b9qv, subTask="Activity_1conkxb", startTime=469, instance=6]
Instance 5: [type=bpmn:ExclusiveGateway, name=Unnamed, id_bpmn=Gateway_1s1smiq, subTask="Activity_07uebsf", startTime=472, instance=5]
Instance 5: [type=bpmn:Task, name=Make technical checking, id_bpmn=Activity_07uebsf, userTask=technician4, numberOfExecutions=2, time=53, subTask="Activity_0rhq2zz", startTime=472, instance=5]
Instance 2: [type=bpmn:Task, name=Evaluate project quality, id_bpmn=Activity_1twduio, userTask=evaluator1, numberOfExecutions=1, time=16, subTask="Gateway_1v9au9h", startTime=476, instance=2]
Instance 9: [type=bpmn:StartEvent, name=Unnamed, id_bpmn=Event_10piu52, subTask="Activity_1lsjzdf", startTime=480, instance=9]
Instance 9: [type=bpmn:Task, name=Fill out project application, id_bpmn=Activity_1lsjzdf, userTask=company2, numberOfExecutions=2, time=59, subTask="Gateway_0epbui3", startTime=480, instance=9]
Instance 8: [type=bpmn:ParallelGateway, name=Unnamed, id_bpmn=Gateway_0epbui3, subTask="Activity_1u4k5de, Activity_17ptqba", startTime=481, instance=8]
Instance 1: [type=bpmn:Task, name=Decide external auditing, id_bpmn=Activity_03d8opo, userTask=ecofinantial2, numberOfExecutions=2, time=44, subTask="Activity_1p7rey7", startTime=481, instance=1]
Instance 8: [type=bpmn:Task, name=Add research groups, id_bpmn=Activity_1u4k5de, userTask=technician1, numberOfExecutions=2, time=40, subTask="Gateway_0w2b9qv", startTime=481, instance=8]
Instance 8: [type=bpmn:Task, name=Add companies, id_bpmn=Activity_17ptqba, userTask=technician2, numberOfExecutions=2, time=50, subTask="Gateway_0w2b9qv", startTime=481, instance=8]
Instance 2: [type=bpmn:Task, name=Evaluate project quality, id_bpmn=Activity_1twduio, userTask=evaluator2, numberOfExecutions=1, time=11, subTask="Gateway_1v9au9h", startTime=492, instance=2]
Instance 2: [type=bpmn:ServiceTask, name=Unnamed, id_bpmn=Activity_1fx8kp5, sodSecurity=False, bodSecurity=False, uocSecurity=True, mth=1, subTask="Activity_1twduio"]
Instance 2: [type=bpmn:ExclusiveGateway, name=Unnamed, id_bpmn=Gateway_1v9au9h, subTask="Activity_03brord", startTime=503, instance=2]
Instance 6: [type=StandBy, id_bpmn=Activity_1conkxb, startTime=469, stopTime=503, time=34, instance=6]
Instance 6: [type=bpmn:Task, name=Evaluate project, id_bpmn=Activity_1conkxb, userTask=evaluator4, numberOfExecutions=2, time=59, subTask="Activity_0bcw6ho", startTime=503, instance=6]
Instance 2: [type=bpmn:Task, name=Evaluate refund plan, id_bpmn=Activity_03brord, userTask=ecofinantial1, numberOfExecutions=2, time=61, subTask="Activity_03d8opo", startTime=503, instance=2]
Instance 7: [type=bpmn:ParallelGateway, name=Unnamed, id_bpmn=Gateway_0w2b9qv, subTask="Activity_1conkxb", startTime=505, instance=7]
Instance 4: [type=bpmn:ExclusiveGateway, name=Unnamed, id_bpmn=Gateway_14xcbek, subTask="Activity_1twduio", startTime=505, instance=4]
Instance 7: [type=bpmn:Task, name=Evaluate project, id_bpmn=Activity_1conkxb, userTask=evaluator1, numberOfExecutions=2, time=60, subTask="Activity_0bcw6ho", startTime=505, instance=7]
Instance 4: [type=bpmn:Task, name=Evaluate project quality, id_bpmn=Activity_1twduio, userTask=evaluator2, numberOfExecutions=3, time=101, subTask="Gateway_1v9au9h", startTime=505, instance=4]
Instance 4: [type=bpmn:ServiceTask, name=Unnamed, id_bpmn=Activity_1fx8kp5, sodSecurity=False, bodSecurity=False, uocSecurity=True, mth=1, subTask="Activity_1twduio"]
Instance 5: [type=bpmn:Task, name=Finish the project, id_bpmn=Activity_0rhq2zz, userTask=company4, numberOfExecutions=2, time=54, subTask="Gateway_14xcbek", startTime=525, instance=5]
Instance 1: [type=bpmn:Task, name=Refund, id_bpmn=Activity_1p7rey7, userTask=company3, numberOfExecutions=2, time=44, subTask="Event_1racnnc", startTime=525, instance=1]
Instance 8: [type=bpmn:ParallelGateway, name=Unnamed, id_bpmn=Gateway_0w2b9qv, subTask="Activity_1conkxb", startTime=531, instance=8]
Instance 9: [type=bpmn:ParallelGateway, name=Unnamed, id_bpmn=Gateway_0epbui3, subTask="Activity_1u4k5de, Activity_17ptqba", startTime=539, instance=9]
Instance 9: [type=bpmn:Task, name=Add research groups, id_bpmn=Activity_1u4k5de, userTask=technician4, numberOfExecutions=2, time=48, subTask="Gateway_0w2b9qv", startTime=539, instance=9]
Instance 9: [type=bpmn:Task, name=Add companies, id_bpmn=Activity_17ptqba, userTask=technician3, numberOfExecutions=2, time=56, subTask="Gateway_0w2b9qv", startTime=539, instance=9]
Instance 10: [type=bpmn:StartEvent, name=Unnamed, id_bpmn=Event_10piu52, subTask="Activity_1lsjzdf", startTime=540, instance=10]
Instance 10: [type=bpmn:Task, name=Fill out project application, id_bpmn=Activity_1lsjzdf, userTask=company1, numberOfExecutions=2, time=53, subTask="Gateway_0epbui3", startTime=540, instance=10]
Instance 3: [type=bpmn:ExclusiveGateway, name=Unnamed, id_bpmn=Gateway_1v9au9h, subTask="Activity_03brord", startTime=556, instance=3]
Instance 8: [type=StandBy, id_bpmn=Activity_1conkxb, startTime=531, stopTime=556, time=25, instance=8]
Instance 8: [type=bpmn:Task, name=Evaluate project, id_bpmn=Activity_1conkxb, userTask=evaluator3, numberOfExecutions=2, time=60, subTask="Activity_0bcw6ho", startTime=556, instance=8]
Instance 3: [type=bpmn:Task, name=Evaluate refund plan, id_bpmn=Activity_03brord, userTask=ecofinantial3, numberOfExecutions=2, time=53, subTask="Activity_03d8opo", startTime=556, instance=3]
Instance 6: [type=bpmn:Task, name=Make a decision about project, id_bpmn=Activity_0bcw6ho, userTask=technician1, numberOfExecutions=2, time=57, subTask="Gateway_1s1smiq", startTime=562, instance=6]
Instance 2: [type=bpmn:Task, name=Decide external auditing, id_bpmn=Activity_03d8opo, userTask=ecofinantial2, numberOfExecutions=2, time=48, subTask="Activity_1p7rey7", startTime=564, instance=2]
Instance 7: [type=bpmn:Task, name=Make a decision about project, id_bpmn=Activity_0bcw6ho, userTask=technician2, numberOfExecutions=2, time=52, subTask="Gateway_1s1smiq", startTime=565, instance=7]
Instance 1: [type=bpmn:EndEvent, name=Unnamed, id_bpmn=Event_1racnnc, subTask="", startTime=569, instance=1]
Instance 5: [type=bpmn:ExclusiveGateway, name=Unnamed, id_bpmn=Gateway_14xcbek, subTask="Activity_1twduio", startTime=579, instance=5]
Instance 5: [type=bpmn:Task, name=Evaluate project quality, id_bpmn=Activity_1twduio, userTask=evaluator4, numberOfExecutions=3, time=106, subTask="Gateway_1v9au9h", startTime=579, instance=5]
Instance 5: [type=bpmn:ServiceTask, name=Unnamed, id_bpmn=Activity_1fx8kp5, sodSecurity=False, bodSecurity=False, uocSecurity=True, mth=1, subTask="Activity_1twduio"]
Instance 10: [type=bpmn:ParallelGateway, name=Unnamed, id_bpmn=Gateway_0epbui3, subTask="Activity_1u4k5de, Activity_17ptqba", startTime=593, instance=10]
Instance 10: [type=bpmn:Task, name=Add research groups, id_bpmn=Activity_1u4k5de, userTask=technician4, numberOfExecutions=2, time=47, subTask="Gateway_0w2b9qv", startTime=593, instance=10]
Instance 9: [type=bpmn:ParallelGateway, name=Unnamed, id_bpmn=Gateway_0w2b9qv, subTask="Activity_1conkxb", startTime=595, instance=9]
Instance 10: [type=StandBy, id_bpmn=Activity_17ptqba, startTime=593, stopTime=595, time=2, instance=10]
Instance 10: [type=bpmn:Task, name=Add companies, id_bpmn=Activity_17ptqba, userTask=technician3, numberOfExecutions=2, time=54, subTask="Gateway_0w2b9qv", startTime=595, instance=10]
Instance 9: [type=bpmn:Task, name=Evaluate project, id_bpmn=Activity_1conkxb, userTask=evaluator1, numberOfExecutions=2, time=55, subTask="Activity_0bcw6ho", startTime=595, instance=9]
Instance 4: [type=bpmn:ExclusiveGateway, name=Unnamed, id_bpmn=Gateway_1v9au9h, subTask="Activity_03brord", startTime=606, instance=4]
Instance 4: [type=bpmn:Task, name=Evaluate refund plan, id_bpmn=Activity_03brord, userTask=ecofinantial1, numberOfExecutions=2, time=54, subTask="Activity_03d8opo", startTime=606, instance=4]
Instance 3: [type=bpmn:Task, name=Decide external auditing, id_bpmn=Activity_03d8opo, userTask=ecofinantial3, numberOfExecutions=2, time=51, subTask="Activity_1p7rey7", startTime=609, instance=3]
Instance 2: [type=bpmn:Task, name=Refund, id_bpmn=Activity_1p7rey7, userTask=company2, numberOfExecutions=2, time=55, subTask="Event_1racnnc", startTime=612, instance=2]
Instance 7: [type=bpmn:ExclusiveGateway, name=Unnamed, id_bpmn=Gateway_1s1smiq, subTask="Activity_07uebsf", startTime=617, instance=7]
Instance 8: [type=StandBy, id_bpmn=Activity_0bcw6ho, startTime=616, stopTime=617, time=1, instance=8]
Instance 8: [type=bpmn:Task, name=Make a decision about project, id_bpmn=Activity_0bcw6ho, userTask=technician2, numberOfExecutions=2, time=68, subTask="Gateway_1s1smiq", startTime=617, instance=8]
Instance 6: [type=bpmn:ExclusiveGateway, name=Unnamed, id_bpmn=Gateway_1s1smiq, subTask="Activity_07uebsf", startTime=619, instance=6]
Instance 7: [type=StandBy, id_bpmn=Activity_07uebsf, startTime=617, stopTime=619, time=2, instance=7]
Instance 7: [type=bpmn:Task, name=Make technical checking, id_bpmn=Activity_07uebsf, userTask=technician1, numberOfExecutions=2, time=52, subTask="Activity_0rhq2zz", startTime=619, instance=7]
Instance 6: [type=StandBy, id_bpmn=Activity_07uebsf, startTime=619, stopTime=640, time=21, instance=6]
Instance 6: [type=bpmn:Task, name=Make technical checking, id_bpmn=Activity_07uebsf, userTask=technician4, numberOfExecutions=2, time=57, subTask="Activity_0rhq2zz", startTime=640, instance=6]
Instance 10: [type=bpmn:ParallelGateway, name=Unnamed, id_bpmn=Gateway_0w2b9qv, subTask="Activity_1conkxb", startTime=649, instance=10]
Instance 10: [type=bpmn:Task, name=Evaluate project, id_bpmn=Activity_1conkxb, userTask=evaluator2, numberOfExecutions=2, time=54, subTask="Activity_0bcw6ho", startTime=649, instance=10]
Instance 9: [type=bpmn:Task, name=Make a decision about project, id_bpmn=Activity_0bcw6ho, userTask=technician3, numberOfExecutions=2, time=58, subTask="Gateway_1s1smiq", startTime=650, instance=9]
Instance 4: [type=bpmn:Task, name=Decide external auditing, id_bpmn=Activity_03d8opo, userTask=ecofinantial2, numberOfExecutions=2, time=51, subTask="Activity_1p7rey7", startTime=660, instance=4]
Instance 3: [type=bpmn:Task, name=Refund, id_bpmn=Activity_1p7rey7, userTask=company4, numberOfExecutions=2, time=48, subTask="Event_1racnnc", startTime=660, instance=3]
Instance 2: [type=bpmn:EndEvent, name=Unnamed, id_bpmn=Event_1racnnc, subTask="", startTime=667, instance=2]
Instance 7: [type=bpmn:Task, name=Finish the project, id_bpmn=Activity_0rhq2zz, userTask=company3, numberOfExecutions=2, time=60, subTask="Gateway_14xcbek", startTime=671, instance=7]
Instance 5: [type=bpmn:ExclusiveGateway, name=Unnamed, id_bpmn=Gateway_1v9au9h, subTask="Activity_03brord", startTime=685, instance=5]
Instance 8: [type=bpmn:ExclusiveGateway, name=Unnamed, id_bpmn=Gateway_1s1smiq, subTask="Activity_07uebsf", startTime=685, instance=8]
Instance 5: [type=bpmn:Task, name=Evaluate refund plan, id_bpmn=Activity_03brord, userTask=ecofinantial1, numberOfExecutions=2, time=54, subTask="Activity_03d8opo", startTime=685, instance=5]
Instance 8: [type=bpmn:Task, name=Make technical checking, id_bpmn=Activity_07uebsf, userTask=technician1, numberOfExecutions=2, time=50, subTask="Activity_0rhq2zz", startTime=685, instance=8]
Instance 6: [type=bpmn:Task, name=Finish the project, id_bpmn=Activity_0rhq2zz, userTask=company1, numberOfExecutions=2, time=54, subTask="Gateway_14xcbek", startTime=697, instance=6]
Instance 10: [type=bpmn:Task, name=Make a decision about project, id_bpmn=Activity_0bcw6ho, userTask=technician2, numberOfExecutions=2, time=59, subTask="Gateway_1s1smiq", startTime=703, instance=10]
Instance 9: [type=bpmn:ExclusiveGateway, name=Unnamed, id_bpmn=Gateway_1s1smiq, subTask="Activity_07uebsf", startTime=708, instance=9]
Instance 3: [type=bpmn:EndEvent, name=Unnamed, id_bpmn=Event_1racnnc, subTask="", startTime=708, instance=3]
Instance 9: [type=bpmn:Task, name=Make technical checking, id_bpmn=Activity_07uebsf, userTask=technician4, numberOfExecutions=2, time=52, subTask="Activity_0rhq2zz", startTime=708, instance=9]
Instance 4: [type=bpmn:Task, name=Refund, id_bpmn=Activity_1p7rey7, userTask=company2, numberOfExecutions=2, time=57, subTask="Event_1racnnc", startTime=711, instance=4]
Instance 7: [type=bpmn:ExclusiveGateway, name=Unnamed, id_bpmn=Gateway_14xcbek, subTask="Activity_1twduio", startTime=731, instance=7]
Instance 7: [type=bpmn:Task, name=Evaluate project quality, id_bpmn=Activity_1twduio, userTask=evaluator4, numberOfExecutions=1, time=16, subTask="Gateway_1v9au9h", startTime=731, instance=7]
Instance 8: [type=bpmn:Task, name=Finish the project, id_bpmn=Activity_0rhq2zz, userTask=company4, numberOfExecutions=2, time=59, subTask="Gateway_14xcbek", startTime=735, instance=8]
Instance 5: [type=bpmn:Task, name=Decide external auditing, id_bpmn=Activity_03d8opo, userTask=ecofinantial3, numberOfExecutions=2, time=49, subTask="Activity_1p7rey7", startTime=739, instance=5]
Instance 7: [type=bpmn:Task, name=Evaluate project quality, id_bpmn=Activity_1twduio, userTask=evaluator1, numberOfExecutions=1, time=12, subTask="Gateway_1v9au9h", startTime=747, instance=7]
Instance 6: [type=bpmn:ExclusiveGateway, name=Unnamed, id_bpmn=Gateway_14xcbek, subTask="Activity_1twduio", startTime=751, instance=6]
Instance 6: [type=bpmn:Task, name=Evaluate project quality, id_bpmn=Activity_1twduio, userTask=evaluator3, numberOfExecutions=3, time=88, subTask="Gateway_1v9au9h", startTime=751, instance=6]
Instance 6: [type=bpmn:ServiceTask, name=Unnamed, id_bpmn=Activity_1fx8kp5, sodSecurity=False, bodSecurity=False, uocSecurity=True, mth=1, subTask="Activity_1twduio"]
Instance 7: [type=bpmn:Task, name=Evaluate project quality, id_bpmn=Activity_1twduio, userTask=evaluator2, numberOfExecutions=1, time=17, subTask="Gateway_1v9au9h", startTime=759, instance=7]
Instance 7: [type=bpmn:ServiceTask, name=Unnamed, id_bpmn=Activity_1fx8kp5, sodSecurity=False, bodSecurity=False, uocSecurity=True, mth=1, subTask="Activity_1twduio"]
Instance 9: [type=bpmn:Task, name=Finish the project, id_bpmn=Activity_0rhq2zz, userTask=company3, numberOfExecutions=2, time=51, subTask="Gateway_14xcbek", startTime=760, instance=9]
Instance 10: [type=bpmn:ExclusiveGateway, name=Unnamed, id_bpmn=Gateway_1s1smiq, subTask="Activity_07uebsf", startTime=762, instance=10]
Instance 10: [type=bpmn:Task, name=Make technical checking, id_bpmn=Activity_07uebsf, userTask=technician3, numberOfExecutions=2, time=57, subTask="Activity_0rhq2zz", startTime=762, instance=10]
Instance 4: [type=bpmn:EndEvent, name=Unnamed, id_bpmn=Event_1racnnc, subTask="", startTime=768, instance=4]
Instance 7: [type=bpmn:ExclusiveGateway, name=Unnamed, id_bpmn=Gateway_1v9au9h, subTask="Activity_03brord", startTime=776, instance=7]
Instance 7: [type=bpmn:Task, name=Evaluate refund plan, id_bpmn=Activity_03brord, userTask=ecofinantial2, numberOfExecutions=2, time=66, subTask="Activity_03d8opo", startTime=776, instance=7]
Instance 5: [type=bpmn:Task, name=Refund, id_bpmn=Activity_1p7rey7, userTask=company1, numberOfExecutions=2, time=63, subTask="Event_1racnnc", startTime=788, instance=5]
Instance 8: [type=bpmn:ExclusiveGateway, name=Unnamed, id_bpmn=Gateway_14xcbek, subTask="Activity_1twduio", startTime=794, instance=8]
Instance 8: [type=bpmn:Task, name=Evaluate project quality, id_bpmn=Activity_1twduio, userTask=evaluator4, numberOfExecutions=1, time=14, subTask="Gateway_1v9au9h", startTime=794, instance=8]
Instance 8: [type=bpmn:Task, name=Evaluate project quality, id_bpmn=Activity_1twduio, userTask=evaluator1, numberOfExecutions=1, time=14, subTask="Gateway_1v9au9h", startTime=808, instance=8]
Instance 9: [type=bpmn:ExclusiveGateway, name=Unnamed, id_bpmn=Gateway_14xcbek, subTask="Activity_1twduio", startTime=811, instance=9]
Instance 10: [type=bpmn:Task, name=Finish the project, id_bpmn=Activity_0rhq2zz, userTask=company2, numberOfExecutions=2, time=63, subTask="Gateway_14xcbek", startTime=819, instance=10]
Instance 8: [type=bpmn:Task, name=Evaluate project quality, id_bpmn=Activity_1twduio, userTask=evaluator2, numberOfExecutions=1, time=11, subTask="Gateway_1v9au9h", startTime=822, instance=8]
Instance 8: [type=bpmn:ServiceTask, name=Unnamed, id_bpmn=Activity_1fx8kp5, sodSecurity=False, bodSecurity=False, uocSecurity=True, mth=1, subTask="Activity_1twduio"]
Instance 8: [type=bpmn:ExclusiveGateway, name=Unnamed, id_bpmn=Gateway_1v9au9h, subTask="Activity_03brord", startTime=833, instance=8]
Instance 9: [type=StandBy, id_bpmn=Activity_1twduio, startTime=811, stopTime=833, time=22, instance=9]
Instance 9: [type=bpmn:Task, name=Evaluate project quality, id_bpmn=Activity_1twduio, userTask=evaluator4, numberOfExecutions=3, time=83, subTask="Gateway_1v9au9h", startTime=833, instance=9]
Instance 9: [type=bpmn:ServiceTask, name=Unnamed, id_bpmn=Activity_1fx8kp5, sodSecurity=False, bodSecurity=False, uocSecurity=True, mth=1, subTask="Activity_1twduio"]
Instance 8: [type=bpmn:Task, name=Evaluate refund plan, id_bpmn=Activity_03brord, userTask=ecofinantial1, numberOfExecutions=2, time=41, subTask="Activity_03d8opo", startTime=833, instance=8]
Instance 6: [type=bpmn:ExclusiveGateway, name=Unnamed, id_bpmn=Gateway_1v9au9h, subTask="Activity_03brord", startTime=839, instance=6]
Instance 6: [type=bpmn:Task, name=Evaluate refund plan, id_bpmn=Activity_03brord, userTask=ecofinantial3, numberOfExecutions=2, time=46, subTask="Activity_03d8opo", startTime=839, instance=6]
Instance 7: [type=bpmn:Task, name=Decide external auditing, id_bpmn=Activity_03d8opo, userTask=ecofinantial2, numberOfExecutions=2, time=48, subTask="Activity_1p7rey7", startTime=842, instance=7]
Instance 5: [type=bpmn:EndEvent, name=Unnamed, id_bpmn=Event_1racnnc, subTask="", startTime=851, instance=5]
Instance 8: [type=bpmn:Task, name=Decide external auditing, id_bpmn=Activity_03d8opo, userTask=ecofinantial1, numberOfExecutions=2, time=62, subTask="Activity_1p7rey7", startTime=874, instance=8]
Instance 10: [type=bpmn:ExclusiveGateway, name=Unnamed, id_bpmn=Gateway_14xcbek, subTask="Activity_1twduio", startTime=882, instance=10]
Instance 10: [type=bpmn:Task, name=Evaluate project quality, id_bpmn=Activity_1twduio, userTask=evaluator1, numberOfExecutions=1, time=12, subTask="Gateway_1v9au9h", startTime=882, instance=10]
Instance 6: [type=bpmn:Task, name=Decide external auditing, id_bpmn=Activity_03d8opo, userTask=ecofinantial3, numberOfExecutions=2, time=41, subTask="Activity_1p7rey7", startTime=885, instance=6]
Instance 7: [type=bpmn:Task, name=Refund, id_bpmn=Activity_1p7rey7, userTask=company4, numberOfExecutions=2, time=67, subTask="Event_1racnnc", startTime=890, instance=7]
Instance 10: [type=bpmn:Task, name=Evaluate project quality, id_bpmn=Activity_1twduio, userTask=evaluator2, numberOfExecutions=1, time=10, subTask="Gateway_1v9au9h", startTime=894, instance=10]
Instance 10: [type=bpmn:Task, name=Evaluate project quality, id_bpmn=Activity_1twduio, userTask=evaluator3, numberOfExecutions=1, time=16, subTask="Gateway_1v9au9h", startTime=904, instance=10]
Instance 10: [type=bpmn:ServiceTask, name=Unnamed, id_bpmn=Activity_1fx8kp5, sodSecurity=False, bodSecurity=False, uocSecurity=True, mth=1, subTask="Activity_1twduio"]
Instance 9: [type=bpmn:ExclusiveGateway, name=Unnamed, id_bpmn=Gateway_1v9au9h, subTask="Activity_03brord", startTime=916, instance=9]
Instance 9: [type=bpmn:Task, name=Evaluate refund plan, id_bpmn=Activity_03brord, userTask=ecofinantial2, numberOfExecutions=2, time=58, subTask="Activity_03d8opo", startTime=916, instance=9]
Instance 10: [type=bpmn:ExclusiveGateway, name=Unnamed, id_bpmn=Gateway_1v9au9h, subTask="Activity_03brord", startTime=920, instance=10]
Instance 10: [type=StandBy, id_bpmn=Activity_03brord, startTime=920, stopTime=926, time=6, instance=10]
Instance 10: [type=bpmn:Task, name=Evaluate refund plan, id_bpmn=Activity_03brord, userTask=ecofinantial3, numberOfExecutions=2, time=48, subTask="Activity_03d8opo", startTime=926, instance=10]
Instance 6: [type=bpmn:Task, name=Refund, id_bpmn=Activity_1p7rey7, userTask=company3, numberOfExecutions=2, time=56, subTask="Event_1racnnc", startTime=926, instance=6]
Instance 8: [type=bpmn:Task, name=Refund, id_bpmn=Activity_1p7rey7, userTask=company1, numberOfExecutions=2, time=70, subTask="Event_1racnnc", startTime=936, instance=8]
Instance 7: [type=bpmn:EndEvent, name=Unnamed, id_bpmn=Event_1racnnc, subTask="", startTime=957, instance=7]
Instance 9: [type=bpmn:Task, name=Decide external auditing, id_bpmn=Activity_03d8opo, userTask=ecofinantial1, numberOfExecutions=2, time=52, subTask="Activity_1p7rey7", startTime=974, instance=9]
Instance 10: [type=bpmn:Task, name=Decide external auditing, id_bpmn=Activity_03d8opo, userTask=ecofinantial2, numberOfExecutions=2, time=53, subTask="Activity_1p7rey7", startTime=974, instance=10]
Instance 6: [type=bpmn:EndEvent, name=Unnamed, id_bpmn=Event_1racnnc, subTask="", startTime=982, instance=6]
Instance 8: [type=bpmn:EndEvent, name=Unnamed, id_bpmn=Event_1racnnc, subTask="", startTime=1006, instance=8]
Instance 9: [type=bpmn:Task, name=Refund, id_bpmn=Activity_1p7rey7, userTask=company2, numberOfExecutions=2, time=48, subTask="Event_1racnnc", startTime=1026, instance=9]
Instance 10: [type=bpmn:Task, name=Refund, id_bpmn=Activity_1p7rey7, userTask=company4, numberOfExecutions=2, time=59, subTask="Event_1racnnc", startTime=1027, instance=10]
Instance 9: [type=bpmn:EndEvent, name=Unnamed, id_bpmn=Event_1racnnc, subTask="", startTime=1074, instance=9]
Instance 10: [type=bpmn:EndEvent, name=Unnamed, id_bpmn=Event_1racnnc, subTask="", startTime=1086, instance=10]