Element: [type=bpmn:Collaboration, name=Unnamed, id_bpmn=Collaboration_0katfe5, instances=10]
Instance 1: [type=bpmn:StartEvent, name=Unnamed, id_bpmn=Event_10piu52, subTask="Activity_1lsjzdf", startTime=0, instance=1]
Instance 1: [type=bpmn:Task, name=Fill out project application, id_bpmn=Activity_1lsjzdf, userTask=company1, numberOfExecutions=2, time=55, subTask="Gateway_0epbui3", startTime=0, instance=1]
Instance 1: [type=bpmn:ParallelGateway, name=Unnamed, id_bpmn=Gateway_0epbui3, subTask="Activity_1u4k5de, Activity_17ptqba", startTime=55, instance=1]
Instance 1: [type=bpmn:Task, name=Add research groups, id_bpmn=Activity_1u4k5de, userTask=technician1, numberOfExecutions=2, time=53, subTask="Gateway_0w2b9qv", startTime=55, instance=1]
Instance 1: [type=bpmn:Task, name=Add companies, id_bpmn=Activity_17ptqba, userTask=technician2, numberOfExecutions=2, time=58, subTask="Gateway_0w2b9qv", startTime=55, instance=1]
Instance 2: [type=bpmn:StartEvent, name=Unnamed, id_bpmn=Event_10piu52, subTask="Activity_1lsjzdf", startTime=60, instance=2]
Instance 2: [type=bpmn:Task, name=Fill out project application, id_bpmn=Activity_1lsjzdf, userTask=company2, numberOfExecutions=2, time=41, subTask="Gateway_0epbui3", startTime=60, instance=2]
Instance 2: [type=bpmn:ParallelGateway, name=Unnamed, id_bpmn=Gateway_0epbui3, subTask="Activity_1u4k5de, Activity_17ptqba", startTime=101, instance=2]
Instance 2: [type=bpmn:Task, name=Add research groups, id_bpmn=Activity_1u4k5de, userTask=allLane2, numberOfExecutions=2, time=57, subTask="Gateway_0w2b9qv", startTime=101, instance=2]
Instance 2: [type=bpmn:Task, name=Add companies, id_bpmn=Activity_17ptqba, userTask=allLane1, numberOfExecutions=2, time=57, subTask="Gateway_0w2b9qv", startTime=101, instance=2]
Instance 1: [type=bpmn:ParallelGateway, name=Unnamed, id_bpmn=Gateway_0w2b9qv, subTask="Activity_1conkxb", startTime=113, instance=1]
Instance 1: [type=bpmn:Task, name=Evaluate project, id_bpmn=Activity_1conkxb, userTask=evaluator2, numberOfExecutions=2, time=54, subTask="Activity_0bcw6ho", startTime=113, instance=1]
Instance 1: [type=bpmn:ServiceTask, name=Unnamed, id_bpmn=Activity_0xf32a2, sodSecurity=True, bodSecurity=False, uocSecurity=False, mth=0, subTask="Activity_17ptqba, Activity_1conkxb"]
Instance 3: [type=bpmn:StartEvent, name=Unnamed, id_bpmn=Event_10piu52, subTask="Activity_1lsjzdf", startTime=120, instance=3]
Instance 3: [type=bpmn:Task, name=Fill out project application, id_bpmn=Activity_1lsjzdf, userTask=company1, numberOfExecutions=2, time=58, subTask="Gateway_0epbui3", startTime=120, instance=3]
Instance 2: [type=bpmn:ParallelGateway, name=Unnamed, id_bpmn=Gateway_0w2b9qv, subTask="Activity_1conkxb", startTime=158, instance=2]
Instance 2: [type=bpmn:Task, name=Evaluate project, id_bpmn=Activity_1conkxb, userTask=evaluator1, numberOfExecutions=2, time=58, subTask="Activity_0bcw6ho", startTime=158, instance=2]
Instance 2: [type=bpmn:ServiceTask, name=Unnamed, id_bpmn=Activity_0xf32a2, sodSecurity=True, bodSecurity=False, uocSecurity=False, mth=0, subTask="Activity_17ptqba, Activity_1conkxb"]
Instance 1: [type=bpmn:Task, name=Make a decision about project, id_bpmn=Activity_0bcw6ho, userTask=technician1, numberOfExecutions=2, time=30, subTask="Gateway_1s1smiq", startTime=167, instance=1]
Instance 3: [type=bpmn:ParallelGateway, name=Unnamed, id_bpmn=Gateway_0epbui3, subTask="Activity_1u4k5de, Activity_17ptqba", startTime=178, instance=3]
Instance 3: [type=bpmn:Task, name=Add research groups, id_bpmn=Activity_1u4k5de, userTask=allLane2, numberOfExecutions=2, time=53, subTask="Gateway_0w2b9qv", startTime=178, instance=3]
Instance 3: [type=bpmn:Task, name=Add companies, id_bpmn=Activity_17ptqba, userTask=allLane1, numberOfExecutions=2, time=54, subTask="Gateway_0w2b9qv", startTime=178, instance=3]
Instance 4: [type=bpmn:StartEvent, name=Unnamed, id_bpmn=Event_10piu52, subTask="Activity_1lsjzdf", startTime=180, instance=4]
Instance 4: [type=bpmn:Task, name=Fill out project application, id_bpmn=Activity_1lsjzdf, userTask=company2, numberOfExecutions=2, time=70, subTask="Gateway_0epbui3", startTime=180, instance=4]
Instance 1: [type=bpmn:Task, name=Make a decision about project, id_bpmn=Activity_0bcw6ho, userTask=technician2, numberOfExecutions=1, time=13, subTask="Gateway_1s1smiq", startTime=197, instance=1]
Instance 1: [type=bpmn:ServiceTask, name=Unnamed, id_bpmn=Activity_1pfd2dv, sodSecurity=False, bodSecurity=False, uocSecurity=True, mth=2, subTask="Activity_0bcw6ho"]
Instance 1: [type=bpmn:ExclusiveGateway, name=Unnamed, id_bpmn=Gateway_1s1smiq, subTask="Activity_07uebsf", startTime=210, instance=1]
Instance 1: [type=bpmn:Task, name=Make technical checking, id_bpmn=Activity_07uebsf, userTask=technician1, numberOfExecutions=2, time=63, subTask="Activity_0rhq2zz", startTime=210, instance=1]
Instance 2: [type=bpmn:Task, name=Make a decision about project, id_bpmn=Activity_0bcw6ho, userTask=technician2, numberOfExecutions=3, time=94, subTask="Gateway_1s1smiq", startTime=216, instance=2]
Instance 2: [type=bpmn:ServiceTask, name=Unnamed, id_bpmn=Activity_1pfd2dv, sodSecurity=False, bodSecurity=False, uocSecurity=True, mth=2, subTask="Activity_0bcw6ho"]
Instance 3: [type=bpmn:ParallelGateway, name=Unnamed, id_bpmn=Gateway_0w2b9qv, subTask="Activity_1conkxb", startTime=232, instance=3]
Instance 3: [type=bpmn:Task, name=Evaluate project, id_bpmn=Activity_1conkxb, userTask=evaluator2, numberOfExecutions=2, time=68, subTask="Activity_0bcw6ho", startTime=232, instance=3]
Instance 3: [type=bpmn:ServiceTask, name=Unnamed, id_bpmn=Activity_0xf32a2, sodSecurity=True, bodSecurity=False, uocSecurity=False, mth=0, subTask="Activity_17ptqba, Activity_1conkxb"]
Instance 5: [type=bpmn:StartEvent, name=Unnamed, id_bpmn=Event_10piu52, subTask="Activity_1lsjzdf", startTime=240, instance=5]
Instance 5: [type=bpmn:Task, name=Fill out project application, id_bpmn=Activity_1lsjzdf, userTask=company1, numberOfExecutions=2, time=49, subTask="Gateway_0epbui3", startTime=240, instance=5]
Instance 4: [type=bpmn:ParallelGateway, name=Unnamed, id_bpmn=Gateway_0epbui3, subTask="Activity_1u4k5de, Activity_17ptqba", startTime=250, instance=4]
Instance 4: [type=bpmn:Task, name=Add research groups, id_bpmn=Activity_1u4k5de, userTask=allLane2, numberOfExecutions=2, time=55, subTask="Gateway_0w2b9qv", startTime=250, instance=4]
Instance 4: [type=bpmn:Task, name=Add companies, id_bpmn=Activity_17ptqba, userTask=allLane1, numberOfExecutions=2, time=47, subTask="Gateway_0w2b9qv", startTime=250, instance=4]
Instance 1: [type=bpmn:Task, name=Finish the project, id_bpmn=Activity_0rhq2zz, userTask=company2, numberOfExecutions=2, time=63, subTask="Gateway_14xcbek", startTime=273, instance=1]
Instance 1: [type=bpmn:ServiceTask, name=Unnamed, id_bpmn=Activity_1xtsdxu, sodSecurity=False, bodSecurity=True, uocSecurity=False, mth=0, subTask="Activity_0rhq2zz, Activity_1lsjzdf"]
Instance 5: [type=bpmn:ParallelGateway, name=Unnamed, id_bpmn=Gateway_0epbui3, subTask="Activity_1u4k5de, Activity_17ptqba", startTime=289, instance=5]
Instance 5: [type=bpmn:Task, name=Add research groups, id_bpmn=Activity_1u4k5de, userTask=technician1, numberOfExecutions=2, time=67, subTask="Gateway_0w2b9qv", startTime=289, instance=5]
Instance 5: [type=StandBy, id_bpmn=Activity_17ptqba, startTime=289, stopTime=297, time=8, instance=5]
Instance 5: [type=bpmn:Task, name=Add companies, id_bpmn=Activity_17ptqba, userTask=allLane1, numberOfExecutions=2, time=48, subTask="Gateway_0w2b9qv", startTime=297, instance=5]
Instance 6: [type=bpmn:StartEvent, name=Unnamed, id_bpmn=Event_10piu52, subTask="Activity_1lsjzdf", startTime=300, instance=6]
Instance 6: [type=bpmn:Task, name=Fill out project application, id_bpmn=Activity_1lsjzdf, userTask=company1, numberOfExecutions=2, time=46, subTask="Gateway_0epbui3", startTime=300, instance=6]
Instance 4: [type=bpmn:ParallelGateway, name=Unnamed, id_bpmn=Gateway_0w2b9qv, subTask="Activity_1conkxb", startTime=305, instance=4]
Instance 3: [type=StandBy, id_bpmn=Activity_0bcw6ho, startTime=300, stopTime=305, time=5, instance=3]
Instance 3: [type=bpmn:Task, name=Make a decision about project, id_bpmn=Activity_0bcw6ho, userTask=allLane2, numberOfExecutions=3, time=88, subTask="Gateway_1s1smiq", startTime=305, instance=3]
Instance 3: [type=bpmn:ServiceTask, name=Unnamed, id_bpmn=Activity_1pfd2dv, sodSecurity=False, bodSecurity=False, uocSecurity=True, mth=2, subTask="Activity_0bcw6ho"]
Instance 4: [type=bpmn:Task, name=Evaluate project, id_bpmn=Activity_1conkxb, userTask=evaluator1, numberOfExecutions=2, time=65, subTask="Activity_0bcw6ho", startTime=305, instance=4]
Instance 4: [type=bpmn:ServiceTask, name=Unnamed, id_bpmn=Activity_0xf32a2, sodSecurity=True, bodSecurity=False, uocSecurity=False, mth=0, subTask="Activity_17ptqba, Activity_1conkxb"]
Instance 2: [type=bpmn:ExclusiveGateway, name=Unnamed, id_bpmn=Gateway_1s1smiq, subTask="Activity_07uebsf", startTime=310, instance=2]
Instance 2: [type=bpmn:Task, name=Make technical checking, id_bpmn=Activity_07uebsf, userTask=technician2, numberOfExecutions=2, time=64, subTask="Activity_0rhq2zz", startTime=310, instance=2]
Instance 1: [type=bpmn:ExclusiveGateway, name=Unnamed, id_bpmn=Gateway_14xcbek, subTask="Activity_1twduio", startTime=336, instance=1]
Instance 1: [type=bpmn:Task, name=Evaluate project quality, id_bpmn=Activity_1twduio, userTask=evaluator2, numberOfExecutions=3, time=97, subTask="Gateway_1v9au9h", startTime=336, instance=1]
Instance 1: [type=bpmn:ServiceTask, name=Unnamed, id_bpmn=Activity_1fx8kp5, sodSecurity=False, bodSecurity=False, uocSecurity=True, mth=1, subTask="Activity_1twduio"]
Instance 6: [type=bpmn:ParallelGateway, name=Unnamed, id_bpmn=Gateway_0epbui3, subTask="Activity_1u4k5de, Activity_17ptqba", startTime=346, instance=6]
Instance 6: [type=bpmn:Task, name=Add research groups, id_bpmn=Activity_1u4k5de, userTask=allLane1, numberOfExecutions=2, time=57, subTask="Gateway_0w2b9qv", startTime=346, instance=6]
Instance 5: [type=bpmn:ParallelGateway, name=Unnamed, id_bpmn=Gateway_0w2b9qv, subTask="Activity_1conkxb", startTime=356, instance=5]
Instance 6: [type=StandBy, id_bpmn=Activity_17ptqba, startTime=346, stopTime=356, time=10, instance=6]
Instance 6: [type=bpmn:Task, name=Add companies, id_bpmn=Activity_17ptqba, userTask=technician1, numberOfExecutions=2, time=67, subTask="Gateway_0w2b9qv", startTime=356, instance=6]
Instance 7: [type=bpmn:StartEvent, name=Unnamed, id_bpmn=Event_10piu52, subTask="Activity_1lsjzdf", startTime=360, instance=7]
Instance 7: [type=bpmn:Task, name=Fill out project application, id_bpmn=Activity_1lsjzdf, userTask=company2, numberOfExecutions=2, time=62, subTask="Gateway_0epbui3", startTime=360, instance=7]
Instance 5: [type=StandBy, id_bpmn=Activity_1conkxb, startTime=356, stopTime=370, time=14, instance=5]
Instance 5: [type=bpmn:Task, name=Evaluate project, id_bpmn=Activity_1conkxb, userTask=evaluator1, numberOfExecutions=2, time=45, subTask="Activity_0bcw6ho", startTime=370, instance=5]
Instance 5: [type=bpmn:ServiceTask, name=Unnamed, id_bpmn=Activity_0xf32a2, sodSecurity=True, bodSecurity=False, uocSecurity=False, mth=0, subTask="Activity_17ptqba, Activity_1conkxb"]
Instance 4: [type=StandBy, id_bpmn=Activity_0bcw6ho, startTime=370, stopTime=374, time=4, instance=4]
Instance 4: [type=bpmn:Task, name=Make a decision about project, id_bpmn=Activity_0bcw6ho, userTask=technician2, numberOfExecutions=3, time=98, subTask="Gateway_1s1smiq", startTime=374, instance=4]
Instance 4: [type=bpmn:ServiceTask, name=Unnamed, id_bpmn=Activity_1pfd2dv, sodSecurity=False, bodSecurity=False, uocSecurity=True, mth=2, subTask="Activity_0bcw6ho"]
Instance 2: [type=bpmn:Task, name=Finish the project, id_bpmn=Activity_0rhq2zz, userTask=company1, numberOfExecutions=2, time=65, subTask="Gateway_14xcbek", startTime=374, instance=2]
Instance 2: [type=bpmn:ServiceTask, name=Unnamed, id_bpmn=Activity_1xtsdxu, sodSecurity=False, bodSecurity=True, uocSecurity=False, mth=0, subTask="Activity_0rhq2zz, Activity_1lsjzdf"]
Instance 3: [type=bpmn:ExclusiveGateway, name=Unnamed, id_bpmn=Gateway_1s1smiq, subTask="Activity_07uebsf", startTime=393, instance=3]
Instance 3: [type=bpmn:Task, name=Make technical checking, id_bpmn=Activity_07uebsf, userTask=allLane2, numberOfExecutions=2, time=65, subTask="Activity_0rhq2zz", startTime=393, instance=3]
Instance 5: [type=bpmn:Task, name=Make a decision about project, id_bpmn=Activity_0bcw6ho, userTask=allLane1, numberOfExecutions=3, time=109, subTask="Gateway_1s1smiq", startTime=415, instance=5]
Instance 5: [type=bpmn:ServiceTask, name=Unnamed, id_bpmn=Activity_1pfd2dv, sodSecurity=False, bodSecurity=False, uocSecurity=True, mth=2, subTask="Activity_0bcw6ho"]
Instance 8: [type=bpmn:StartEvent, name=Unnamed, id_bpmn=Event_10piu52, subTask="Activity_1lsjzdf", startTime=420, instance=8]
Instance 7: [type=bpmn:ParallelGateway, name=Unnamed, id_bpmn=Gateway_0epbui3, subTask="Activity_1u4k5de, Activity_17ptqba", startTime=422, instance=7]
Instance 8: [type=StandBy, id_bpmn=Activity_1lsjzdf, startTime=420, stopTime=422, time=2, instance=8]
Instance 8: [type=bpmn:Task, name=Fill out project application, id_bpmn=Activity_1lsjzdf, userTask=company2, numberOfExecutions=2, time=47, subTask="Gateway_0epbui3", startTime=422, instance=8]
Instance 6: [type=bpmn:ParallelGateway, name=Unnamed, id_bpmn=Gateway_0w2b9qv, subTask="Activity_1conkxb", startTime=423, instance=6]
Instance 7: [type=StandBy, id_bpmn=Activity_1u4k5de, startTime=422, stopTime=423, time=1, instance=7]
Instance 7: [type=bpmn:Task, name=Add research groups, id_bpmn=Activity_1u4k5de, userTask=technician1, numberOfExecutions=2, time=51, subTask="Gateway_0w2b9qv", startTime=423, instance=7]
Instance 6: [type=bpmn:Task, name=Evaluate project, id_bpmn=Activity_1conkxb, userTask=evaluator1, numberOfExecutions=2, time=53, subTask="Activity_0bcw6ho", startTime=423, instance=6]
Instance 6: [type=bpmn:ServiceTask, name=Unnamed, id_bpmn=Activity_0xf32a2, sodSecurity=True, bodSecurity=False, uocSecurity=False, mth=0, subTask="Activity_17ptqba, Activity_1conkxb"]
Instance 1: [type=bpmn:ExclusiveGateway, name=Unnamed, id_bpmn=Gateway_1v9au9h, subTask="Activity_03brord", startTime=433, instance=1]
Instance 1: [type=bpmn:Task, name=Evaluate refund plan, id_bpmn=Activity_03brord, userTask=ecofinantial2, numberOfExecutions=2, time=74, subTask="Activity_03d8opo", startTime=433, instance=1]
Instance 2: [type=bpmn:ExclusiveGateway, name=Unnamed, id_bpmn=Gateway_14xcbek, subTask="Activity_1twduio", startTime=439, instance=2]
Instance 2: [type=bpmn:Task, name=Evaluate project quality, id_bpmn=Activity_1twduio, userTask=evaluator2, numberOfExecutions=3, time=87, subTask="Gateway_1v9au9h", startTime=439, instance=2]
Instance 2: [type=bpmn:ServiceTask, name=Unnamed, id_bpmn=Activity_1fx8kp5, sodSecurity=False, bodSecurity=False, uocSecurity=True, mth=1, subTask="Activity_1twduio"]
Instance 7: [type=StandBy, id_bpmn=Activity_17ptqba, startTime=422, stopTime=458, time=36, instance=7]
Instance 7: [type=bpmn:Task, name=Add companies, id_bpmn=Activity_17ptqba, userTask=allLane2, numberOfExecutions=2, time=61, subTask="Gateway_0w2b9qv", startTime=458, instance=7]
Instance 3: [type=bpmn:Task, name=Finish the project, id_bpmn=Activity_0rhq2zz, userTask=company1, numberOfExecutions=2, time=51, subTask="Gateway_14xcbek", startTime=458, instance=3]
Instance 3: [type=bpmn:ServiceTask, name=Unnamed, id_bpmn=Activity_1xtsdxu, sodSecurity=False, bodSecurity=True, uocSecurity=False, mth=0, subTask="Activity_0rhq2zz, Activity_1lsjzdf"]
Instance 8: [type=bpmn:ParallelGateway, name=Unnamed, id_bpmn=Gateway_0epbui3, subTask="Activity_1u4k5de, Activity_17ptqba", startTime=469, instance=8]
Instance 4: [type=bpmn:ExclusiveGateway, name=Unnamed, id_bpmn=Gateway_1s1smiq, subTask="Activity_07uebsf", startTime=472, instance=4]
Instance 8: [type=StandBy, id_bpmn=Activity_1u4k5de, startTime=469, stopTime=472, time=3, instance=8]
Instance 8: [type=bpmn:Task, name=Add research groups, id_bpmn=Activity_1u4k5de, userTask=technician2, numberOfExecutions=2, time=67, subTask="Gateway_0w2b9qv", startTime=472, instance=8]
Instance 8: [type=StandBy, id_bpmn=Activity_17ptqba, startTime=469, stopTime=474, time=5, instance=8]
Instance 8: [type=bpmn:Task, name=Add companies, id_bpmn=Activity_17ptqba, userTask=technician1, numberOfExecutions=2, time=55, subTask="Gateway_0w2b9qv", startTime=474, instance=8]
Instance 9: [type=bpmn:StartEvent, name=Unnamed, id_bpmn=Event_10piu52, subTask="Activity_1lsjzdf", startTime=480, instance=9]
Instance 9: [type=bpmn:Task, name=Fill out project application, id_bpmn=Activity_1lsjzdf, userTask=company2, numberOfExecutions=2, time=50, subTask="Gateway_0epbui3", startTime=480, instance=9]
Instance 1: [type=bpmn:Task, name=Decide external auditing, id_bpmn=Activity_03d8opo, userTask=ecofinantial1, numberOfExecutions=2, time=59, subTask="Activity_1p7rey7", startTime=507, instance=1]
Instance 1: [type=bpmn:ServiceTask, name=Unnamed, id_bpmn=Activity_0oz806n, sodSecurity=True, bodSecurity=False, uocSecurity=False, mth=0, subTask="Activity_03brord, Activity_03d8opo"]
Instance 3: [type=bpmn:ExclusiveGateway, name=Unnamed, id_bpmn=Gateway_14xcbek, subTask="Activity_1twduio", startTime=509, instance=3]
Instance 3: [type=bpmn:Task, name=Evaluate project quality, id_bpmn=Activity_1twduio, userTask=evaluator1, numberOfExecutions=3, time=93, subTask="Gateway_1v9au9h", startTime=509, instance=3]
Instance 3: [type=bpmn:ServiceTask, name=Unnamed, id_bpmn=Activity_1fx8kp5, sodSecurity=False, bodSecurity=False, uocSecurity=True, mth=1, subTask="Activity_1twduio"]
Instance 7: [type=bpmn:ParallelGateway, name=Unnamed, id_bpmn=Gateway_0w2b9qv, subTask="Activity_1conkxb", startTime=519, instance=7]
Instance 4: [type=StandBy, id_bpmn=Activity_07uebsf, startTime=472, stopTime=519, time=47, instance=4]
Instance 4: [type=bpmn:Task, name=Make technical checking, id_bpmn=Activity_07uebsf, userTask=allLane2, numberOfExecutions=2, time=54, subTask="Activity_0rhq2zz", startTime=519, instance=4]
Instance 5: [type=bpmn:ExclusiveGateway, name=Unnamed, id_bpmn=Gateway_1s1smiq, subTask="Activity_07uebsf", startTime=524, instance=5]
Instance 6: [type=StandBy, id_bpmn=Activity_0bcw6ho, startTime=476, stopTime=524, time=48, instance=6]
Instance 6: [type=bpmn:Task, name=Make a decision about project, id_bpmn=Activity_0bcw6ho, userTask=allLane1, numberOfExecutions=3, time=96, subTask="Gateway_1s1smiq", startTime=524, instance=6]
Instance 6: [type=bpmn:ServiceTask, name=Unnamed, id_bpmn=Activity_1pfd2dv, sodSecurity=False, bodSecurity=False, uocSecurity=True, mth=2, subTask="Activity_0bcw6ho"]
Instance 2: [type=bpmn:ExclusiveGateway, name=Unnamed, id_bpmn=Gateway_1v9au9h, subTask="Activity_03brord", startTime=526, instance=2]
Instance 7: [type=StandBy, id_bpmn=Activity_1conkxb, startTime=519, stopTime=526, time=7, instance=7]
Instance 7: [type=bpmn:Task, name=Evaluate project, id_bpmn=Activity_1conkxb, userTask=evaluator2, numberOfExecutions=2, time=41, subTask="Activity_0bcw6ho", startTime=526, instance=7]
Instance 7: [type=bpmn:ServiceTask, name=Unnamed, id_bpmn=Activity_0xf32a2, sodSecurity=True, bodSecurity=False, uocSecurity=False, mth=0, subTask="Activity_17ptqba, Activity_1conkxb"]
Instance 2: [type=bpmn:Task, name=Evaluate refund plan, id_bpmn=Activity_03brord, userTask=ecofinantial2, numberOfExecutions=2, time=57, subTask="Activity_03d8opo", startTime=526, instance=2]
Instance 5: [type=StandBy, id_bpmn=Activity_07uebsf, startTime=524, stopTime=529, time=5, instance=5]
Instance 5: [type=bpmn:Task, name=Make technical checking, id_bpmn=Activity_07uebsf, userTask=technician1, numberOfExecutions=2, time=56, subTask="Activity_0rhq2zz", startTime=529, instance=5]
Instance 9: [type=bpmn:ParallelGateway, name=Unnamed, id_bpmn=Gateway_0epbui3, subTask="Activity_1u4k5de, Activity_17ptqba", startTime=530, instance=9]
Instance 8: [type=bpmn:ParallelGateway, name=Unnamed, id_bpmn=Gateway_0w2b9qv, subTask="Activity_1conkxb", startTime=539, instance=8]
Instance 9: [type=StandBy, id_bpmn=Activity_1u4k5de, startTime=530, stopTime=539, time=9, instance=9]
Instance 9: [type=bpmn:Task, name=Add research groups, id_bpmn=Activity_1u4k5de, userTask=technician2, numberOfExecutions=2, time=62, subTask="Gateway_0w2b9qv", startTime=539, instance=9]
Instance 10: [type=bpmn:StartEvent, name=Unnamed, id_bpmn=Event_10piu52, subTask="Activity_1lsjzdf", startTime=540, instance=10]
Instance 10: [type=bpmn:Task, name=Fill out project application, id_bpmn=Activity_1lsjzdf, userTask=company1, numberOfExecutions=2, time=41, subTask="Gateway_0epbui3", startTime=540, instance=10]
Instance 1: [type=bpmn:Task, name=Refund, id_bpmn=Activity_1p7rey7, userTask=company2, numberOfExecutions=2, time=58, subTask="Event_1racnnc", startTime=566, instance=1]
Instance 1: [type=bpmn:ServiceTask, name=Unnamed, id_bpmn=Activity_0xcfjgn, sodSecurity=False, bodSecurity=True, uocSecurity=False, mth=0, subTask="Activity_1p7rey7, Activity_1u4k5de"]
Instance 8: [type=StandBy, id_bpmn=Activity_1conkxb, startTime=539, stopTime=567, time=28, instance=8]
Instance 8: [type=bpmn:Task, name=Evaluate project, id_bpmn=Activity_1conkxb, userTask=evaluator2, numberOfExecutions=2, time=52, subTask="Activity_0bcw6ho", startTime=567, instance=8]
Instance 8: [type=bpmn:ServiceTask, name=Unnamed, id_bpmn=Activity_0xf32a2, sodSecurity=True, bodSecurity=False, uocSecurity=False, mth=0, subTask="Activity_17ptqba, Activity_1conkxb"]
Instance 9: [type=StandBy, id_bpmn=Activity_17ptqba, startTime=530, stopTime=573, time=43, instance=9]
Instance 9: [type=bpmn:Task, name=Add companies, id_bpmn=Activity_17ptqba, userTask=allLane2, numberOfExecutions=2, time=70, subTask="Gateway_0w2b9qv", startTime=573, instance=9]
Instance 10: [type=bpmn:ParallelGateway, name=Unnamed, id_bpmn=Gateway_0epbui3, subTask="Activity_1u4k5de, Activity_17ptqba", startTime=581, instance=10]
Instance 4: [type=StandBy, id_bpmn=Activity_0rhq2zz, startTime=573, stopTime=581, time=8, instance=4]
Instance 4: [type=bpmn:Task, name=Finish the project, id_bpmn=Activity_0rhq2zz, userTask=company1, numberOfExecutions=2, time=56, subTask="Gateway_14xcbek", startTime=581, instance=4]
Instance 4: [type=bpmn:ServiceTask, name=Unnamed, id_bpmn=Activity_1xtsdxu, sodSecurity=False, bodSecurity=True, uocSecurity=False, mth=0, subTask="Activity_0rhq2zz, Activity_1lsjzdf"]
Instance 2: [type=bpmn:Task, name=Decide external auditing, id_bpmn=Activity_03d8opo, userTask=ecofinantial1, numberOfExecutions=2, time=57, subTask="Activity_1p7rey7", startTime=583, instance=2]
Instance 2: [type=bpmn:ServiceTask, name=Unnamed, id_bpmn=Activity_0oz806n, sodSecurity=True, bodSecurity=False, uocSecurity=False, mth=0, subTask="Activity_03brord, Activity_03d8opo"]
Instance 7: [type=StandBy, id_bpmn=Activity_0bcw6ho, startTime=567, stopTime=585, time=18, instance=7]
Instance 7: [type=bpmn:Task, name=Make a decision about project, id_bpmn=Activity_0bcw6ho, userTask=technician1, numberOfExecutions=3, time=99, subTask="Gateway_1s1smiq", startTime=585, instance=7]
Instance 7: [type=bpmn:ServiceTask, name=Unnamed, id_bpmn=Activity_1pfd2dv, sodSecurity=False, bodSecurity=False, uocSecurity=True, mth=2, subTask="Activity_0bcw6ho"]
Instance 10: [type=StandBy, id_bpmn=Activity_1u4k5de, startTime=581, stopTime=601, time=20, instance=10]
Instance 10: [type=bpmn:Task, name=Add research groups, id_bpmn=Activity_1u4k5de, userTask=technician2, numberOfExecutions=2, time=54, subTask="Gateway_0w2b9qv", startTime=601, instance=10]
Instance 3: [type=bpmn:ExclusiveGateway, name=Unnamed, id_bpmn=Gateway_1v9au9h, subTask="Activity_03brord", startTime=602, instance=3]
Instance 3: [type=bpmn:Task, name=Evaluate refund plan, id_bpmn=Activity_03brord, userTask=ecofinantial2, numberOfExecutions=2, time=38, subTask="Activity_03d8opo", startTime=602, instance=3]
Instance 6: [type=bpmn:ExclusiveGateway, name=Unnamed, id_bpmn=Gateway_1s1smiq, subTask="Activity_07uebsf", startTime=620, instance=6]
Instance 10: [type=StandBy, id_bpmn=Activity_17ptqba, startTime=581, stopTime=620, time=39, instance=10]
Instance 10: [type=bpmn:Task, name=Add companies, id_bpmn=Activity_17ptqba, userTask=allLane1, numberOfExecutions=2, time=39, subTask="Gateway_0w2b9qv", startTime=620, instance=10]
Instance 1: [type=bpmn:EndEvent, name=Unnamed, id_bpmn=Event_1racnnc, subTask="", startTime=624, instance=1]
Instance 5: [type=StandBy, id_bpmn=Activity_0rhq2zz, startTime=585, stopTime=624, time=39, instance=5]
Instance 5: [type=bpmn:Task, name=Finish the project, id_bpmn=Activity_0rhq2zz, userTask=company2, numberOfExecutions=2, time=46, subTask="Gateway_14xcbek", startTime=624, instance=5]
Instance 5: [type=bpmn:ServiceTask, name=Unnamed, id_bpmn=Activity_1xtsdxu, sodSecurity=False, bodSecurity=True, uocSecurity=False, mth=0, subTask="Activity_0rhq2zz, Activity_1lsjzdf"]
Instance 4: [type=bpmn:ExclusiveGateway, name=Unnamed, id_bpmn=Gateway_14xcbek, subTask="Activity_1twduio", startTime=637, instance=4]
Instance 4: [type=bpmn:Task, name=Evaluate project quality, id_bpmn=Activity_1twduio, userTask=evaluator1, numberOfExecutions=3, time=96, subTask="Gateway_1v9au9h", startTime=637, instance=4]
Instance 4: [type=bpmn:ServiceTask, name=Unnamed, id_bpmn=Activity_1fx8kp5, sodSecurity=False, bodSecurity=False, uocSecurity=True, mth=1, subTask="Activity_1twduio"]
Instance 2: [type=bpmn:Task, name=Refund, id_bpmn=Activity_1p7rey7, userTask=company1, numberOfExecutions=2, time=75, subTask="Event_1racnnc", startTime=640, instance=2]
Instance 2: [type=bpmn:ServiceTask, name=Unnamed, id_bpmn=Activity_0xcfjgn, sodSecurity=False, bodSecurity=True, uocSecurity=False, mth=0, subTask="Activity_1p7rey7, Activity_1u4k5de"]
Instance 3: [type=bpmn:Task, name=Decide external auditing, id_bpmn=Activity_03d8opo, userTask=ecofinantial1, numberOfExecutions=2, time=54, subTask="Activity_1p7rey7", startTime=640, instance=3]
Instance 3: [type=bpmn:ServiceTask, name=Unnamed, id_bpmn=Activity_0oz806n, sodSecurity=True, bodSecurity=False, uocSecurity=False, mth=0, subTask="Activity_03brord, Activity_03d8opo"]
Instance 9: [type=bpmn:ParallelGateway, name=Unnamed, id_bpmn=Gateway_0w2b9qv, subTask="Activity_1conkxb", startTime=643, instance=9]
Instance 8: [type=StandBy, id_bpmn=Activity_0bcw6ho, startTime=619, stopTime=643, time=24, instance=8]
Instance 8: [type=bpmn:Task, name=Make a decision about project, id_bpmn=Activity_0bcw6ho, userTask=allLane2, numberOfExecutions=3, time=87, subTask="Gateway_1s1smiq", startTime=643, instance=8]
Instance 8: [type=bpmn:ServiceTask, name=Unnamed, id_bpmn=Activity_1pfd2dv, sodSecurity=False, bodSecurity=False, uocSecurity=True, mth=2, subTask="Activity_0bcw6ho"]
Instance 9: [type=bpmn:Task, name=Evaluate project, id_bpmn=Activity_1conkxb, userTask=evaluator2, numberOfExecutions=2, time=45, subTask="Activity_0bcw6ho", startTime=643, instance=9]
Instance 9: [type=bpmn:ServiceTask, name=Unnamed, id_bpmn=Activity_0xf32a2, sodSecurity=True, bodSecurity=False, uocSecurity=False, mth=0, subTask="Activity_17ptqba, Activity_1conkxb"]
Instance 6: [type=StandBy, id_bpmn=Activity_07uebsf, startTime=620, stopTime=655, time=35, instance=6]
Instance 6: [type=bpmn:Task, name=Make technical checking, id_bpmn=Activity_07uebsf, userTask=technician2, numberOfExecutions=2, time=58, subTask="Activity_0rhq2zz", startTime=655, instance=6]
Instance 10: [type=bpmn:ParallelGateway, name=Unnamed, id_bpmn=Gateway_0w2b9qv, subTask="Activity_1conkxb", startTime=659, instance=10]
Instance 10: [type=bpmn:Task, name=Evaluate project, id_bpmn=Activity_1conkxb, userTask=allLane1, numberOfExecutions=2, time=73, subTask="Activity_0bcw6ho", startTime=659, instance=10]
Instance 10: [type=bpmn:ServiceTask, name=Unnamed, id_bpmn=Activity_0xf32a2, sodSecurity=True, bodSecurity=False, uocSecurity=False, mth=0, subTask="Activity_17ptqba, Activity_1conkxb"]
Instance 5: [type=bpmn:ExclusiveGateway, name=Unnamed, id_bpmn=Gateway_14xcbek, subTask="Activity_1twduio", startTime=670, instance=5]
Instance 7: [type=bpmn:ExclusiveGateway, name=Unnamed, id_bpmn=Gateway_1s1smiq, subTask="Activity_07uebsf", startTime=684, instance=7]
Instance 7: [type=bpmn:Task, name=Make technical checking, id_bpmn=Activity_07uebsf, userTask=technician1, numberOfExecutions=2, time=51, subTask="Activity_0rhq2zz", startTime=684, instance=7]
Instance 5: [type=StandBy, id_bpmn=Activity_1twduio, startTime=670, stopTime=688, time=18, instance=5]
Instance 5: [type=bpmn:Task, name=Evaluate project quality, id_bpmn=Activity_1twduio, userTask=evaluator2, numberOfExecutions=3, time=80, subTask="Gateway_1v9au9h", startTime=688, instance=5]
Instance 5: [type=bpmn:ServiceTask, name=Unnamed, id_bpmn=Activity_1fx8kp5, sodSecurity=False, bodSecurity=False, uocSecurity=True, mth=1, subTask="Activity_1twduio"]
Instance 3: [type=bpmn:Task, name=Refund, id_bpmn=Activity_1p7rey7, userTask=company2, numberOfExecutions=2, time=38, subTask="Event_1racnnc", startTime=694, instance=3]
Instance 3: [type=bpmn:ServiceTask, name=Unnamed, id_bpmn=Activity_0xcfjgn, sodSecurity=False, bodSecurity=True, uocSecurity=False, mth=0, subTask="Activity_1p7rey7, Activity_1u4k5de"]
Instance 9: [type=StandBy, id_bpmn=Activity_0bcw6ho, startTime=688, stopTime=713, time=25, instance=9]
Instance 9: [type=bpmn:Task, name=Make a decision about project, id_bpmn=Activity_0bcw6ho, userTask=technician2, numberOfExecutions=3, time=79, subTask="Gateway_1s1smiq", startTime=713, instance=9]
Instance 9: [type=bpmn:ServiceTask, name=Unnamed, id_bpmn=Activity_1pfd2dv, sodSecurity=False, bodSecurity=False, uocSecurity=True, mth=2, subTask="Activity_0bcw6ho"]
Instance 2: [type=bpmn:EndEvent, name=Unnamed, id_bpmn=Event_1racnnc, subTask="", startTime=715, instance=2]
Instance 6: [type=StandBy, id_bpmn=Activity_0rhq2zz, startTime=713, stopTime=715, time=2, instance=6]
Instance 6: [type=bpmn:Task, name=Finish the project, id_bpmn=Activity_0rhq2zz, userTask=company1, numberOfExecutions=2, time=49, subTask="Gateway_14xcbek", startTime=715, instance=6]
Instance 6: [type=bpmn:ServiceTask, name=Unnamed, id_bpmn=Activity_1xtsdxu, sodSecurity=False, bodSecurity=True, uocSecurity=False, mth=0, subTask="Activity_0rhq2zz, Activity_1lsjzdf"]
Instance 8: [type=bpmn:ExclusiveGateway, name=Unnamed, id_bpmn=Gateway_1s1smiq, subTask="Activity_07uebsf", startTime=730, instance=8]
Instance 8: [type=bpmn:Task, name=Make technical checking, id_bpmn=Activity_07uebsf, userTask=allLane2, numberOfExecutions=2, time=47, subTask="Activity_0rhq2zz", startTime=730, instance=8]
Instance 3: [type=bpmn:EndEvent, name=Unnamed, id_bpmn=Event_1racnnc, subTask="", startTime=732, instance=3]
Instance 10: [type=bpmn:Task, name=Make a decision about project, id_bpmn=Activity_0bcw6ho, userTask=allLane1, numberOfExecutions=3, time=84, subTask="Gateway_1s1smiq", startTime=732, instance=10]
Instance 10: [type=bpmn:ServiceTask, name=Unnamed, id_bpmn=Activity_1pfd2dv, sodSecurity=False, bodSecurity=False, uocSecurity=True, mth=2, subTask="Activity_0bcw6ho"]
Instance 4: [type=bpmn:ExclusiveGateway, name=Unnamed, id_bpmn=Gateway_1v9au9h, subTask="Activity_03brord", startTime=733, instance=4]
Instance 4: [type=bpmn:Task, name=Evaluate refund plan, id_bpmn=Activity_03brord, userTask=ecofinantial2, numberOfExecutions=2, time=54, subTask="Activity_03d8opo", startTime=733, instance=4]
Instance 7: [type=bpmn:Task, name=Finish the project, id_bpmn=Activity_0rhq2zz, userTask=company2, numberOfExecutions=2, time=59, subTask="Gateway_14xcbek", startTime=735, instance=7]
Instance 7: [type=bpmn:ServiceTask, name=Unnamed, id_bpmn=Activity_1xtsdxu, sodSecurity=False, bodSecurity=True, uocSecurity=False, mth=0, subTask="Activity_0rhq2zz, Activity_1lsjzdf"]
Instance 6: [type=bpmn:ExclusiveGateway, name=Unnamed, id_bpmn=Gateway_14xcbek, subTask="Activity_1twduio", startTime=764, instance=6]
Instance 6: [type=bpmn:Task, name=Evaluate project quality, id_bpmn=Activity_1twduio, userTask=evaluator1, numberOfExecutions=3, time=69, subTask="Gateway_1v9au9h", startTime=764, instance=6]
Instance 6: [type=bpmn:ServiceTask, name=Unnamed, id_bpmn=Activity_1fx8kp5, sodSecurity=False, bodSecurity=False, uocSecurity=True, mth=1, subTask="Activity_1twduio"]
Instance 5: [type=bpmn:ExclusiveGateway, name=Unnamed, id_bpmn=Gateway_1v9au9h, subTask="Activity_03brord", startTime=768, instance=5]
Instance 5: [type=bpmn:Task, name=Evaluate refund plan, id_bpmn=Activity_03brord, userTask=ecofinantial1, numberOfExecutions=2, time=55, subTask="Activity_03d8opo", startTime=768, instance=5]
Instance 8: [type=bpmn:Task, name=Finish the project, id_bpmn=Activity_0rhq2zz, userTask=company1, numberOfExecutions=2, time=47, subTask="Gateway_14xcbek", startTime=777, instance=8]
Instance 8: [type=bpmn:ServiceTask, name=Unnamed, id_bpmn=Activity_1xtsdxu, sodSecurity=False, bodSecurity=True, uocSecurity=False, mth=0, subTask="Activity_0rhq2zz, Activity_1lsjzdf"]
Instance 4: [type=bpmn:Task, name=Decide external auditing, id_bpmn=Activity_03d8opo, userTask=allLane2, numberOfExecutions=2, time=59, subTask="Activity_1p7rey7", startTime=787, instance=4]
Instance 4: [type=bpmn:ServiceTask, name=Unnamed, id_bpmn=Activity_0oz806n, sodSecurity=True, bodSecurity=False, uocSecurity=False, mth=0, subTask="Activity_03brord, Activity_03d8opo"]
Instance 9: [type=bpmn:ExclusiveGateway, name=Unnamed, id_bpmn=Gateway_1s1smiq, subTask="Activity_07uebsf", startTime=792, instance=9]
Instance 9: [type=bpmn:Task, name=Make technical checking, id_bpmn=Activity_07uebsf, userTask=technician1, numberOfExecutions=2, time=50, subTask="Activity_0rhq2zz", startTime=792, instance=9]
Instance 7: [type=bpmn:ExclusiveGateway, name=Unnamed, id_bpmn=Gateway_14xcbek, subTask="Activity_1twduio", startTime=794, instance=7]
Instance 7: [type=bpmn:Task, name=Evaluate project quality, id_bpmn=Activity_1twduio, userTask=evaluator2, numberOfExecutions=3, time=67, subTask="Gateway_1v9au9h", startTime=794, instance=7]
Instance 7: [type=bpmn:ServiceTask, name=Unnamed, id_bpmn=Activity_1fx8kp5, sodSecurity=False, bodSecurity=False, uocSecurity=True, mth=1, subTask="Activity_1twduio"]
Instance 10: [type=bpmn:ExclusiveGateway, name=Unnamed, id_bpmn=Gateway_1s1smiq, subTask="Activity_07uebsf", startTime=816, instance=10]
Instance 10: [type=bpmn:Task, name=Make technical checking, id_bpmn=Activity_07uebsf, userTask=technician2, numberOfExecutions=2, time=61, subTask="Activity_0rhq2zz", startTime=816, instance=10]
Instance 5: [type=bpmn:Task, name=Decide external auditing, id_bpmn=Activity_03d8opo, userTask=ecofinantial2, numberOfExecutions=2, time=64, subTask="Activity_1p7rey7", startTime=823, instance=5]
Instance 5: [type=bpmn:ServiceTask, name=Unnamed, id_bpmn=Activity_0oz806n, sodSecurity=True, bodSecurity=False, uocSecurity=False, mth=0, subTask="Activity_03brord, Activity_03d8opo"]
Instance 8: [type=bpmn:ExclusiveGateway, name=Unnamed, id_bpmn=Gateway_14xcbek, subTask="Activity_1twduio", startTime=824, instance=8]
Instance 8: [type=bpmn:Task, name=Evaluate project quality, id_bpmn=Activity_1twduio, userTask=allLane1, numberOfExecutions=3, time=98, subTask="Gateway_1v9au9h", startTime=824, instance=8]
Instance 8: [type=bpmn:ServiceTask, name=Unnamed, id_bpmn=Activity_1fx8kp5, sodSecurity=False, bodSecurity=False, uocSecurity=True, mth=1, subTask="Activity_1twduio"]
Instance 6: [type=bpmn:ExclusiveGateway, name=Unnamed, id_bpmn=Gateway_1v9au9h, subTask="Activity_03brord", startTime=833, instance=6]
Instance 6: [type=bpmn:Task, name=Evaluate refund plan, id_bpmn=Activity_03brord, userTask=ecofinantial1, numberOfExecutions=2, time=59, subTask="Activity_03d8opo", startTime=833, instance=6]
Instance 9: [type=bpmn:Task, name=Finish the project, id_bpmn=Activity_0rhq2zz, userTask=company2, numberOfExecutions=2, time=59, subTask="Gateway_14xcbek", startTime=842, instance=9]
Instance 9: [type=bpmn:ServiceTask, name=Unnamed, id_bpmn=Activity_1xtsdxu, sodSecurity=False, bodSecurity=True, uocSecurity=False, mth=0, subTask="Activity_0rhq2zz, Activity_1lsjzdf"]
Instance 4: [type=bpmn:Task, name=Refund, id_bpmn=Activity_1p7rey7, userTask=allLane2, numberOfExecutions=2, time=59, subTask="Event_1racnnc", startTime=846, instance=4]
Instance 4: [type=bpmn:ServiceTask, name=Unnamed, id_bpmn=Activity_0xcfjgn, sodSecurity=False, bodSecurity=True, uocSecurity=False, mth=0, subTask="Activity_1p7rey7, Activity_1u4k5de"]
Instance 7: [type=bpmn:ExclusiveGateway, name=Unnamed, id_bpmn=Gateway_1v9au9h, subTask="Activity_03brord", startTime=861, instance=7]
Instance 10: [type=bpmn:Task, name=Finish the project, id_bpmn=Activity_0rhq2zz, userTask=company1, numberOfExecutions=2, time=41, subTask="Gateway_14xcbek", startTime=877, instance=10]
Instance 10: [type=bpmn:ServiceTask, name=Unnamed, id_bpmn=Activity_1xtsdxu, sodSecurity=False, bodSecurity=True, uocSecurity=False, mth=0, subTask="Activity_0rhq2zz, Activity_1lsjzdf"]
Instance 7: [type=StandBy, id_bpmn=Activity_03brord, startTime=861, stopTime=887, time=26, instance=7]
Instance 7: [type=bpmn:Task, name=Evaluate refund plan, id_bpmn=Activity_03brord, userTask=ecofinantial2, numberOfExecutions=2, time=55, subTask="Activity_03d8opo", startTime=887, instance=7]
Instance 6: [type=bpmn:Task, name=Decide external auditing, id_bpmn=Activity_03d8opo, userTask=ecofinantial1, numberOfExecutions=2, time=59, subTask="Activity_1p7rey7", startTime=892, instance=6]
Instance 6: [type=bpmn:ServiceTask, name=Unnamed, id_bpmn=Activity_0oz806n, sodSecurity=True, bodSecurity=False, uocSecurity=False, mth=0, subTask="Activity_03brord, Activity_03d8opo"]
Instance 9: [type=bpmn:ExclusiveGateway, name=Unnamed, id_bpmn=Gateway_14xcbek, subTask="Activity_1twduio", startTime=901, instance=9]
Instance 5: [type=StandBy, id_bpmn=Activity_1p7rey7, startTime=887, stopTime=901, time=14, instance=5]
Instance 5: [type=bpmn:Task, name=Refund, id_bpmn=Activity_1p7rey7, userTask=company2, numberOfExecutions=2, time=58, subTask="Event_1racnnc", startTime=901, instance=5]
Instance 5: [type=bpmn:ServiceTask, name=Unnamed, id_bpmn=Activity_0xcfjgn, sodSecurity=False, bodSecurity=True, uocSecurity=False, mth=0, subTask="Activity_1p7rey7, Activity_1u4k5de"]
Instance 9: [type=bpmn:Task, name=Evaluate project quality, id_bpmn=Activity_1twduio, userTask=evaluator1, numberOfExecutions=3, time=69, subTask="Gateway_1v9au9h", startTime=901, instance=9]
Instance 9: [type=bpmn:ServiceTask, name=Unnamed, id_bpmn=Activity_1fx8kp5, sodSecurity=False, bodSecurity=False, uocSecurity=True, mth=1, subTask="Activity_1twduio"]
Instance 4: [type=bpmn:EndEvent, name=Unnamed, id_bpmn=Event_1racnnc, subTask="", startTime=905, instance=4]
Instance 10: [type=bpmn:ExclusiveGateway, name=Unnamed, id_bpmn=Gateway_14xcbek, subTask="Activity_1twduio", startTime=918, instance=10]
Instance 10: [type=bpmn:Task, name=Evaluate project quality, id_bpmn=Activity_1twduio, userTask=evaluator2, numberOfExecutions=3, time=85, subTask="Gateway_1v9au9h", startTime=918, instance=10]
Instance 10: [type=bpmn:ServiceTask, name=Unnamed, id_bpmn=Activity_1fx8kp5, sodSecurity=False, bodSecurity=False, uocSecurity=True, mth=1, subTask="Activity_1twduio"]
Instance 8: [type=bpmn:ExclusiveGateway, name=Unnamed, id_bpmn=Gateway_1v9au9h, subTask="Activity_03brord", startTime=922, instance=8]
Instance 8: [type=bpmn:Task, name=Evaluate refund plan, id_bpmn=Activity_03brord, userTask=allLane1, numberOfExecutions=2, time=50, subTask="Activity_03d8opo", startTime=922, instance=8]
Instance 7: [type=bpmn:Task, name=Decide external auditing, id_bpmn=Activity_03d8opo, userTask=allLane2, numberOfExecutions=2, time=55, subTask="Activity_1p7rey7", startTime=942, instance=7]
Instance 7: [type=bpmn:ServiceTask, name=Unnamed, id_bpmn=Activity_0oz806n, sodSecurity=True, bodSecurity=False, uocSecurity=False, mth=0, subTask="Activity_03brord, Activity_03d8opo"]
Instance 6: [type=bpmn:Task, name=Refund, id_bpmn=Activity_1p7rey7, userTask=company1, numberOfExecutions=2, time=55, subTask="Event_1racnnc", startTime=951, instance=6]
Instance 6: [type=bpmn:ServiceTask, name=Unnamed, id_bpmn=Activity_0xcfjgn, sodSecurity=False, bodSecurity=True, uocSecurity=False, mth=0, subTask="Activity_1p7rey7, Activity_1u4k5de"]
Instance 5: [type=bpmn:EndEvent, name=Unnamed, id_bpmn=Event_1racnnc, subTask="", startTime=959, instance=5]
Instance 9: [type=bpmn:ExclusiveGateway, name=Unnamed, id_bpmn=Gateway_1v9au9h, subTask="Activity_03brord", startTime=970, instance=9]
Instance 9: [type=bpmn:Task, name=Evaluate refund plan, id_bpmn=Activity_03brord, userTask=ecofinantial2, numberOfExecutions=2, time=42, subTask="Activity_03d8opo", startTime=970, instance=9]
Instance 8: [type=bpmn:Task, name=Decide external auditing, id_bpmn=Activity_03d8opo, userTask=ecofinantial1, numberOfExecutions=2, time=53, subTask="Activity_1p7rey7", startTime=972, instance=8]
Instance 8: [type=bpmn:ServiceTask, name=Unnamed, id_bpmn=Activity_0oz806n, sodSecurity=True, bodSecurity=False, uocSecurity=False, mth=0, subTask="Activity_03brord, Activity_03d8opo"]
Instance 7: [type=bpmn:Task, name=Refund, id_bpmn=Activity_1p7rey7, userTask=company2, numberOfExecutions=2, time=51, subTask="Event_1racnnc", startTime=997, instance=7]
Instance 7: [type=bpmn:ServiceTask, name=Unnamed, id_bpmn=Activity_0xcfjgn, sodSecurity=False, bodSecurity=True, uocSecurity=False, mth=0, subTask="Activity_1p7rey7, Activity_1u4k5de"]
Instance 10: [type=bpmn:ExclusiveGateway, name=Unnamed, id_bpmn=Gateway_1v9au9h, subTask="Activity_03brord", startTime=1003, instance=10]
Instance 10: [type=bpmn:Task, name=Evaluate refund plan, id_bpmn=Activity_03brord, userTask=allLane1, numberOfExecutions=2, time=65, subTask="Activity_03d8opo", startTime=1003, instance=10]
Instance 6: [type=bpmn:EndEvent, name=Unnamed, id_bpmn=Event_1racnnc, subTask="", startTime=1006, instance=6]
Instance 9: [type=bpmn:Task, name=Decide external auditing, id_bpmn=Activity_03d8opo, userTask=allLane2, numberOfExecutions=2, time=43, subTask="Activity_1p7rey7", startTime=1012, instance=9]
Instance 9: [type=bpmn:ServiceTask, name=Unnamed, id_bpmn=Activity_0oz806n, sodSecurity=True, bodSecurity=False, uocSecurity=False, mth=0, subTask="Activity_03brord, Activity_03d8opo"]
Instance 8: [type=bpmn:Task, name=Refund, id_bpmn=Activity_1p7rey7, userTask=company1, numberOfExecutions=2, time=41, subTask="Event_1racnnc", startTime=1025, instance=8]
Instance 8: [type=bpmn:ServiceTask, name=Unnamed, id_bpmn=Activity_0xcfjgn, sodSecurity=False, bodSecurity=True, uocSecurity=False, mth=0, subTask="Activity_1p7rey7, Activity_1u4k5de"]
Instance 7: [type=bpmn:EndEvent, name=Unnamed, id_bpmn=Event_1racnnc, subTask="", startTime=1048, instance=7]
Instance 9: [type=bpmn:Task, name=Refund, id_bpmn=Activity_1p7rey7, userTask=company2, numberOfExecutions=2, time=60, subTask="Event_1racnnc", startTime=1055, instance=9]
Instance 9: [type=bpmn:ServiceTask, name=Unnamed, id_bpmn=Activity_0xcfjgn, sodSecurity=False, bodSecurity=True, uocSecurity=False, mth=0, subTask="Activity_1p7rey7, Activity_1u4k5de"]
Instance 8: [type=bpmn:EndEvent, name=Unnamed, id_bpmn=Event_1racnnc, subTask="", startTime=1066, instance=8]
Instance 10: [type=bpmn:Task, name=Decide external auditing, id_bpmn=Activity_03d8opo, userTask=ecofinantial2, numberOfExecutions=2, time=56, subTask="Activity_1p7rey7", startTime=1068, instance=10]
Instance 10: [type=bpmn:ServiceTask, name=Unnamed, id_bpmn=Activity_0oz806n, sodSecurity=True, bodSecurity=False, uocSecurity=False, mth=0, subTask="Activity_03brord, Activity_03d8opo"]
Instance 9: [type=bpmn:EndEvent, name=Unnamed, id_bpmn=Event_1racnnc, subTask="", startTime=1115, instance=9]
Instance 10: [type=bpmn:Task, name=Refund, id_bpmn=Activity_1p7rey7, userTask=allLane1, numberOfExecutions=2, time=65, subTask="Event_1racnnc", startTime=1124, instance=10]
Instance 10: [type=bpmn:ServiceTask, name=Unnamed, id_bpmn=Activity_0xcfjgn, sodSecurity=False, bodSecurity=True, uocSecurity=False, mth=0, subTask="Activity_1p7rey7, Activity_1u4k5de"]
Instance 10: [type=bpmn:EndEvent, name=Unnamed, id_bpmn=Event_1racnnc, subTask="", startTime=1189, instance=10]