Element: [type=bpmn:Collaboration, name=Unnamed, id_bpmn=Collaboration_0katfe5, instances=10]
Instance 1: [type=bpmn:StartEvent, name=Unnamed, id_bpmn=Event_10piu52, subTask="Activity_1lsjzdf", startTime=0, instance=1]
Instance 1: [type=bpmn:Task, name=Fill out project application, id_bpmn=Activity_1lsjzdf, userTask=company3, numberOfExecutions=2, time=58, subTask="Gateway_0epbui3", startTime=0, instance=1]
Instance 1: [type=bpmn:ParallelGateway, name=Unnamed, id_bpmn=Gateway_0epbui3, subTask="Activity_1u4k5de, Activity_17ptqba", startTime=58, instance=1]
Instance 1: [type=bpmn:Task, name=Add research groups, id_bpmn=Activity_1u4k5de, userTask=technician1, numberOfExecutions=2, time=57, subTask="Gateway_0w2b9qv", startTime=58, instance=1]
Instance 1: [type=bpmn:Task, name=Add companies, id_bpmn=Activity_17ptqba, userTask=technician3, numberOfExecutions=2, time=54, subTask="Gateway_0w2b9qv", startTime=58, instance=1]
Instance 2: [type=bpmn:StartEvent, name=Unnamed, id_bpmn=Event_10piu52, subTask="Activity_1lsjzdf", startTime=60, instance=2]
Instance 2: [type=bpmn:Task, name=Fill out project application, id_bpmn=Activity_1lsjzdf, userTask=company4, numberOfExecutions=2, time=59, subTask="Gateway_0epbui3", startTime=60, instance=2]
Instance 1: [type=bpmn:ParallelGateway, name=Unnamed, id_bpmn=Gateway_0w2b9qv, subTask="Activity_1conkxb", startTime=115, instance=1]
Instance 1: [type=bpmn:Task, name=Evaluate project, id_bpmn=Activity_1conkxb, userTask=evaluator3, numberOfExecutions=2, time=53, subTask="Activity_0bcw6ho", startTime=115, instance=1]
Instance 2: [type=bpmn:ParallelGateway, name=Unnamed, id_bpmn=Gateway_0epbui3, subTask="Activity_1u4k5de, Activity_17ptqba", startTime=119, instance=2]
Instance 2: [type=bpmn:Task, name=Add research groups, id_bpmn=Activity_1u4k5de, userTask=technician4, numberOfExecutions=2, time=64, subTask="Gateway_0w2b9qv", startTime=119, instance=2]
Instance 2: [type=bpmn:Task, name=Add companies, id_bpmn=Activity_17ptqba, userTask=technician2, numberOfExecutions=2, time=71, subTask="Gateway_0w2b9qv", startTime=119, instance=2]
Instance 3: [type=bpmn:StartEvent, name=Unnamed, id_bpmn=Event_10piu52, subTask="Activity_1lsjzdf", startTime=120, instance=3]
Instance 3: [type=bpmn:Task, name=Fill out project application, id_bpmn=Activity_1lsjzdf, userTask=company2, numberOfExecutions=2, time=58, subTask="Gateway_0epbui3", startTime=120, instance=3]
Instance 1: [type=bpmn:Task, name=Make a decision about project, id_bpmn=Activity_0bcw6ho, userTask=technician1, numberOfExecutions=2, time=59, subTask="Gateway_1s1smiq", startTime=168, instance=1]
Instance 3: [type=bpmn:ParallelGateway, name=Unnamed, id_bpmn=Gateway_0epbui3, subTask="Activity_1u4k5de, Activity_17ptqba", startTime=178, instance=3]
Instance 3: [type=bpmn:Task, name=Add research groups, id_bpmn=Activity_1u4k5de, userTask=technician3, numberOfExecutions=2, time=73, subTask="Gateway_0w2b9qv", startTime=178, instance=3]
Instance 4: [type=bpmn:StartEvent, name=Unnamed, id_bpmn=Event_10piu52, subTask="Activity_1lsjzdf", startTime=180, instance=4]
Instance 4: [type=bpmn:Task, name=Fill out project application, id_bpmn=Activity_1lsjzdf, userTask=company1, numberOfExecutions=2, time=58, subTask="Gateway_0epbui3", startTime=180, instance=4]
Instance 3: [type=StandBy, id_bpmn=Activity_17ptqba, startTime=178, stopTime=183, time=5, instance=3]
Instance 3: [type=bpmn:Task, name=Add companies, id_bpmn=Activity_17ptqba, userTask=technician4, numberOfExecutions=2, time=63, subTask="Gateway_0w2b9qv", startTime=183, instance=3]
Instance 2: [type=bpmn:ParallelGateway, name=Unnamed, id_bpmn=Gateway_0w2b9qv, subTask="Activity_1conkxb", startTime=190, instance=2]
Instance 2: [type=bpmn:Task, name=Evaluate project, id_bpmn=Activity_1conkxb, userTask=evaluator2, numberOfExecutions=2, time=60, subTask="Activity_0bcw6ho", startTime=190, instance=2]
Instance 1: [type=bpmn:ExclusiveGateway, name=Unnamed, id_bpmn=Gateway_1s1smiq, subTask="Activity_07uebsf", startTime=227, instance=1]
Instance 1: [type=bpmn:Task, name=Make technical checking, id_bpmn=Activity_07uebsf, userTask=technician2, numberOfExecutions=2, time=72, subTask="Activity_0rhq2zz", startTime=227, instance=1]
Instance 4: [type=bpmn:ParallelGateway, name=Unnamed, id_bpmn=Gateway_0epbui3, subTask="Activity_1u4k5de, Activity_17ptqba", startTime=238, instance=4]
Instance 4: [type=bpmn:Task, name=Add research groups, id_bpmn=Activity_1u4k5de, userTask=technician1, numberOfExecutions=2, time=60, subTask="Gateway_0w2b9qv", startTime=238, instance=4]
Instance 5: [type=bpmn:StartEvent, name=Unnamed, id_bpmn=Event_10piu52, subTask="Activity_1lsjzdf", startTime=240, instance=5]
Instance 5: [type=bpmn:Task, name=Fill out project application, id_bpmn=Activity_1lsjzdf, userTask=company3, numberOfExecutions=2, time=53, subTask="Gateway_0epbui3", startTime=240, instance=5]
Instance 4: [type=StandBy, id_bpmn=Activity_17ptqba, startTime=238, stopTime=246, time=8, instance=4]
Instance 4: [type=bpmn:Task, name=Add companies, id_bpmn=Activity_17ptqba, userTask=technician4, numberOfExecutions=2, time=61, subTask="Gateway_0w2b9qv", startTime=246, instance=4]
Instance 3: [type=bpmn:ParallelGateway, name=Unnamed, id_bpmn=Gateway_0w2b9qv, subTask="Activity_1conkxb", startTime=251, instance=3]
Instance 2: [type=StandBy, id_bpmn=Activity_0bcw6ho, startTime=250, stopTime=251, time=1, instance=2]
Instance 2: [type=bpmn:Task, name=Make a decision about project, id_bpmn=Activity_0bcw6ho, userTask=technician3, numberOfExecutions=2, time=62, subTask="Gateway_1s1smiq", startTime=251, instance=2]
Instance 3: [type=bpmn:Task, name=Evaluate project, id_bpmn=Activity_1conkxb, userTask=evaluator1, numberOfExecutions=2, time=64, subTask="Activity_0bcw6ho", startTime=251, instance=3]
Instance 5: [type=bpmn:ParallelGateway, name=Unnamed, id_bpmn=Gateway_0epbui3, subTask="Activity_1u4k5de, Activity_17ptqba", startTime=293, instance=5]
Instance 5: [type=StandBy, id_bpmn=Activity_1u4k5de, startTime=293, stopTime=298, time=5, instance=5]
Instance 5: [type=bpmn:Task, name=Add research groups, id_bpmn=Activity_1u4k5de, userTask=technician1, numberOfExecutions=2, time=51, subTask="Gateway_0w2b9qv", startTime=298, instance=5]
Instance 5: [type=StandBy, id_bpmn=Activity_17ptqba, startTime=293, stopTime=299, time=6, instance=5]
Instance 5: [type=bpmn:Task, name=Add companies, id_bpmn=Activity_17ptqba, userTask=technician2, numberOfExecutions=2, time=57, subTask="Gateway_0w2b9qv", startTime=299, instance=5]
Instance 1: [type=bpmn:Task, name=Finish the project, id_bpmn=Activity_0rhq2zz, userTask=company3, numberOfExecutions=2, time=69, subTask="Gateway_14xcbek", startTime=299, instance=1]
Instance 1: [type=bpmn:ServiceTask, name=Unnamed, id_bpmn=Activity_1xtsdxu, sodSecurity=False, bodSecurity=True, uocSecurity=False, mth=0, subTask="Activity_0rhq2zz, Activity_1lsjzdf"]
Instance 6: [type=bpmn:StartEvent, name=Unnamed, id_bpmn=Event_10piu52, subTask="Activity_1lsjzdf", startTime=300, instance=6]
Instance 6: [type=bpmn:Task, name=Fill out project application, id_bpmn=Activity_1lsjzdf, userTask=company4, numberOfExecutions=2, time=60, subTask="Gateway_0epbui3", startTime=300, instance=6]
Instance 4: [type=bpmn:ParallelGateway, name=Unnamed, id_bpmn=Gateway_0w2b9qv, subTask="Activity_1conkxb", startTime=307, instance=4]
Instance 4: [type=bpmn:Task, name=Evaluate project, id_bpmn=Activity_1conkxb, userTask=evaluator4, numberOfExecutions=2, time=58, subTask="Activity_0bcw6ho", startTime=307, instance=4]
Instance 2: [type=bpmn:ExclusiveGateway, name=Unnamed, id_bpmn=Gateway_1s1smiq, subTask="Activity_07uebsf", startTime=313, instance=2]
Instance 2: [type=bpmn:Task, name=Make technical checking, id_bpmn=Activity_07uebsf, userTask=technician3, numberOfExecutions=2, time=70, subTask="Activity_0rhq2zz", startTime=313, instance=2]
Instance 3: [type=bpmn:Task, name=Make a decision about project, id_bpmn=Activity_0bcw6ho, userTask=technician4, numberOfExecutions=2, time=64, subTask="Gateway_1s1smiq", startTime=315, instance=3]
Instance 5: [type=bpmn:ParallelGateway, name=Unnamed, id_bpmn=Gateway_0w2b9qv, subTask="Activity_1conkxb", startTime=356, instance=5]
Instance 5: [type=bpmn:Task, name=Evaluate project, id_bpmn=Activity_1conkxb, userTask=evaluator3, numberOfExecutions=2, time=64, subTask="Activity_0bcw6ho", startTime=356, instance=5]
Instance 7: [type=bpmn:StartEvent, name=Unnamed, id_bpmn=Event_10piu52, subTask="Activity_1lsjzdf", startTime=360, instance=7]
Instance 7: [type=bpmn:Task, name=Fill out project application, id_bpmn=Activity_1lsjzdf, userTask=company2, numberOfExecutions=2, time=51, subTask="Gateway_0epbui3", startTime=360, instance=7]
Instance 6: [type=bpmn:ParallelGateway, name=Unnamed, id_bpmn=Gateway_0epbui3, subTask="Activity_1u4k5de, Activity_17ptqba", startTime=360, instance=6]
Instance 6: [type=bpmn:Task, name=Add research groups, id_bpmn=Activity_1u4k5de, userTask=technician2, numberOfExecutions=2, time=52, subTask="Gateway_0w2b9qv", startTime=360, instance=6]
Instance 6: [type=bpmn:Task, name=Add companies, id_bpmn=Activity_17ptqba, userTask=technician1, numberOfExecutions=2, time=53, subTask="Gateway_0w2b9qv", startTime=360, instance=6]
Instance 1: [type=bpmn:ExclusiveGateway, name=Unnamed, id_bpmn=Gateway_14xcbek, subTask="Activity_1twduio", startTime=368, instance=1]
Instance 1: [type=bpmn:Task, name=Evaluate project quality, id_bpmn=Activity_1twduio, userTask=evaluator2, numberOfExecutions=1, time=14, subTask="Gateway_1v9au9h", startTime=368, instance=1]
Instance 3: [type=bpmn:ExclusiveGateway, name=Unnamed, id_bpmn=Gateway_1s1smiq, subTask="Activity_07uebsf", startTime=379, instance=3]
Instance 4: [type=StandBy, id_bpmn=Activity_0bcw6ho, startTime=365, stopTime=379, time=14, instance=4]
Instance 4: [type=bpmn:Task, name=Make a decision about project, id_bpmn=Activity_0bcw6ho, userTask=technician4, numberOfExecutions=2, time=46, subTask="Gateway_1s1smiq", startTime=379, instance=4]
Instance 1: [type=bpmn:Task, name=Evaluate project quality, id_bpmn=Activity_1twduio, userTask=evaluator1, numberOfExecutions=1, time=16, subTask="Gateway_1v9au9h", startTime=382, instance=1]
Instance 3: [type=StandBy, id_bpmn=Activity_07uebsf, startTime=379, stopTime=383, time=4, instance=3]
Instance 3: [type=bpmn:Task, name=Make technical checking, id_bpmn=Activity_07uebsf, userTask=technician3, numberOfExecutions=2, time=60, subTask="Activity_0rhq2zz", startTime=383, instance=3]
Instance 2: [type=bpmn:Task, name=Finish the project, id_bpmn=Activity_0rhq2zz, userTask=company4, numberOfExecutions=2, time=58, subTask="Gateway_14xcbek", startTime=383, instance=2]
Instance 2: [type=bpmn:ServiceTask, name=Unnamed, id_bpmn=Activity_1xtsdxu, sodSecurity=False, bodSecurity=True, uocSecurity=False, mth=0, subTask="Activity_0rhq2zz, Activity_1lsjzdf"]
Instance 1: [type=bpmn:Task, name=Evaluate project quality, id_bpmn=Activity_1twduio, userTask=evaluator4, numberOfExecutions=1, time=17, subTask="Gateway_1v9au9h", startTime=398, instance=1]
Instance 1: [type=bpmn:ServiceTask, name=Unnamed, id_bpmn=Activity_1fx8kp5, sodSecurity=False, bodSecurity=False, uocSecurity=True, mth=1, subTask="Activity_1twduio"]
Instance 7: [type=bpmn:ParallelGateway, name=Unnamed, id_bpmn=Gateway_0epbui3, subTask="Activity_1u4k5de, Activity_17ptqba", startTime=411, instance=7]
Instance 7: [type=StandBy, id_bpmn=Activity_1u4k5de, startTime=411, stopTime=412, time=1, instance=7]
Instance 7: [type=bpmn:Task, name=Add research groups, id_bpmn=Activity_1u4k5de, userTask=technician2, numberOfExecutions=2, time=49, subTask="Gateway_0w2b9qv", startTime=412, instance=7]
Instance 6: [type=bpmn:ParallelGateway, name=Unnamed, id_bpmn=Gateway_0w2b9qv, subTask="Activity_1conkxb", startTime=413, instance=6]
Instance 7: [type=StandBy, id_bpmn=Activity_17ptqba, startTime=411, stopTime=413, time=2, instance=7]
Instance 7: [type=bpmn:Task, name=Add companies, id_bpmn=Activity_17ptqba, userTask=technician1, numberOfExecutions=2, time=53, subTask="Gateway_0w2b9qv", startTime=413, instance=7]
Instance 1: [type=bpmn:ExclusiveGateway, name=Unnamed, id_bpmn=Gateway_1v9au9h, subTask="Activity_03brord", startTime=415, instance=1]
Instance 6: [type=StandBy, id_bpmn=Activity_1conkxb, startTime=413, stopTime=415, time=2, instance=6]
Instance 6: [type=bpmn:Task, name=Evaluate project, id_bpmn=Activity_1conkxb, userTask=evaluator2, numberOfExecutions=2, time=58, subTask="Activity_0bcw6ho", startTime=415, instance=6]
Instance 1: [type=bpmn:Task, name=Evaluate refund plan, id_bpmn=Activity_03brord, userTask=ecofinantial2, numberOfExecutions=2, time=61, subTask="Activity_03d8opo", startTime=415, instance=1]
Instance 8: [type=bpmn:StartEvent, name=Unnamed, id_bpmn=Event_10piu52, subTask="Activity_1lsjzdf", startTime=420, instance=8]
Instance 8: [type=bpmn:Task, name=Fill out project application, id_bpmn=Activity_1lsjzdf, userTask=company1, numberOfExecutions=2, time=52, subTask="Gateway_0epbui3", startTime=420, instance=8]
Instance 4: [type=bpmn:ExclusiveGateway, name=Unnamed, id_bpmn=Gateway_1s1smiq, subTask="Activity_07uebsf", startTime=425, instance=4]
Instance 5: [type=StandBy, id_bpmn=Activity_0bcw6ho, startTime=420, stopTime=425, time=5, instance=5]
Instance 5: [type=bpmn:Task, name=Make a decision about project, id_bpmn=Activity_0bcw6ho, userTask=technician4, numberOfExecutions=2, time=45, subTask="Gateway_1s1smiq", startTime=425, instance=5]
Instance 2: [type=bpmn:ExclusiveGateway, name=Unnamed, id_bpmn=Gateway_14xcbek, subTask="Activity_1twduio", startTime=441, instance=2]
Instance 2: [type=bpmn:Task, name=Evaluate project quality, id_bpmn=Activity_1twduio, userTask=evaluator3, numberOfExecutions=1, time=14, subTask="Gateway_1v9au9h", startTime=441, instance=2]
Instance 4: [type=StandBy, id_bpmn=Activity_07uebsf, startTime=425, stopTime=443, time=18, instance=4]
Instance 4: [type=bpmn:Task, name=Make technical checking, id_bpmn=Activity_07uebsf, userTask=technician3, numberOfExecutions=2, time=61, subTask="Activity_0rhq2zz", startTime=443, instance=4]
Instance 3: [type=bpmn:Task, name=Finish the project, id_bpmn=Activity_0rhq2zz, userTask=company2, numberOfExecutions=2, time=60, subTask="Gateway_14xcbek", startTime=443, instance=3]
Instance 3: [type=bpmn:ServiceTask, name=Unnamed, id_bpmn=Activity_1xtsdxu, sodSecurity=False, bodSecurity=True, uocSecurity=False, mth=0, subTask="Activity_0rhq2zz, Activity_1lsjzdf"]
Instance 2: [type=bpmn:Task, name=Evaluate project quality, id_bpmn=Activity_1twduio, userTask=evaluator1, numberOfExecutions=1, time=14, subTask="Gateway_1v9au9h", startTime=455, instance=2]
Instance 7: [type=bpmn:ParallelGateway, name=Unnamed, id_bpmn=Gateway_0w2b9qv, subTask="Activity_1conkxb", startTime=466, instance=7]
Instance 2: [type=bpmn:Task, name=Evaluate project quality, id_bpmn=Activity_1twduio, userTask=evaluator4, numberOfExecutions=1, time=15, subTask="Gateway_1v9au9h", startTime=469, instance=2]
Instance 2: [type=bpmn:ServiceTask, name=Unnamed, id_bpmn=Activity_1fx8kp5, sodSecurity=False, bodSecurity=False, uocSecurity=True, mth=1, subTask="Activity_1twduio"]
Instance 5: [type=bpmn:ExclusiveGateway, name=Unnamed, id_bpmn=Gateway_1s1smiq, subTask="Activity_07uebsf", startTime=470, instance=5]
Instance 5: [type=bpmn:Task, name=Make technical checking, id_bpmn=Activity_07uebsf, userTask=technician2, numberOfExecutions=2, time=53, subTask="Activity_0rhq2zz", startTime=470, instance=5]
Instance 8: [type=bpmn:ParallelGateway, name=Unnamed, id_bpmn=Gateway_0epbui3, subTask="Activity_1u4k5de, Activity_17ptqba", startTime=472, instance=8]
Instance 8: [type=bpmn:Task, name=Add research groups, id_bpmn=Activity_1u4k5de, userTask=technician1, numberOfExecutions=2, time=57, subTask="Gateway_0w2b9qv", startTime=472, instance=8]
Instance 8: [type=bpmn:Task, name=Add companies, id_bpmn=Activity_17ptqba, userTask=technician4, numberOfExecutions=2, time=39, subTask="Gateway_0w2b9qv", startTime=472, instance=8]
Instance 7: [type=StandBy, id_bpmn=Activity_1conkxb, startTime=466, stopTime=473, time=7, instance=7]
Instance 7: [type=bpmn:Task, name=Evaluate project, id_bpmn=Activity_1conkxb, userTask=evaluator2, numberOfExecutions=2, time=52, subTask="Activity_0bcw6ho", startTime=473, instance=7]
Instance 1: [type=bpmn:Task, name=Decide external auditing, id_bpmn=Activity_03d8opo, userTask=ecofinantial3, numberOfExecutions=2, time=67, subTask="Activity_1p7rey7", startTime=476, instance=1]
Instance 1: [type=bpmn:ServiceTask, name=Unnamed, id_bpmn=Activity_0oz806n, sodSecurity=True, bodSecurity=False, uocSecurity=False, mth=0, subTask="Activity_03brord, Activity_03d8opo"]
Instance 9: [type=bpmn:StartEvent, name=Unnamed, id_bpmn=Event_10piu52, subTask="Activity_1lsjzdf", startTime=480, instance=9]
Instance 9: [type=bpmn:Task, name=Fill out project application, id_bpmn=Activity_1lsjzdf, userTask=company1, numberOfExecutions=2, time=60, subTask="Gateway_0epbui3", startTime=480, instance=9]
Instance 2: [type=bpmn:ExclusiveGateway, name=Unnamed, id_bpmn=Gateway_1v9au9h, subTask="Activity_03brord", startTime=484, instance=2]
Instance 2: [type=bpmn:Task, name=Evaluate refund plan, id_bpmn=Activity_03brord, userTask=ecofinantial1, numberOfExecutions=2, time=47, subTask="Activity_03d8opo", startTime=484, instance=2]
Instance 3: [type=bpmn:ExclusiveGateway, name=Unnamed, id_bpmn=Gateway_14xcbek, subTask="Activity_1twduio", startTime=503, instance=3]
Instance 3: [type=bpmn:Task, name=Evaluate project quality, id_bpmn=Activity_1twduio, userTask=evaluator3, numberOfExecutions=1, time=14, subTask="Gateway_1v9au9h", startTime=503, instance=3]
Instance 6: [type=StandBy, id_bpmn=Activity_0bcw6ho, startTime=473, stopTime=504, time=31, instance=6]
Instance 6: [type=bpmn:Task, name=Make a decision about project, id_bpmn=Activity_0bcw6ho, userTask=technician3, numberOfExecutions=2, time=65, subTask="Gateway_1s1smiq", startTime=504, instance=6]
Instance 4: [type=bpmn:Task, name=Finish the project, id_bpmn=Activity_0rhq2zz, userTask=company3, numberOfExecutions=2, time=55, subTask="Gateway_14xcbek", startTime=504, instance=4]
Instance 4: [type=bpmn:ServiceTask, name=Unnamed, id_bpmn=Activity_1xtsdxu, sodSecurity=False, bodSecurity=True, uocSecurity=False, mth=0, subTask="Activity_0rhq2zz, Activity_1lsjzdf"]
Instance 3: [type=bpmn:Task, name=Evaluate project quality, id_bpmn=Activity_1twduio, userTask=evaluator1, numberOfExecutions=1, time=14, subTask="Gateway_1v9au9h", startTime=517, instance=3]
Instance 5: [type=bpmn:Task, name=Finish the project, id_bpmn=Activity_0rhq2zz, userTask=company4, numberOfExecutions=2, time=56, subTask="Gateway_14xcbek", startTime=523, instance=5]
Instance 5: [type=bpmn:ServiceTask, name=Unnamed, id_bpmn=Activity_1xtsdxu, sodSecurity=False, bodSecurity=True, uocSecurity=False, mth=0, subTask="Activity_0rhq2zz, Activity_1lsjzdf"]
Instance 7: [type=bpmn:Task, name=Make a decision about project, id_bpmn=Activity_0bcw6ho, userTask=technician2, numberOfExecutions=2, time=60, subTask="Gateway_1s1smiq", startTime=525, instance=7]
Instance 8: [type=bpmn:ParallelGateway, name=Unnamed, id_bpmn=Gateway_0w2b9qv, subTask="Activity_1conkxb", startTime=529, instance=8]
Instance 8: [type=bpmn:Task, name=Evaluate project, id_bpmn=Activity_1conkxb, userTask=evaluator2, numberOfExecutions=2, time=40, subTask="Activity_0bcw6ho", startTime=529, instance=8]
Instance 3: [type=bpmn:Task, name=Evaluate project quality, id_bpmn=Activity_1twduio, userTask=evaluator4, numberOfExecutions=1, time=13, subTask="Gateway_1v9au9h", startTime=531, instance=3]
Instance 3: [type=bpmn:ServiceTask, name=Unnamed, id_bpmn=Activity_1fx8kp5, sodSecurity=False, bodSecurity=False, uocSecurity=True, mth=1, subTask="Activity_1twduio"]
Instance 2: [type=bpmn:Task, name=Decide external auditing, id_bpmn=Activity_03d8opo, userTask=ecofinantial2, numberOfExecutions=2, time=55, subTask="Activity_1p7rey7", startTime=531, instance=2]
Instance 2: [type=bpmn:ServiceTask, name=Unnamed, id_bpmn=Activity_0oz806n, sodSecurity=True, bodSecurity=False, uocSecurity=False, mth=0, subTask="Activity_03brord, Activity_03d8opo"]
Instance 10: [type=bpmn:StartEvent, name=Unnamed, id_bpmn=Event_10piu52, subTask="Activity_1lsjzdf", startTime=540, instance=10]
Instance 10: [type=bpmn:Task, name=Fill out project application, id_bpmn=Activity_1lsjzdf, userTask=company2, numberOfExecutions=2, time=56, subTask="Gateway_0epbui3", startTime=540, instance=10]
Instance 9: [type=bpmn:ParallelGateway, name=Unnamed, id_bpmn=Gateway_0epbui3, subTask="Activity_1u4k5de, Activity_17ptqba", startTime=540, instance=9]
Instance 9: [type=bpmn:Task, name=Add research groups, id_bpmn=Activity_1u4k5de, userTask=technician1, numberOfExecutions=2, time=46, subTask="Gateway_0w2b9qv", startTime=540, instance=9]
Instance 9: [type=bpmn:Task, name=Add companies, id_bpmn=Activity_17ptqba, userTask=technician4, numberOfExecutions=2, time=51, subTask="Gateway_0w2b9qv", startTime=540, instance=9]
Instance 1: [type=bpmn:Task, name=Refund, id_bpmn=Activity_1p7rey7, userTask=company1, numberOfExecutions=2, time=54, subTask="Event_1racnnc", startTime=543, instance=1]
Instance 3: [type=bpmn:ExclusiveGateway, name=Unnamed, id_bpmn=Gateway_1v9au9h, subTask="Activity_03brord", startTime=544, instance=3]
Instance 3: [type=bpmn:Task, name=Evaluate refund plan, id_bpmn=Activity_03brord, userTask=ecofinantial3, numberOfExecutions=2, time=64, subTask="Activity_03d8opo", startTime=544, instance=3]
Instance 4: [type=bpmn:ExclusiveGateway, name=Unnamed, id_bpmn=Gateway_14xcbek, subTask="Activity_1twduio", startTime=559, instance=4]
Instance 4: [type=bpmn:Task, name=Evaluate project quality, id_bpmn=Activity_1twduio, userTask=evaluator3, numberOfExecutions=1, time=13, subTask="Gateway_1v9au9h", startTime=559, instance=4]
Instance 6: [type=bpmn:ExclusiveGateway, name=Unnamed, id_bpmn=Gateway_1s1smiq, subTask="Activity_07uebsf", startTime=569, instance=6]
Instance 8: [type=bpmn:Task, name=Make a decision about project, id_bpmn=Activity_0bcw6ho, userTask=technician3, numberOfExecutions=2, time=58, subTask="Gateway_1s1smiq", startTime=569, instance=8]
Instance 4: [type=bpmn:Task, name=Evaluate project quality, id_bpmn=Activity_1twduio, userTask=evaluator1, numberOfExecutions=1, time=13, subTask="Gateway_1v9au9h", startTime=572, instance=4]
Instance 5: [type=bpmn:ExclusiveGateway, name=Unnamed, id_bpmn=Gateway_14xcbek, subTask="Activity_1twduio", startTime=579, instance=5]
Instance 5: [type=bpmn:Task, name=Evaluate project quality, id_bpmn=Activity_1twduio, userTask=evaluator2, numberOfExecutions=3, time=91, subTask="Gateway_1v9au9h", startTime=579, instance=5]
Instance 5: [type=bpmn:ServiceTask, name=Unnamed, id_bpmn=Activity_1fx8kp5, sodSecurity=False, bodSecurity=False, uocSecurity=True, mth=1, subTask="Activity_1twduio"]
Instance 4: [type=bpmn:Task, name=Evaluate project quality, id_bpmn=Activity_1twduio, userTask=evaluator4, numberOfExecutions=1, time=14, subTask="Gateway_1v9au9h", startTime=585, instance=4]
Instance 4: [type=bpmn:ServiceTask, name=Unnamed, id_bpmn=Activity_1fx8kp5, sodSecurity=False, bodSecurity=False, uocSecurity=True, mth=1, subTask="Activity_1twduio"]
Instance 7: [type=bpmn:ExclusiveGateway, name=Unnamed, id_bpmn=Gateway_1s1smiq, subTask="Activity_07uebsf", startTime=585, instance=7]
Instance 6: [type=StandBy, id_bpmn=Activity_07uebsf, startTime=569, stopTime=585, time=16, instance=6]
Instance 6: [type=bpmn:Task, name=Make technical checking, id_bpmn=Activity_07uebsf, userTask=technician2, numberOfExecutions=2, time=58, subTask="Activity_0rhq2zz", startTime=585, instance=6]
Instance 7: [type=StandBy, id_bpmn=Activity_07uebsf, startTime=585, stopTime=586, time=1, instance=7]
Instance 7: [type=bpmn:Task, name=Make technical checking, id_bpmn=Activity_07uebsf, userTask=technician1, numberOfExecutions=2, time=53, subTask="Activity_0rhq2zz", startTime=586, instance=7]
Instance 2: [type=bpmn:Task, name=Refund, id_bpmn=Activity_1p7rey7, userTask=company3, numberOfExecutions=2, time=57, subTask="Event_1racnnc", startTime=586, instance=2]
Instance 9: [type=bpmn:ParallelGateway, name=Unnamed, id_bpmn=Gateway_0w2b9qv, subTask="Activity_1conkxb", startTime=591, instance=9]
Instance 10: [type=bpmn:ParallelGateway, name=Unnamed, id_bpmn=Gateway_0epbui3, subTask="Activity_1u4k5de, Activity_17ptqba", startTime=596, instance=10]
Instance 10: [type=bpmn:Task, name=Add research groups, id_bpmn=Activity_1u4k5de, userTask=technician4, numberOfExecutions=2, time=68, subTask="Gateway_0w2b9qv", startTime=596, instance=10]
Instance 1: [type=bpmn:EndEvent, name=Unnamed, id_bpmn=Event_1racnnc, subTask="", startTime=597, instance=1]
Instance 4: [type=bpmn:ExclusiveGateway, name=Unnamed, id_bpmn=Gateway_1v9au9h, subTask="Activity_03brord", startTime=599, instance=4]
Instance 9: [type=StandBy, id_bpmn=Activity_1conkxb, startTime=591, stopTime=599, time=8, instance=9]
Instance 9: [type=bpmn:Task, name=Evaluate project, id_bpmn=Activity_1conkxb, userTask=evaluator3, numberOfExecutions=2, time=49, subTask="Activity_0bcw6ho", startTime=599, instance=9]
Instance 4: [type=bpmn:Task, name=Evaluate refund plan, id_bpmn=Activity_03brord, userTask=ecofinantial1, numberOfExecutions=2, time=46, subTask="Activity_03d8opo", startTime=599, instance=4]
Instance 3: [type=bpmn:Task, name=Decide external auditing, id_bpmn=Activity_03d8opo, userTask=ecofinantial2, numberOfExecutions=2, time=40, subTask="Activity_1p7rey7", startTime=608, instance=3]
Instance 3: [type=bpmn:ServiceTask, name=Unnamed, id_bpmn=Activity_0oz806n, sodSecurity=True, bodSecurity=False, uocSecurity=False, mth=0, subTask="Activity_03brord, Activity_03d8opo"]
Instance 8: [type=bpmn:ExclusiveGateway, name=Unnamed, id_bpmn=Gateway_1s1smiq, subTask="Activity_07uebsf", startTime=627, instance=8]
Instance 10: [type=StandBy, id_bpmn=Activity_17ptqba, startTime=596, stopTime=627, time=31, instance=10]
Instance 10: [type=bpmn:Task, name=Add companies, id_bpmn=Activity_17ptqba, userTask=technician3, numberOfExecutions=2, time=54, subTask="Gateway_0w2b9qv", startTime=627, instance=10]
Instance 8: [type=StandBy, id_bpmn=Activity_07uebsf, startTime=627, stopTime=639, time=12, instance=8]
Instance 8: [type=bpmn:Task, name=Make technical checking, id_bpmn=Activity_07uebsf, userTask=technician1, numberOfExecutions=2, time=63, subTask="Activity_0rhq2zz", startTime=639, instance=8]
Instance 7: [type=bpmn:Task, name=Finish the project, id_bpmn=Activity_0rhq2zz, userTask=company2, numberOfExecutions=2, time=55, subTask="Gateway_14xcbek", startTime=639, instance=7]
Instance 7: [type=bpmn:ServiceTask, name=Unnamed, id_bpmn=Activity_1xtsdxu, sodSecurity=False, bodSecurity=True, uocSecurity=False, mth=0, subTask="Activity_0rhq2zz, Activity_1lsjzdf"]
Instance 2: [type=bpmn:EndEvent, name=Unnamed, id_bpmn=Event_1racnnc, subTask="", startTime=643, instance=2]
Instance 6: [type=bpmn:Task, name=Finish the project, id_bpmn=Activity_0rhq2zz, userTask=company4, numberOfExecutions=2, time=49, subTask="Gateway_14xcbek", startTime=643, instance=6]
Instance 6: [type=bpmn:ServiceTask, name=Unnamed, id_bpmn=Activity_1xtsdxu, sodSecurity=False, bodSecurity=True, uocSecurity=False, mth=0, subTask="Activity_0rhq2zz, Activity_1lsjzdf"]
Instance 4: [type=bpmn:Task, name=Decide external auditing, id_bpmn=Activity_03d8opo, userTask=ecofinantial3, numberOfExecutions=2, time=51, subTask="Activity_1p7rey7", startTime=645, instance=4]
Instance 4: [type=bpmn:ServiceTask, name=Unnamed, id_bpmn=Activity_0oz806n, sodSecurity=True, bodSecurity=False, uocSecurity=False, mth=0, subTask="Activity_03brord, Activity_03d8opo"]
Instance 9: [type=bpmn:Task, name=Make a decision about project, id_bpmn=Activity_0bcw6ho, userTask=technician2, numberOfExecutions=2, time=45, subTask="Gateway_1s1smiq", startTime=648, instance=9]
Instance 3: [type=bpmn:Task, name=Refund, id_bpmn=Activity_1p7rey7, userTask=company1, numberOfExecutions=2, time=63, subTask="Event_1racnnc", startTime=648, instance=3]
Instance 5: [type=bpmn:ExclusiveGateway, name=Unnamed, id_bpmn=Gateway_1v9au9h, subTask="Activity_03brord", startTime=670, instance=5]
Instance 5: [type=bpmn:Task, name=Evaluate refund plan, id_bpmn=Activity_03brord, userTask=ecofinantial1, numberOfExecutions=2, time=45, subTask="Activity_03d8opo", startTime=670, instance=5]
Instance 10: [type=bpmn:ParallelGateway, name=Unnamed, id_bpmn=Gateway_0w2b9qv, subTask="Activity_1conkxb", startTime=681, instance=10]
Instance 10: [type=bpmn:Task, name=Evaluate project, id_bpmn=Activity_1conkxb, userTask=evaluator1, numberOfExecutions=2, time=58, subTask="Activity_0bcw6ho", startTime=681, instance=10]
Instance 6: [type=bpmn:ExclusiveGateway, name=Unnamed, id_bpmn=Gateway_14xcbek, subTask="Activity_1twduio", startTime=692, instance=6]
Instance 6: [type=bpmn:Task, name=Evaluate project quality, id_bpmn=Activity_1twduio, userTask=evaluator3, numberOfExecutions=1, time=13, subTask="Gateway_1v9au9h", startTime=692, instance=6]
Instance 9: [type=bpmn:ExclusiveGateway, name=Unnamed, id_bpmn=Gateway_1s1smiq, subTask="Activity_07uebsf", startTime=693, instance=9]
Instance 9: [type=bpmn:Task, name=Make technical checking, id_bpmn=Activity_07uebsf, userTask=technician3, numberOfExecutions=2, time=48, subTask="Activity_0rhq2zz", startTime=693, instance=9]
Instance 7: [type=bpmn:ExclusiveGateway, name=Unnamed, id_bpmn=Gateway_14xcbek, subTask="Activity_1twduio", startTime=694, instance=7]
Instance 4: [type=bpmn:Task, name=Refund, id_bpmn=Activity_1p7rey7, userTask=company3, numberOfExecutions=2, time=57, subTask="Event_1racnnc", startTime=696, instance=4]
Instance 8: [type=bpmn:Task, name=Finish the project, id_bpmn=Activity_0rhq2zz, userTask=company4, numberOfExecutions=2, time=48, subTask="Gateway_14xcbek", startTime=702, instance=8]
Instance 8: [type=bpmn:ServiceTask, name=Unnamed, id_bpmn=Activity_1xtsdxu, sodSecurity=False, bodSecurity=True, uocSecurity=False, mth=0, subTask="Activity_0rhq2zz, Activity_1lsjzdf"]
Instance 6: [type=bpmn:Task, name=Evaluate project quality, id_bpmn=Activity_1twduio, userTask=evaluator2, numberOfExecutions=1, time=12, subTask="Gateway_1v9au9h", startTime=705, instance=6]
Instance 3: [type=bpmn:EndEvent, name=Unnamed, id_bpmn=Event_1racnnc, subTask="", startTime=711, instance=3]
Instance 5: [type=bpmn:Task, name=Decide external auditing, id_bpmn=Activity_03d8opo, userTask=ecofinantial2, numberOfExecutions=2, time=54, subTask="Activity_1p7rey7", startTime=715, instance=5]
Instance 5: [type=bpmn:ServiceTask, name=Unnamed, id_bpmn=Activity_0oz806n, sodSecurity=True, bodSecurity=False, uocSecurity=False, mth=0, subTask="Activity_03brord, Activity_03d8opo"]
Instance 6: [type=bpmn:Task, name=Evaluate project quality, id_bpmn=Activity_1twduio, userTask=evaluator4, numberOfExecutions=1, time=10, subTask="Gateway_1v9au9h", startTime=717, instance=6]
Instance 6: [type=bpmn:ServiceTask, name=Unnamed, id_bpmn=Activity_1fx8kp5, sodSecurity=False, bodSecurity=False, uocSecurity=True, mth=1, subTask="Activity_1twduio"]
Instance 6: [type=bpmn:ExclusiveGateway, name=Unnamed, id_bpmn=Gateway_1v9au9h, subTask="Activity_03brord", startTime=727, instance=6]
Instance 7: [type=StandBy, id_bpmn=Activity_1twduio, startTime=694, stopTime=727, time=33, instance=7]
Instance 7: [type=bpmn:Task, name=Evaluate project quality, id_bpmn=Activity_1twduio, userTask=evaluator4, numberOfExecutions=3, time=92, subTask="Gateway_1v9au9h", startTime=727, instance=7]
Instance 7: [type=bpmn:ServiceTask, name=Unnamed, id_bpmn=Activity_1fx8kp5, sodSecurity=False, bodSecurity=False, uocSecurity=True, mth=1, subTask="Activity_1twduio"]
Instance 6: [type=bpmn:Task, name=Evaluate refund plan, id_bpmn=Activity_03brord, userTask=ecofinantial3, numberOfExecutions=2, time=68, subTask="Activity_03d8opo", startTime=727, instance=6]
Instance 10: [type=bpmn:Task, name=Make a decision about project, id_bpmn=Activity_0bcw6ho, userTask=technician4, numberOfExecutions=2, time=50, subTask="Gateway_1s1smiq", startTime=739, instance=10]
Instance 9: [type=bpmn:Task, name=Finish the project, id_bpmn=Activity_0rhq2zz, userTask=company1, numberOfExecutions=2, time=61, subTask="Gateway_14xcbek", startTime=741, instance=9]
Instance 9: [type=bpmn:ServiceTask, name=Unnamed, id_bpmn=Activity_1xtsdxu, sodSecurity=False, bodSecurity=True, uocSecurity=False, mth=0, subTask="Activity_0rhq2zz, Activity_1lsjzdf"]
Instance 8: [type=bpmn:ExclusiveGateway, name=Unnamed, id_bpmn=Gateway_14xcbek, subTask="Activity_1twduio", startTime=750, instance=8]
Instance 8: [type=bpmn:Task, name=Evaluate project quality, id_bpmn=Activity_1twduio, userTask=evaluator3, numberOfExecutions=1, time=11, subTask="Gateway_1v9au9h", startTime=750, instance=8]
Instance 4: [type=bpmn:EndEvent, name=Unnamed, id_bpmn=Event_1racnnc, subTask="", startTime=753, instance=4]
Instance 8: [type=bpmn:Task, name=Evaluate project quality, id_bpmn=Activity_1twduio, userTask=evaluator2, numberOfExecutions=1, time=13, subTask="Gateway_1v9au9h", startTime=761, instance=8]
Instance 5: [type=bpmn:Task, name=Refund, id_bpmn=Activity_1p7rey7, userTask=company2, numberOfExecutions=2, time=60, subTask="Event_1racnnc", startTime=769, instance=5]
Instance 8: [type=bpmn:Task, name=Evaluate project quality, id_bpmn=Activity_1twduio, userTask=evaluator1, numberOfExecutions=1, time=8, subTask="Gateway_1v9au9h", startTime=774, instance=8]
Instance 8: [type=bpmn:ServiceTask, name=Unnamed, id_bpmn=Activity_1fx8kp5, sodSecurity=False, bodSecurity=False, uocSecurity=True, mth=1, subTask="Activity_1twduio"]
Instance 8: [type=bpmn:ExclusiveGateway, name=Unnamed, id_bpmn=Gateway_1v9au9h, subTask="Activity_03brord", startTime=782, instance=8]
Instance 8: [type=bpmn:Task, name=Evaluate refund plan, id_bpmn=Activity_03brord, userTask=ecofinantial1, numberOfExecutions=2, time=48, subTask="Activity_03d8opo", startTime=782, instance=8]
Instance 10: [type=bpmn:ExclusiveGateway, name=Unnamed, id_bpmn=Gateway_1s1smiq, subTask="Activity_07uebsf", startTime=789, instance=10]
Instance 10: [type=bpmn:Task, name=Make technical checking, id_bpmn=Activity_07uebsf, userTask=technician2, numberOfExecutions=2, time=50, subTask="Activity_0rhq2zz", startTime=789, instance=10]
Instance 6: [type=bpmn:Task, name=Decide external auditing, id_bpmn=Activity_03d8opo, userTask=ecofinantial2, numberOfExecutions=2, time=45, subTask="Activity_1p7rey7", startTime=795, instance=6]
Instance 6: [type=bpmn:ServiceTask, name=Unnamed, id_bpmn=Activity_0oz806n, sodSecurity=True, bodSecurity=False, uocSecurity=False, mth=0, subTask="Activity_03brord, Activity_03d8opo"]
Instance 9: [type=bpmn:ExclusiveGateway, name=Unnamed, id_bpmn=Gateway_14xcbek, subTask="Activity_1twduio", startTime=802, instance=9]
Instance 9: [type=bpmn:Task, name=Evaluate project quality, id_bpmn=Activity_1twduio, userTask=evaluator3, numberOfExecutions=1, time=13, subTask="Gateway_1v9au9h", startTime=802, instance=9]
Instance 9: [type=bpmn:Task, name=Evaluate project quality, id_bpmn=Activity_1twduio, userTask=evaluator2, numberOfExecutions=1, time=13, subTask="Gateway_1v9au9h", startTime=815, instance=9]
Instance 7: [type=bpmn:ExclusiveGateway, name=Unnamed, id_bpmn=Gateway_1v9au9h, subTask="Activity_03brord", startTime=819, instance=7]
Instance 7: [type=bpmn:Task, name=Evaluate refund plan, id_bpmn=Activity_03brord, userTask=ecofinantial3, numberOfExecutions=2, time=51, subTask="Activity_03d8opo", startTime=819, instance=7]
Instance 9: [type=bpmn:Task, name=Evaluate project quality, id_bpmn=Activity_1twduio, userTask=evaluator1, numberOfExecutions=1, time=11, subTask="Gateway_1v9au9h", startTime=828, instance=9]
Instance 9: [type=bpmn:ServiceTask, name=Unnamed, id_bpmn=Activity_1fx8kp5, sodSecurity=False, bodSecurity=False, uocSecurity=True, mth=1, subTask="Activity_1twduio"]
Instance 5: [type=bpmn:EndEvent, name=Unnamed, id_bpmn=Event_1racnnc, subTask="", startTime=829, instance=5]
Instance 8: [type=bpmn:Task, name=Decide external auditing, id_bpmn=Activity_03d8opo, userTask=ecofinantial1, numberOfExecutions=2, time=51, subTask="Activity_1p7rey7", startTime=830, instance=8]
Instance 8: [type=bpmn:ServiceTask, name=Unnamed, id_bpmn=Activity_0oz806n, sodSecurity=True, bodSecurity=False, uocSecurity=False, mth=0, subTask="Activity_03brord, Activity_03d8opo"]
Instance 9: [type=bpmn:ExclusiveGateway, name=Unnamed, id_bpmn=Gateway_1v9au9h, subTask="Activity_03brord", startTime=839, instance=9]
Instance 10: [type=bpmn:Task, name=Finish the project, id_bpmn=Activity_0rhq2zz, userTask=company2, numberOfExecutions=2, time=49, subTask="Gateway_14xcbek", startTime=839, instance=10]
Instance 10: [type=bpmn:ServiceTask, name=Unnamed, id_bpmn=Activity_1xtsdxu, sodSecurity=False, bodSecurity=True, uocSecurity=False, mth=0, subTask="Activity_0rhq2zz, Activity_1lsjzdf"]
Instance 9: [type=StandBy, id_bpmn=Activity_03brord, startTime=839, stopTime=840, time=1, instance=9]
Instance 9: [type=bpmn:Task, name=Evaluate refund plan, id_bpmn=Activity_03brord, userTask=ecofinantial2, numberOfExecutions=2, time=67, subTask="Activity_03d8opo", startTime=840, instance=9]
Instance 6: [type=bpmn:Task, name=Refund, id_bpmn=Activity_1p7rey7, userTask=company3, numberOfExecutions=2, time=51, subTask="Event_1racnnc", startTime=840, instance=6]
Instance 7: [type=bpmn:Task, name=Decide external auditing, id_bpmn=Activity_03d8opo, userTask=ecofinantial3, numberOfExecutions=2, time=56, subTask="Activity_1p7rey7", startTime=870, instance=7]
Instance 7: [type=bpmn:ServiceTask, name=Unnamed, id_bpmn=Activity_0oz806n, sodSecurity=True, bodSecurity=False, uocSecurity=False, mth=0, subTask="Activity_03brord, Activity_03d8opo"]
Instance 8: [type=bpmn:Task, name=Refund, id_bpmn=Activity_1p7rey7, userTask=company4, numberOfExecutions=2, time=63, subTask="Event_1racnnc", startTime=881, instance=8]
Instance 10: [type=bpmn:ExclusiveGateway, name=Unnamed, id_bpmn=Gateway_14xcbek, subTask="Activity_1twduio", startTime=888, instance=10]
Instance 10: [type=bpmn:Task, name=Evaluate project quality, id_bpmn=Activity_1twduio, userTask=evaluator3, numberOfExecutions=1, time=10, subTask="Gateway_1v9au9h", startTime=888, instance=10]
Instance 6: [type=bpmn:EndEvent, name=Unnamed, id_bpmn=Event_1racnnc, subTask="", startTime=891, instance=6]
Instance 10: [type=bpmn:Task, name=Evaluate project quality, id_bpmn=Activity_1twduio, userTask=evaluator2, numberOfExecutions=1, time=13, subTask="Gateway_1v9au9h", startTime=898, instance=10]
Instance 9: [type=bpmn:Task, name=Decide external auditing, id_bpmn=Activity_03d8opo, userTask=ecofinantial1, numberOfExecutions=2, time=47, subTask="Activity_1p7rey7", startTime=907, instance=9]
Instance 9: [type=bpmn:ServiceTask, name=Unnamed, id_bpmn=Activity_0oz806n, sodSecurity=True, bodSecurity=False, uocSecurity=False, mth=0, subTask="Activity_03brord, Activity_03d8opo"]
Instance 10: [type=bpmn:Task, name=Evaluate project quality, id_bpmn=Activity_1twduio, userTask=evaluator1, numberOfExecutions=1, time=11, subTask="Gateway_1v9au9h", startTime=911, instance=10]
Instance 10: [type=bpmn:ServiceTask, name=Unnamed, id_bpmn=Activity_1fx8kp5, sodSecurity=False, bodSecurity=False, uocSecurity=True, mth=1, subTask="Activity_1twduio"]
Instance 10: [type=bpmn:ExclusiveGateway, name=Unnamed, id_bpmn=Gateway_1v9au9h, subTask="Activity_03brord", startTime=922, instance=10]
Instance 10: [type=bpmn:Task, name=Evaluate refund plan, id_bpmn=Activity_03brord, userTask=ecofinantial2, numberOfExecutions=2, time=52, subTask="Activity_03d8opo", startTime=922, instance=10]
Instance 7: [type=bpmn:Task, name=Refund, id_bpmn=Activity_1p7rey7, userTask=company1, numberOfExecutions=2, time=52, subTask="Event_1racnnc", startTime=926, instance=7]
Instance 8: [type=bpmn:EndEvent, name=Unnamed, id_bpmn=Event_1racnnc, subTask="", startTime=944, instance=8]
Instance 9: [type=bpmn:Task, name=Refund, id_bpmn=Activity_1p7rey7, userTask=company3, numberOfExecutions=2, time=57, subTask="Event_1racnnc", startTime=954, instance=9]
Instance 10: [type=bpmn:Task, name=Decide external auditing, id_bpmn=Activity_03d8opo, userTask=ecofinantial3, numberOfExecutions=2, time=54, subTask="Activity_1p7rey7", startTime=974, instance=10]
Instance 10: [type=bpmn:ServiceTask, name=Unnamed, id_bpmn=Activity_0oz806n, sodSecurity=True, bodSecurity=False, uocSecurity=False, mth=0, subTask="Activity_03brord, Activity_03d8opo"]
Instance 7: [type=bpmn:EndEvent, name=Unnamed, id_bpmn=Event_1racnnc, subTask="", startTime=978, instance=7]
Instance 9: [type=bpmn:EndEvent, name=Unnamed, id_bpmn=Event_1racnnc, subTask="", startTime=1011, instance=9]
Instance 10: [type=bpmn:Task, name=Refund, id_bpmn=Activity_1p7rey7, userTask=company4, numberOfExecutions=2, time=60, subTask="Event_1racnnc", startTime=1028, instance=10]
Instance 10: [type=bpmn:EndEvent, name=Unnamed, id_bpmn=Event_1racnnc, subTask="", startTime=1088, instance=10]