---------------------------------
- [BOD MONITOR] Binding of Duties violation detected:
- Parent Task ID: Activity_1xtsdxu
- SubTask 1 ID: Activity_1lsjzdf
- SubTask 2 ID: Activity_0rhq2zz
- Executed By Users: company2 and company1
- Instance: 1
---------------------------------
---------------------------------
- [STANDBY VIOLATION] Detected:
Instance 5: StandBy on task Activity_17ptqba, start at 291, stops at 292, duration of 1
---------------------------------
---------------------------------
- [STANDBY VIOLATION] Detected:
Instance 7: StandBy on task Activity_17ptqba, start at 403, stops at 406, duration of 3
---------------------------------
---------------------------------
- [STANDBY VIOLATION] Detected:
Instance 5: StandBy on task Activity_0bcw6ho, start at 405, stops at 417, duration of 12
---------------------------------
---------------------------------
- [STANDBY VIOLATION] Detected:
Instance 4: StandBy on task Activity_07uebsf, start at 417, stops at 425, duration of 8
---------------------------------
---------------------------------
- [STANDBY VIOLATION] Detected:
Instance 6: StandBy on task Activity_0bcw6ho, start at 451, stops at 455, duration of 4
---------------------------------
---------------------------------
- [STANDBY VIOLATION] Detected:
Instance 7: StandBy on task Activity_0bcw6ho, start at 520, stops at 521, duration of 1
---------------------------------
---------------------------------
- [BOD MONITOR] Binding of Duties violation detected:
- Parent Task ID: Activity_1xtsdxu
- SubTask 1 ID: Activity_0rhq2zz
- SubTask 2 ID: Activity_1lsjzdf
- Executed By Users: company1 and company2
- Instance: 5
---------------------------------
---------------------------------
- [STANDBY VIOLATION] Detected:
Instance 10: StandBy on task Activity_1lsjzdf, start at 540, stops at 542, duration of 2
---------------------------------
---------------------------------
- [BOD MONITOR] Binding of Duties violation detected:
- Parent Task ID: Activity_1xtsdxu
- SubTask 1 ID: Activity_0rhq2zz
- SubTask 2 ID: Activity_1lsjzdf
- Executed By Users: company4 and company3
- Instance: 6
---------------------------------
---------------------------------
- [STANDBY VIOLATION] Detected:
Instance 11: StandBy on task Activity_17ptqba, start at 650, stops at 655, duration of 5
---------------------------------
---------------------------------
- [STANDBY VIOLATION] Detected:
Instance 12: StandBy on task Activity_1u4k5de, start at 694, stops at 704, duration of 10
---------------------------------
---------------------------------
- [STANDBY VIOLATION] Detected:
Instance 12: StandBy on task Activity_17ptqba, start at 694, stops at 706, duration of 12
---------------------------------
---------------------------------
- [STANDBY VIOLATION] Detected:
Instance 10: StandBy on task Activity_0bcw6ho, start at 708, stops at 710, duration of 2
---------------------------------
---------------------------------
- [BOD MONITOR] Binding of Duties violation detected:
- Parent Task ID: Activity_1xtsdxu
- SubTask 1 ID: Activity_0rhq2zz
- SubTask 2 ID: Activity_1lsjzdf
- Executed By Users: company1 and company2
- Instance: 9
---------------------------------
---------------------------------
- [STANDBY VIOLATION] Detected:
Instance 12: StandBy on task Activity_0bcw6ho, start at 805, stops at 811, duration of 6
---------------------------------
---------------------------------
- [STANDBY VIOLATION] Detected:
Instance 11: StandBy on task Activity_07uebsf, start at 811, stops at 814, duration of 3
---------------------------------
---------------------------------
- [BOD MONITOR] Binding of Duties violation detected:
- Parent Task ID: Activity_1xtsdxu
- SubTask 1 ID: Activity_0rhq2zz
- SubTask 2 ID: Activity_1lsjzdf
- Executed By Users: company4 and company2
- Instance: 10
---------------------------------
---------------------------------
- [BOD MONITOR] Binding of Duties violation detected:
- Parent Task ID: Activity_1xtsdxu
- SubTask 1 ID: Activity_0rhq2zz
- SubTask 2 ID: Activity_1lsjzdf
- Executed By Users: company2 and company1
- Instance: 11
---------------------------------
---------------------------------
- [BOD MONITOR] Binding of Duties violation detected:
- Parent Task ID: Activity_1xtsdxu
- SubTask 1 ID: Activity_0rhq2zz
- SubTask 2 ID: Activity_1lsjzdf
- Executed By Users: company1 and company3
- Instance: 13
---------------------------------
---------------------------------
- [STANDBY VIOLATION] Detected:
Instance 17: StandBy on task Activity_17ptqba, start at 1012, stops at 1022, duration of 10
---------------------------------
---------------------------------
- [BOD MONITOR] Binding of Duties violation detected:
- Parent Task ID: Activity_1xtsdxu
- SubTask 1 ID: Activity_0rhq2zz
- SubTask 2 ID: Activity_1lsjzdf
- Executed By Users: company4 and company3
- Instance: 14
---------------------------------
---------------------------------
- [BOD MONITOR] Binding of Duties violation detected:
- Parent Task ID: Activity_1xtsdxu
- SubTask 1 ID: Activity_0rhq2zz
- SubTask 2 ID: Activity_1lsjzdf
- Executed By Users: company2 and company3
- Instance: 15
---------------------------------
---------------------------------
- [BOD MONITOR] Binding of Duties violation detected:
- Parent Task ID: Activity_1xtsdxu
- SubTask 1 ID: Activity_0rhq2zz
- SubTask 2 ID: Activity_1lsjzdf
- Executed By Users: company2 and company1
- Instance: 16
---------------------------------
---------------------------------
- [BOD MONITOR] Binding of Duties violation detected:
- Parent Task ID: Activity_1xtsdxu
- SubTask 1 ID: Activity_0rhq2zz
- SubTask 2 ID: Activity_1lsjzdf
- Executed By Users: company1 and company4
- Instance: 17
---------------------------------
---------------------------------
- [STANDBY VIOLATION] Detected:
Instance 21: StandBy on task Activity_1lsjzdf, start at 1200, stops at 1203, duration of 3
---------------------------------
---------------------------------
- [STANDBY VIOLATION] Detected:
Instance 19: StandBy on task Activity_0rhq2zz, start at 1282, stops at 1303, duration of 21
---------------------------------
---------------------------------
- [BOD MONITOR] Binding of Duties violation detected:
- Parent Task ID: Activity_1xtsdxu
- SubTask 1 ID: Activity_0rhq2zz
- SubTask 2 ID: Activity_1lsjzdf
- Executed By Users: company2 and company1
- Instance: 20
---------------------------------
---------------------------------
- [STANDBY VIOLATION] Detected:
Instance 23: StandBy on task Activity_17ptqba, start at 1358, stops at 1373, duration of 15
---------------------------------
---------------------------------
- [BOD MONITOR] Binding of Duties violation detected:
- Parent Task ID: Activity_1xtsdxu
- SubTask 1 ID: Activity_0rhq2zz
- SubTask 2 ID: Activity_1lsjzdf
- Executed By Users: company3 and company4
- Instance: 23
---------------------------------
---------------------------------
- [STANDBY VIOLATION] Detected:
Instance 27: StandBy on task Activity_17ptqba, start at 1596, stops at 1597, duration of 1
---------------------------------
---------------------------------
- [STANDBY VIOLATION] Detected:
Instance 28: StandBy on task Activity_0bcw6ho, start at 1752, stops at 1759, duration of 7
---------------------------------
---------------------------------
- [BOD MONITOR] Binding of Duties violation detected:
- Parent Task ID: Activity_1xtsdxu
- SubTask 1 ID: Activity_0rhq2zz
- SubTask 2 ID: Activity_1lsjzdf
- Executed By Users: company3 and company1
- Instance: 27
---------------------------------
---------------------------------
- [STANDBY VIOLATION] Detected:
Instance 28: StandBy on task Activity_0rhq2zz, start at 1822, stops at 1834, duration of 12
---------------------------------
---------------------------------
- [BOD MONITOR] Binding of Duties violation detected:
- Parent Task ID: Activity_1xtsdxu
- SubTask 1 ID: Activity_0rhq2zz
- SubTask 2 ID: Activity_1lsjzdf
- Executed By Users: company2 and company4
- Instance: 28
---------------------------------
---------------------------------
- [BOD MONITOR] Binding of Duties violation detected:
- Parent Task ID: Activity_1xtsdxu
- SubTask 1 ID: Activity_0rhq2zz
- SubTask 2 ID: Activity_1lsjzdf
- Executed By Users: company4 and company3
- Instance: 32
---------------------------------
---------------------------------
- [BOD MONITOR] Binding of Duties violation detected:
- Parent Task ID: Activity_1xtsdxu
- SubTask 1 ID: Activity_0rhq2zz
- SubTask 2 ID: Activity_1lsjzdf
- Executed By Users: company1 and company3
- Instance: 39
---------------------------------
---------------------------------
- [BOD MONITOR] Binding of Duties violation detected:
- Parent Task ID: Activity_1xtsdxu
- SubTask 1 ID: Activity_0rhq2zz
- SubTask 2 ID: Activity_1lsjzdf
- Executed By Users: company1 and company4
- Instance: 49
---------------------------------
---------------------------------
- [BOD MONITOR] Binding of Duties violation detected:
- Parent Task ID: Activity_1xtsdxu
- SubTask 1 ID: Activity_0rhq2zz
- SubTask 2 ID: Activity_1lsjzdf
- Executed By Users: company2 and company4
- Instance: 51
---------------------------------
---------------------------------
- [BOD MONITOR] Binding of Duties violation detected:
- Parent Task ID: Activity_1xtsdxu
- SubTask 1 ID: Activity_0rhq2zz
- SubTask 2 ID: Activity_1lsjzdf
- Executed By Users: company3 and company1
- Instance: 64
---------------------------------
---------------------------------
- [BOD MONITOR] Binding of Duties violation detected:
- Parent Task ID: Activity_1xtsdxu
- SubTask 1 ID: Activity_0rhq2zz
- SubTask 2 ID: Activity_1lsjzdf
- Executed By Users: company2 and company4
- Instance: 70
---------------------------------
---------------------------------
- [BOD MONITOR] Binding of Duties violation detected:
- Parent Task ID: Activity_1xtsdxu
- SubTask 1 ID: Activity_0rhq2zz
- SubTask 2 ID: Activity_1lsjzdf
- Executed By Users: company2 and company4
- Instance: 74
---------------------------------
---------------------------------
- [BOD MONITOR] Binding of Duties violation detected:
- Parent Task ID: Activity_1xtsdxu
- SubTask 1 ID: Activity_0rhq2zz
- SubTask 2 ID: Activity_1lsjzdf
- Executed By Users: company4 and company2
- Instance: 83
---------------------------------
---------------------------------
- [BOD MONITOR] Binding of Duties violation detected:
- Parent Task ID: Activity_1xtsdxu
- SubTask 1 ID: Activity_0rhq2zz
- SubTask 2 ID: Activity_1lsjzdf
- Executed By Users: company1 and company2
- Instance: 85
---------------------------------
---------------------------------
- [BOD MONITOR] Binding of Duties violation detected:
- Parent Task ID: Activity_1xtsdxu
- SubTask 1 ID: Activity_0rhq2zz
- SubTask 2 ID: Activity_1lsjzdf
- Executed By Users: company4 and company2
- Instance: 87
---------------------------------
---------------------------------
- [BOD MONITOR] Binding of Duties violation detected:
- Parent Task ID: Activity_1xtsdxu
- SubTask 1 ID: Activity_0rhq2zz
- SubTask 2 ID: Activity_1lsjzdf
- Executed By Users: company1 and company2
- Instance: 95
---------------------------------