---------------------------------
- [STANDBY VIOLATION] Detected:
Instance 3: StandBy on task Activity_0bcw6ho, start at 285, stops at 296, duration of 11
---------------------------------
---------------------------------
- [STANDBY VIOLATION] Detected:
Instance 5: StandBy on task Activity_1u4k5de, start at 296, stops at 297, duration of 1
---------------------------------
---------------------------------
- [STANDBY VIOLATION] Detected:
Instance 5: StandBy on task Activity_17ptqba, start at 296, stops at 299, duration of 3
---------------------------------
---------------------------------
- [STANDBY VIOLATION] Detected:
Instance 2: StandBy on task Activity_07uebsf, start at 299, stops at 324, duration of 25
---------------------------------
---------------------------------
- [STANDBY VIOLATION] Detected:
Instance 6: StandBy on task Activity_17ptqba, start at 357, stops at 397, duration of 40
---------------------------------
---------------------------------
- [STANDBY VIOLATION] Detected:
Instance 7: StandBy on task Activity_17ptqba, start at 416, stops at 458, duration of 42
---------------------------------
---------------------------------
- [UOC MONITOR] Usage of Control violation detected:
- Parent Task ID: Activity_1fx8kp5
- SubTask ID: Activity_1twduio
- User(s): evaluator3
- Total number of executions (accumulated): 3
- Maximum allowed: 1
- Instance: 3
---------------------------------
---------------------------------
- [STANDBY VIOLATION] Detected:
Instance 6: StandBy on task Activity_1conkxb, start at 469, stops at 503, duration of 34
---------------------------------
---------------------------------
- [UOC MONITOR] Usage of Control violation detected:
- Parent Task ID: Activity_1fx8kp5
- SubTask ID: Activity_1twduio
- User(s): evaluator2
- Total number of executions (accumulated): 3
- Maximum allowed: 1
- Instance: 4
---------------------------------
---------------------------------
- [STANDBY VIOLATION] Detected:
Instance 8: StandBy on task Activity_1conkxb, start at 531, stops at 556, duration of 25
---------------------------------
---------------------------------
- [UOC MONITOR] Usage of Control violation detected:
- Parent Task ID: Activity_1fx8kp5
- SubTask ID: Activity_1twduio
- User(s): evaluator4
- Total number of executions (accumulated): 3
- Maximum allowed: 1
- Instance: 5
---------------------------------
---------------------------------
- [STANDBY VIOLATION] Detected:
Instance 10: StandBy on task Activity_17ptqba, start at 593, stops at 595, duration of 2
---------------------------------
---------------------------------
- [STANDBY VIOLATION] Detected:
Instance 8: StandBy on task Activity_0bcw6ho, start at 616, stops at 617, duration of 1
---------------------------------
---------------------------------
- [STANDBY VIOLATION] Detected:
Instance 7: StandBy on task Activity_07uebsf, start at 617, stops at 619, duration of 2
---------------------------------
---------------------------------
- [STANDBY VIOLATION] Detected:
Instance 6: StandBy on task Activity_07uebsf, start at 619, stops at 640, duration of 21
---------------------------------
---------------------------------
- [UOC MONITOR] Usage of Control violation detected:
- Parent Task ID: Activity_1fx8kp5
- SubTask ID: Activity_1twduio
- User(s): evaluator3
- Total number of executions (accumulated): 3
- Maximum allowed: 1
- Instance: 6
---------------------------------
---------------------------------
- [STANDBY VIOLATION] Detected:
Instance 9: StandBy on task Activity_1twduio, start at 811, stops at 833, duration of 22
---------------------------------
---------------------------------
- [UOC MONITOR] Usage of Control violation detected:
- Parent Task ID: Activity_1fx8kp5
- SubTask ID: Activity_1twduio
- User(s): evaluator4
- Total number of executions (accumulated): 3
- Maximum allowed: 1
- Instance: 9
---------------------------------
---------------------------------
- [STANDBY VIOLATION] Detected:
Instance 10: StandBy on task Activity_03brord, start at 920, stops at 926, duration of 6
---------------------------------