Element: [type=bpmn:Collaboration, name=Unnamed, id_bpmn=Collaboration_0katfe5, instances=10]
Instance 1: [type=bpmn:StartEvent, name=Unnamed, id_bpmn=Event_10piu52, subTask="Activity_1lsjzdf", startTime=0, instance=1]
Instance 1: [type=bpmn:Task, name=Fill out project application, id_bpmn=Activity_1lsjzdf, userTask=company1, numberOfExecutions=2, time=46, subTask="Gateway_0epbui3", startTime=0, instance=1]
Instance 1: [type=bpmn:ParallelGateway, name=Unnamed, id_bpmn=Gateway_0epbui3, subTask="Activity_1u4k5de, Activity_17ptqba", startTime=46, instance=1]
Instance 1: [type=bpmn:Task, name=Add research groups, id_bpmn=Activity_1u4k5de, userTask=technician4, numberOfExecutions=2, time=45, subTask="Gateway_0w2b9qv", startTime=46, instance=1]
Instance 1: [type=bpmn:Task, name=Add companies, id_bpmn=Activity_17ptqba, userTask=technician1, numberOfExecutions=2, time=67, subTask="Gateway_0w2b9qv", startTime=46, instance=1]
Instance 2: [type=bpmn:StartEvent, name=Unnamed, id_bpmn=Event_10piu52, subTask="Activity_1lsjzdf", startTime=60, instance=2]
Instance 2: [type=bpmn:Task, name=Fill out project application, id_bpmn=Activity_1lsjzdf, userTask=company4, numberOfExecutions=2, time=58, subTask="Gateway_0epbui3", startTime=60, instance=2]
Instance 1: [type=bpmn:ParallelGateway, name=Unnamed, id_bpmn=Gateway_0w2b9qv, subTask="Activity_1conkxb", startTime=113, instance=1]
Instance 1: [type=bpmn:Task, name=Evaluate project, id_bpmn=Activity_1conkxb, userTask=evaluator1, numberOfExecutions=2, time=62, subTask="Activity_0bcw6ho", startTime=113, instance=1]
Instance 2: [type=bpmn:ParallelGateway, name=Unnamed, id_bpmn=Gateway_0epbui3, subTask="Activity_1u4k5de, Activity_17ptqba", startTime=118, instance=2]
Instance 2: [type=bpmn:Task, name=Add research groups, id_bpmn=Activity_1u4k5de, userTask=technician3, numberOfExecutions=2, time=57, subTask="Gateway_0w2b9qv", startTime=118, instance=2]
Instance 2: [type=bpmn:Task, name=Add companies, id_bpmn=Activity_17ptqba, userTask=technician2, numberOfExecutions=2, time=72, subTask="Gateway_0w2b9qv", startTime=118, instance=2]
Instance 3: [type=bpmn:StartEvent, name=Unnamed, id_bpmn=Event_10piu52, subTask="Activity_1lsjzdf", startTime=120, instance=3]
Instance 3: [type=bpmn:Task, name=Fill out project application, id_bpmn=Activity_1lsjzdf, userTask=company2, numberOfExecutions=2, time=73, subTask="Gateway_0epbui3", startTime=120, instance=3]
Instance 1: [type=bpmn:Task, name=Make a decision about project, id_bpmn=Activity_0bcw6ho, userTask=technician4, numberOfExecutions=2, time=62, subTask="Gateway_1s1smiq", startTime=175, instance=1]
Instance 4: [type=bpmn:StartEvent, name=Unnamed, id_bpmn=Event_10piu52, subTask="Activity_1lsjzdf", startTime=180, instance=4]
Instance 4: [type=bpmn:Task, name=Fill out project application, id_bpmn=Activity_1lsjzdf, userTask=company3, numberOfExecutions=2, time=69, subTask="Gateway_0epbui3", startTime=180, instance=4]
Instance 2: [type=bpmn:ParallelGateway, name=Unnamed, id_bpmn=Gateway_0w2b9qv, subTask="Activity_1conkxb", startTime=190, instance=2]
Instance 2: [type=bpmn:Task, name=Evaluate project, id_bpmn=Activity_1conkxb, userTask=evaluator3, numberOfExecutions=2, time=75, subTask="Activity_0bcw6ho", startTime=190, instance=2]
Instance 3: [type=bpmn:ParallelGateway, name=Unnamed, id_bpmn=Gateway_0epbui3, subTask="Activity_1u4k5de, Activity_17ptqba", startTime=193, instance=3]
Instance 3: [type=bpmn:Task, name=Add research groups, id_bpmn=Activity_1u4k5de, userTask=technician1, numberOfExecutions=2, time=68, subTask="Gateway_0w2b9qv", startTime=193, instance=3]
Instance 3: [type=bpmn:Task, name=Add companies, id_bpmn=Activity_17ptqba, userTask=technician3, numberOfExecutions=2, time=53, subTask="Gateway_0w2b9qv", startTime=193, instance=3]
Instance 1: [type=bpmn:ExclusiveGateway, name=Unnamed, id_bpmn=Gateway_1s1smiq, subTask="Activity_07uebsf", startTime=237, instance=1]
Instance 1: [type=bpmn:Task, name=Make technical checking, id_bpmn=Activity_07uebsf, userTask=technician2, numberOfExecutions=2, time=61, subTask="Activity_0rhq2zz", startTime=237, instance=1]
Instance 5: [type=bpmn:StartEvent, name=Unnamed, id_bpmn=Event_10piu52, subTask="Activity_1lsjzdf", startTime=240, instance=5]
Instance 5: [type=bpmn:Task, name=Fill out project application, id_bpmn=Activity_1lsjzdf, userTask=company1, numberOfExecutions=2, time=53, subTask="Gateway_0epbui3", startTime=240, instance=5]
Instance 4: [type=bpmn:ParallelGateway, name=Unnamed, id_bpmn=Gateway_0epbui3, subTask="Activity_1u4k5de, Activity_17ptqba", startTime=249, instance=4]
Instance 4: [type=bpmn:Task, name=Add research groups, id_bpmn=Activity_1u4k5de, userTask=technician4, numberOfExecutions=2, time=63, subTask="Gateway_0w2b9qv", startTime=249, instance=4]
Instance 4: [type=bpmn:Task, name=Add companies, id_bpmn=Activity_17ptqba, userTask=technician3, numberOfExecutions=2, time=50, subTask="Gateway_0w2b9qv", startTime=249, instance=4]
Instance 3: [type=bpmn:ParallelGateway, name=Unnamed, id_bpmn=Gateway_0w2b9qv, subTask="Activity_1conkxb", startTime=261, instance=3]
Instance 3: [type=bpmn:Task, name=Evaluate project, id_bpmn=Activity_1conkxb, userTask=evaluator4, numberOfExecutions=2, time=58, subTask="Activity_0bcw6ho", startTime=261, instance=3]
Instance 2: [type=bpmn:Task, name=Make a decision about project, id_bpmn=Activity_0bcw6ho, userTask=technician1, numberOfExecutions=2, time=56, subTask="Gateway_1s1smiq", startTime=265, instance=2]
Instance 5: [type=bpmn:ParallelGateway, name=Unnamed, id_bpmn=Gateway_0epbui3, subTask="Activity_1u4k5de, Activity_17ptqba", startTime=293, instance=5]
Instance 5: [type=StandBy, id_bpmn=Activity_1u4k5de, startTime=293, stopTime=298, time=5, instance=5]
Instance 5: [type=bpmn:Task, name=Add research groups, id_bpmn=Activity_1u4k5de, userTask=technician2, numberOfExecutions=2, time=61, subTask="Gateway_0w2b9qv", startTime=298, instance=5]
Instance 1: [type=bpmn:Task, name=Finish the project, id_bpmn=Activity_0rhq2zz, userTask=company4, numberOfExecutions=2, time=55, subTask="Gateway_14xcbek", startTime=298, instance=1]
Instance 5: [type=StandBy, id_bpmn=Activity_17ptqba, startTime=293, stopTime=299, time=6, instance=5]
Instance 5: [type=bpmn:Task, name=Add companies, id_bpmn=Activity_17ptqba, userTask=technician3, numberOfExecutions=2, time=57, subTask="Gateway_0w2b9qv", startTime=299, instance=5]
Instance 6: [type=bpmn:StartEvent, name=Unnamed, id_bpmn=Event_10piu52, subTask="Activity_1lsjzdf", startTime=300, instance=6]
Instance 6: [type=bpmn:Task, name=Fill out project application, id_bpmn=Activity_1lsjzdf, userTask=company2, numberOfExecutions=2, time=52, subTask="Gateway_0epbui3", startTime=300, instance=6]
Instance 4: [type=bpmn:ParallelGateway, name=Unnamed, id_bpmn=Gateway_0w2b9qv, subTask="Activity_1conkxb", startTime=312, instance=4]
Instance 4: [type=bpmn:Task, name=Evaluate project, id_bpmn=Activity_1conkxb, userTask=evaluator2, numberOfExecutions=2, time=55, subTask="Activity_0bcw6ho", startTime=312, instance=4]
Instance 3: [type=bpmn:Task, name=Make a decision about project, id_bpmn=Activity_0bcw6ho, userTask=technician4, numberOfExecutions=2, time=54, subTask="Gateway_1s1smiq", startTime=319, instance=3]
Instance 2: [type=bpmn:ExclusiveGateway, name=Unnamed, id_bpmn=Gateway_1s1smiq, subTask="Activity_07uebsf", startTime=321, instance=2]
Instance 2: [type=bpmn:Task, name=Make technical checking, id_bpmn=Activity_07uebsf, userTask=technician1, numberOfExecutions=2, time=56, subTask="Activity_0rhq2zz", startTime=321, instance=2]
Instance 6: [type=bpmn:ParallelGateway, name=Unnamed, id_bpmn=Gateway_0epbui3, subTask="Activity_1u4k5de, Activity_17ptqba", startTime=352, instance=6]
Instance 1: [type=bpmn:ExclusiveGateway, name=Unnamed, id_bpmn=Gateway_14xcbek, subTask="Activity_1twduio", startTime=353, instance=1]
Instance 1: [type=bpmn:Task, name=Evaluate project quality, id_bpmn=Activity_1twduio, userTask=evaluator1, numberOfExecutions=3, time=92, subTask="Gateway_1v9au9h", startTime=353, instance=1]
Instance 6: [type=StandBy, id_bpmn=Activity_1u4k5de, startTime=352, stopTime=356, time=4, instance=6]
Instance 6: [type=bpmn:Task, name=Add research groups, id_bpmn=Activity_1u4k5de, userTask=technician3, numberOfExecutions=2, time=49, subTask="Gateway_0w2b9qv", startTime=356, instance=6]
Instance 5: [type=bpmn:ParallelGateway, name=Unnamed, id_bpmn=Gateway_0w2b9qv, subTask="Activity_1conkxb", startTime=359, instance=5]
Instance 6: [type=StandBy, id_bpmn=Activity_17ptqba, startTime=352, stopTime=359, time=7, instance=6]
Instance 6: [type=bpmn:Task, name=Add companies, id_bpmn=Activity_17ptqba, userTask=technician2, numberOfExecutions=2, time=57, subTask="Gateway_0w2b9qv", startTime=359, instance=6]
Instance 5: [type=bpmn:Task, name=Evaluate project, id_bpmn=Activity_1conkxb, userTask=evaluator3, numberOfExecutions=2, time=53, subTask="Activity_0bcw6ho", startTime=359, instance=5]
Instance 7: [type=bpmn:StartEvent, name=Unnamed, id_bpmn=Event_10piu52, subTask="Activity_1lsjzdf", startTime=360, instance=7]
Instance 7: [type=bpmn:Task, name=Fill out project application, id_bpmn=Activity_1lsjzdf, userTask=company3, numberOfExecutions=2, time=70, subTask="Gateway_0epbui3", startTime=360, instance=7]
Instance 3: [type=bpmn:ExclusiveGateway, name=Unnamed, id_bpmn=Gateway_1s1smiq, subTask="Activity_07uebsf", startTime=373, instance=3]
Instance 4: [type=StandBy, id_bpmn=Activity_0bcw6ho, startTime=367, stopTime=373, time=6, instance=4]
Instance 4: [type=bpmn:Task, name=Make a decision about project, id_bpmn=Activity_0bcw6ho, userTask=technician4, numberOfExecutions=2, time=48, subTask="Gateway_1s1smiq", startTime=373, instance=4]
Instance 3: [type=StandBy, id_bpmn=Activity_07uebsf, startTime=373, stopTime=377, time=4, instance=3]
Instance 3: [type=bpmn:Task, name=Make technical checking, id_bpmn=Activity_07uebsf, userTask=technician1, numberOfExecutions=2, time=47, subTask="Activity_0rhq2zz", startTime=377, instance=3]
Instance 2: [type=bpmn:Task, name=Finish the project, id_bpmn=Activity_0rhq2zz, userTask=company1, numberOfExecutions=2, time=58, subTask="Gateway_14xcbek", startTime=377, instance=2]
Instance 5: [type=bpmn:Task, name=Make a decision about project, id_bpmn=Activity_0bcw6ho, userTask=technician3, numberOfExecutions=2, time=55, subTask="Gateway_1s1smiq", startTime=412, instance=5]
Instance 6: [type=bpmn:ParallelGateway, name=Unnamed, id_bpmn=Gateway_0w2b9qv, subTask="Activity_1conkxb", startTime=416, instance=6]
Instance 6: [type=bpmn:Task, name=Evaluate project, id_bpmn=Activity_1conkxb, userTask=evaluator4, numberOfExecutions=2, time=55, subTask="Activity_0bcw6ho", startTime=416, instance=6]
Instance 8: [type=bpmn:StartEvent, name=Unnamed, id_bpmn=Event_10piu52, subTask="Activity_1lsjzdf", startTime=420, instance=8]
Instance 8: [type=bpmn:Task, name=Fill out project application, id_bpmn=Activity_1lsjzdf, userTask=company4, numberOfExecutions=2, time=56, subTask="Gateway_0epbui3", startTime=420, instance=8]
Instance 4: [type=bpmn:ExclusiveGateway, name=Unnamed, id_bpmn=Gateway_1s1smiq, subTask="Activity_07uebsf", startTime=421, instance=4]
Instance 4: [type=bpmn:Task, name=Make technical checking, id_bpmn=Activity_07uebsf, userTask=technician2, numberOfExecutions=2, time=53, subTask="Activity_0rhq2zz", startTime=421, instance=4]
Instance 3: [type=bpmn:Task, name=Finish the project, id_bpmn=Activity_0rhq2zz, userTask=company2, numberOfExecutions=2, time=52, subTask="Gateway_14xcbek", startTime=424, instance=3]
Instance 7: [type=bpmn:ParallelGateway, name=Unnamed, id_bpmn=Gateway_0epbui3, subTask="Activity_1u4k5de, Activity_17ptqba", startTime=430, instance=7]
Instance 7: [type=bpmn:Task, name=Add research groups, id_bpmn=Activity_1u4k5de, userTask=technician4, numberOfExecutions=2, time=51, subTask="Gateway_0w2b9qv", startTime=430, instance=7]
Instance 7: [type=bpmn:Task, name=Add companies, id_bpmn=Activity_17ptqba, userTask=technician1, numberOfExecutions=2, time=59, subTask="Gateway_0w2b9qv", startTime=430, instance=7]
Instance 2: [type=bpmn:ExclusiveGateway, name=Unnamed, id_bpmn=Gateway_14xcbek, subTask="Activity_1twduio", startTime=435, instance=2]
Instance 2: [type=bpmn:Task, name=Evaluate project quality, id_bpmn=Activity_1twduio, userTask=evaluator2, numberOfExecutions=3, time=97, subTask="Gateway_1v9au9h", startTime=435, instance=2]
Instance 1: [type=bpmn:ExclusiveGateway, name=Unnamed, id_bpmn=Gateway_1v9au9h, subTask="Activity_03brord", startTime=445, instance=1]
Instance 1: [type=bpmn:Task, name=Evaluate refund plan, id_bpmn=Activity_03brord, userTask=ecofinantial1, numberOfExecutions=2, time=65, subTask="Activity_03d8opo", startTime=445, instance=1]
Instance 5: [type=bpmn:ExclusiveGateway, name=Unnamed, id_bpmn=Gateway_1s1smiq, subTask="Activity_07uebsf", startTime=467, instance=5]
Instance 5: [type=bpmn:Task, name=Make technical checking, id_bpmn=Activity_07uebsf, userTask=technician3, numberOfExecutions=2, time=58, subTask="Activity_0rhq2zz", startTime=467, instance=5]
Instance 6: [type=StandBy, id_bpmn=Activity_0bcw6ho, startTime=471, stopTime=474, time=3, instance=6]
Instance 6: [type=bpmn:Task, name=Make a decision about project, id_bpmn=Activity_0bcw6ho, userTask=technician2, numberOfExecutions=2, time=52, subTask="Gateway_1s1smiq", startTime=474, instance=6]
Instance 4: [type=bpmn:Task, name=Finish the project, id_bpmn=Activity_0rhq2zz, userTask=company3, numberOfExecutions=2, time=67, subTask="Gateway_14xcbek", startTime=474, instance=4]
Instance 8: [type=bpmn:ParallelGateway, name=Unnamed, id_bpmn=Gateway_0epbui3, subTask="Activity_1u4k5de, Activity_17ptqba", startTime=476, instance=8]
Instance 3: [type=bpmn:ExclusiveGateway, name=Unnamed, id_bpmn=Gateway_14xcbek, subTask="Activity_1twduio", startTime=476, instance=3]
Instance 3: [type=bpmn:Task, name=Evaluate project quality, id_bpmn=Activity_1twduio, userTask=evaluator1, numberOfExecutions=3, time=91, subTask="Gateway_1v9au9h", startTime=476, instance=3]
Instance 9: [type=bpmn:StartEvent, name=Unnamed, id_bpmn=Event_10piu52, subTask="Activity_1lsjzdf", startTime=480, instance=9]
Instance 9: [type=bpmn:Task, name=Fill out project application, id_bpmn=Activity_1lsjzdf, userTask=company1, numberOfExecutions=2, time=56, subTask="Gateway_0epbui3", startTime=480, instance=9]
Instance 8: [type=StandBy, id_bpmn=Activity_1u4k5de, startTime=476, stopTime=481, time=5, instance=8]
Instance 8: [type=bpmn:Task, name=Add research groups, id_bpmn=Activity_1u4k5de, userTask=technician4, numberOfExecutions=2, time=47, subTask="Gateway_0w2b9qv", startTime=481, instance=8]
Instance 7: [type=bpmn:ParallelGateway, name=Unnamed, id_bpmn=Gateway_0w2b9qv, subTask="Activity_1conkxb", startTime=489, instance=7]
Instance 8: [type=StandBy, id_bpmn=Activity_17ptqba, startTime=476, stopTime=489, time=13, instance=8]
Instance 8: [type=bpmn:Task, name=Add companies, id_bpmn=Activity_17ptqba, userTask=technician1, numberOfExecutions=2, time=55, subTask="Gateway_0w2b9qv", startTime=489, instance=8]
Instance 7: [type=bpmn:Task, name=Evaluate project, id_bpmn=Activity_1conkxb, userTask=evaluator3, numberOfExecutions=2, time=58, subTask="Activity_0bcw6ho", startTime=489, instance=7]
Instance 1: [type=bpmn:Task, name=Decide external auditing, id_bpmn=Activity_03d8opo, userTask=ecofinantial3, numberOfExecutions=2, time=71, subTask="Activity_1p7rey7", startTime=510, instance=1]
Instance 1: [type=bpmn:ServiceTask, name=Unnamed, id_bpmn=Activity_0oz806n, sodSecurity=True, bodSecurity=False, uocSecurity=False, mth=0, subTask="Activity_03brord, Activity_03d8opo"]
Instance 5: [type=bpmn:Task, name=Finish the project, id_bpmn=Activity_0rhq2zz, userTask=company4, numberOfExecutions=2, time=58, subTask="Gateway_14xcbek", startTime=525, instance=5]
Instance 6: [type=bpmn:ExclusiveGateway, name=Unnamed, id_bpmn=Gateway_1s1smiq, subTask="Activity_07uebsf", startTime=526, instance=6]
Instance 6: [type=bpmn:Task, name=Make technical checking, id_bpmn=Activity_07uebsf, userTask=technician2, numberOfExecutions=2, time=66, subTask="Activity_0rhq2zz", startTime=526, instance=6]
Instance 2: [type=bpmn:ExclusiveGateway, name=Unnamed, id_bpmn=Gateway_1v9au9h, subTask="Activity_03brord", startTime=532, instance=2]
Instance 2: [type=bpmn:Task, name=Evaluate refund plan, id_bpmn=Activity_03brord, userTask=ecofinantial2, numberOfExecutions=2, time=69, subTask="Activity_03d8opo", startTime=532, instance=2]
Instance 9: [type=bpmn:ParallelGateway, name=Unnamed, id_bpmn=Gateway_0epbui3, subTask="Activity_1u4k5de, Activity_17ptqba", startTime=536, instance=9]
Instance 9: [type=bpmn:Task, name=Add research groups, id_bpmn=Activity_1u4k5de, userTask=technician4, numberOfExecutions=2, time=36, subTask="Gateway_0w2b9qv", startTime=536, instance=9]
Instance 9: [type=bpmn:Task, name=Add companies, id_bpmn=Activity_17ptqba, userTask=technician3, numberOfExecutions=2, time=41, subTask="Gateway_0w2b9qv", startTime=536, instance=9]
Instance 10: [type=bpmn:StartEvent, name=Unnamed, id_bpmn=Event_10piu52, subTask="Activity_1lsjzdf", startTime=540, instance=10]
Instance 10: [type=bpmn:Task, name=Fill out project application, id_bpmn=Activity_1lsjzdf, userTask=company2, numberOfExecutions=2, time=58, subTask="Gateway_0epbui3", startTime=540, instance=10]
Instance 4: [type=bpmn:ExclusiveGateway, name=Unnamed, id_bpmn=Gateway_14xcbek, subTask="Activity_1twduio", startTime=541, instance=4]
Instance 4: [type=bpmn:Task, name=Evaluate project quality, id_bpmn=Activity_1twduio, userTask=evaluator4, numberOfExecutions=3, time=96, subTask="Gateway_1v9au9h", startTime=541, instance=4]
Instance 8: [type=bpmn:ParallelGateway, name=Unnamed, id_bpmn=Gateway_0w2b9qv, subTask="Activity_1conkxb", startTime=544, instance=8]
Instance 8: [type=bpmn:Task, name=Evaluate project, id_bpmn=Activity_1conkxb, userTask=evaluator2, numberOfExecutions=2, time=70, subTask="Activity_0bcw6ho", startTime=544, instance=8]
Instance 7: [type=bpmn:Task, name=Make a decision about project, id_bpmn=Activity_0bcw6ho, userTask=technician1, numberOfExecutions=2, time=48, subTask="Gateway_1s1smiq", startTime=547, instance=7]
Instance 3: [type=bpmn:ExclusiveGateway, name=Unnamed, id_bpmn=Gateway_1v9au9h, subTask="Activity_03brord", startTime=567, instance=3]
Instance 3: [type=bpmn:Task, name=Evaluate refund plan, id_bpmn=Activity_03brord, userTask=ecofinantial1, numberOfExecutions=2, time=53, subTask="Activity_03d8opo", startTime=567, instance=3]
Instance 9: [type=bpmn:ParallelGateway, name=Unnamed, id_bpmn=Gateway_0w2b9qv, subTask="Activity_1conkxb", startTime=577, instance=9]
Instance 9: [type=bpmn:Task, name=Evaluate project, id_bpmn=Activity_1conkxb, userTask=evaluator1, numberOfExecutions=2, time=52, subTask="Activity_0bcw6ho", startTime=577, instance=9]
Instance 1: [type=bpmn:Task, name=Refund, id_bpmn=Activity_1p7rey7, userTask=company3, numberOfExecutions=2, time=56, subTask="Event_1racnnc", startTime=581, instance=1]
Instance 5: [type=bpmn:ExclusiveGateway, name=Unnamed, id_bpmn=Gateway_14xcbek, subTask="Activity_1twduio", startTime=583, instance=5]
Instance 5: [type=bpmn:Task, name=Evaluate project quality, id_bpmn=Activity_1twduio, userTask=evaluator3, numberOfExecutions=3, time=94, subTask="Gateway_1v9au9h", startTime=583, instance=5]
Instance 6: [type=bpmn:Task, name=Finish the project, id_bpmn=Activity_0rhq2zz, userTask=company1, numberOfExecutions=2, time=64, subTask="Gateway_14xcbek", startTime=592, instance=6]
Instance 7: [type=bpmn:ExclusiveGateway, name=Unnamed, id_bpmn=Gateway_1s1smiq, subTask="Activity_07uebsf", startTime=595, instance=7]
Instance 7: [type=bpmn:Task, name=Make technical checking, id_bpmn=Activity_07uebsf, userTask=technician2, numberOfExecutions=2, time=61, subTask="Activity_0rhq2zz", startTime=595, instance=7]
Instance 10: [type=bpmn:ParallelGateway, name=Unnamed, id_bpmn=Gateway_0epbui3, subTask="Activity_1u4k5de, Activity_17ptqba", startTime=598, instance=10]
Instance 10: [type=bpmn:Task, name=Add research groups, id_bpmn=Activity_1u4k5de, userTask=technician4, numberOfExecutions=2, time=44, subTask="Gateway_0w2b9qv", startTime=598, instance=10]
Instance 10: [type=bpmn:Task, name=Add companies, id_bpmn=Activity_17ptqba, userTask=technician1, numberOfExecutions=2, time=44, subTask="Gateway_0w2b9qv", startTime=598, instance=10]
Instance 2: [type=bpmn:Task, name=Decide external auditing, id_bpmn=Activity_03d8opo, userTask=ecofinantial3, numberOfExecutions=2, time=48, subTask="Activity_1p7rey7", startTime=601, instance=2]
Instance 2: [type=bpmn:ServiceTask, name=Unnamed, id_bpmn=Activity_0oz806n, sodSecurity=True, bodSecurity=False, uocSecurity=False, mth=0, subTask="Activity_03brord, Activity_03d8opo"]
Instance 8: [type=bpmn:Task, name=Make a decision about project, id_bpmn=Activity_0bcw6ho, userTask=technician3, numberOfExecutions=2, time=58, subTask="Gateway_1s1smiq", startTime=614, instance=8]
Instance 3: [type=bpmn:Task, name=Decide external auditing, id_bpmn=Activity_03d8opo, userTask=ecofinantial2, numberOfExecutions=2, time=59, subTask="Activity_1p7rey7", startTime=620, instance=3]
Instance 3: [type=bpmn:ServiceTask, name=Unnamed, id_bpmn=Activity_0oz806n, sodSecurity=True, bodSecurity=False, uocSecurity=False, mth=0, subTask="Activity_03brord, Activity_03d8opo"]
Instance 4: [type=bpmn:ExclusiveGateway, name=Unnamed, id_bpmn=Gateway_1v9au9h, subTask="Activity_03brord", startTime=637, instance=4]
Instance 1: [type=bpmn:EndEvent, name=Unnamed, id_bpmn=Event_1racnnc, subTask="", startTime=637, instance=1]
Instance 4: [type=bpmn:Task, name=Evaluate refund plan, id_bpmn=Activity_03brord, userTask=ecofinantial1, numberOfExecutions=2, time=49, subTask="Activity_03d8opo", startTime=637, instance=4]
Instance 10: [type=bpmn:ParallelGateway, name=Unnamed, id_bpmn=Gateway_0w2b9qv, subTask="Activity_1conkxb", startTime=642, instance=10]
Instance 9: [type=StandBy, id_bpmn=Activity_0bcw6ho, startTime=629, stopTime=642, time=13, instance=9]
Instance 9: [type=bpmn:Task, name=Make a decision about project, id_bpmn=Activity_0bcw6ho, userTask=technician4, numberOfExecutions=2, time=51, subTask="Gateway_1s1smiq", startTime=642, instance=9]
Instance 10: [type=bpmn:Task, name=Evaluate project, id_bpmn=Activity_1conkxb, userTask=evaluator4, numberOfExecutions=2, time=50, subTask="Activity_0bcw6ho", startTime=642, instance=10]
Instance 2: [type=bpmn:Task, name=Refund, id_bpmn=Activity_1p7rey7, userTask=company4, numberOfExecutions=2, time=59, subTask="Event_1racnnc", startTime=649, instance=2]
Instance 6: [type=bpmn:ExclusiveGateway, name=Unnamed, id_bpmn=Gateway_14xcbek, subTask="Activity_1twduio", startTime=656, instance=6]
Instance 7: [type=bpmn:Task, name=Finish the project, id_bpmn=Activity_0rhq2zz, userTask=company2, numberOfExecutions=2, time=60, subTask="Gateway_14xcbek", startTime=656, instance=7]
Instance 6: [type=bpmn:Task, name=Evaluate project quality, id_bpmn=Activity_1twduio, userTask=evaluator2, numberOfExecutions=3, time=75, subTask="Gateway_1v9au9h", startTime=656, instance=6]
Instance 8: [type=bpmn:ExclusiveGateway, name=Unnamed, id_bpmn=Gateway_1s1smiq, subTask="Activity_07uebsf", startTime=672, instance=8]
Instance 8: [type=bpmn:Task, name=Make technical checking, id_bpmn=Activity_07uebsf, userTask=technician2, numberOfExecutions=2, time=50, subTask="Activity_0rhq2zz", startTime=672, instance=8]
Instance 5: [type=bpmn:ExclusiveGateway, name=Unnamed, id_bpmn=Gateway_1v9au9h, subTask="Activity_03brord", startTime=677, instance=5]
Instance 5: [type=bpmn:Task, name=Evaluate refund plan, id_bpmn=Activity_03brord, userTask=ecofinantial3, numberOfExecutions=2, time=60, subTask="Activity_03d8opo", startTime=677, instance=5]
Instance 3: [type=bpmn:Task, name=Refund, id_bpmn=Activity_1p7rey7, userTask=company3, numberOfExecutions=2, time=55, subTask="Event_1racnnc", startTime=679, instance=3]
Instance 4: [type=bpmn:Task, name=Decide external auditing, id_bpmn=Activity_03d8opo, userTask=ecofinantial2, numberOfExecutions=2, time=58, subTask="Activity_1p7rey7", startTime=686, instance=4]
Instance 4: [type=bpmn:ServiceTask, name=Unnamed, id_bpmn=Activity_0oz806n, sodSecurity=True, bodSecurity=False, uocSecurity=False, mth=0, subTask="Activity_03brord, Activity_03d8opo"]
Instance 10: [type=bpmn:Task, name=Make a decision about project, id_bpmn=Activity_0bcw6ho, userTask=technician1, numberOfExecutions=2, time=57, subTask="Gateway_1s1smiq", startTime=692, instance=10]
Instance 9: [type=bpmn:ExclusiveGateway, name=Unnamed, id_bpmn=Gateway_1s1smiq, subTask="Activity_07uebsf", startTime=693, instance=9]
Instance 9: [type=bpmn:Task, name=Make technical checking, id_bpmn=Activity_07uebsf, userTask=technician3, numberOfExecutions=2, time=55, subTask="Activity_0rhq2zz", startTime=693, instance=9]
Instance 2: [type=bpmn:EndEvent, name=Unnamed, id_bpmn=Event_1racnnc, subTask="", startTime=708, instance=2]
Instance 7: [type=bpmn:ExclusiveGateway, name=Unnamed, id_bpmn=Gateway_14xcbek, subTask="Activity_1twduio", startTime=716, instance=7]
Instance 7: [type=bpmn:Task, name=Evaluate project quality, id_bpmn=Activity_1twduio, userTask=evaluator1, numberOfExecutions=3, time=86, subTask="Gateway_1v9au9h", startTime=716, instance=7]
Instance 8: [type=bpmn:Task, name=Finish the project, id_bpmn=Activity_0rhq2zz, userTask=company1, numberOfExecutions=2, time=67, subTask="Gateway_14xcbek", startTime=722, instance=8]
Instance 6: [type=bpmn:ExclusiveGateway, name=Unnamed, id_bpmn=Gateway_1v9au9h, subTask="Activity_03brord", startTime=731, instance=6]
Instance 6: [type=bpmn:Task, name=Evaluate refund plan, id_bpmn=Activity_03brord, userTask=ecofinantial1, numberOfExecutions=2, time=51, subTask="Activity_03d8opo", startTime=731, instance=6]
Instance 3: [type=bpmn:EndEvent, name=Unnamed, id_bpmn=Event_1racnnc, subTask="", startTime=734, instance=3]
Instance 5: [type=bpmn:Task, name=Decide external auditing, id_bpmn=Activity_03d8opo, userTask=ecofinantial3, numberOfExecutions=2, time=58, subTask="Activity_1p7rey7", startTime=737, instance=5]
Instance 5: [type=bpmn:ServiceTask, name=Unnamed, id_bpmn=Activity_0oz806n, sodSecurity=True, bodSecurity=False, uocSecurity=False, mth=0, subTask="Activity_03brord, Activity_03d8opo"]
Instance 4: [type=bpmn:Task, name=Refund, id_bpmn=Activity_1p7rey7, userTask=company4, numberOfExecutions=2, time=66, subTask="Event_1racnnc", startTime=744, instance=4]
Instance 9: [type=bpmn:Task, name=Finish the project, id_bpmn=Activity_0rhq2zz, userTask=company2, numberOfExecutions=2, time=47, subTask="Gateway_14xcbek", startTime=748, instance=9]
Instance 10: [type=bpmn:ExclusiveGateway, name=Unnamed, id_bpmn=Gateway_1s1smiq, subTask="Activity_07uebsf", startTime=749, instance=10]
Instance 10: [type=bpmn:Task, name=Make technical checking, id_bpmn=Activity_07uebsf, userTask=technician2, numberOfExecutions=2, time=36, subTask="Activity_0rhq2zz", startTime=749, instance=10]
Instance 6: [type=bpmn:Task, name=Decide external auditing, id_bpmn=Activity_03d8opo, userTask=ecofinantial2, numberOfExecutions=2, time=45, subTask="Activity_1p7rey7", startTime=782, instance=6]
Instance 6: [type=bpmn:ServiceTask, name=Unnamed, id_bpmn=Activity_0oz806n, sodSecurity=True, bodSecurity=False, uocSecurity=False, mth=0, subTask="Activity_03brord, Activity_03d8opo"]
Instance 10: [type=bpmn:Task, name=Finish the project, id_bpmn=Activity_0rhq2zz, userTask=company3, numberOfExecutions=2, time=55, subTask="Gateway_14xcbek", startTime=785, instance=10]
Instance 8: [type=bpmn:ExclusiveGateway, name=Unnamed, id_bpmn=Gateway_14xcbek, subTask="Activity_1twduio", startTime=789, instance=8]
Instance 8: [type=bpmn:Task, name=Evaluate project quality, id_bpmn=Activity_1twduio, userTask=evaluator3, numberOfExecutions=3, time=88, subTask="Gateway_1v9au9h", startTime=789, instance=8]
Instance 9: [type=bpmn:ExclusiveGateway, name=Unnamed, id_bpmn=Gateway_14xcbek, subTask="Activity_1twduio", startTime=795, instance=9]
Instance 5: [type=bpmn:Task, name=Refund, id_bpmn=Activity_1p7rey7, userTask=company1, numberOfExecutions=2, time=68, subTask="Event_1racnnc", startTime=795, instance=5]
Instance 9: [type=bpmn:Task, name=Evaluate project quality, id_bpmn=Activity_1twduio, userTask=evaluator4, numberOfExecutions=3, time=88, subTask="Gateway_1v9au9h", startTime=795, instance=9]
Instance 7: [type=bpmn:ExclusiveGateway, name=Unnamed, id_bpmn=Gateway_1v9au9h, subTask="Activity_03brord", startTime=802, instance=7]
Instance 7: [type=bpmn:Task, name=Evaluate refund plan, id_bpmn=Activity_03brord, userTask=ecofinantial1, numberOfExecutions=2, time=46, subTask="Activity_03d8opo", startTime=802, instance=7]
Instance 4: [type=bpmn:EndEvent, name=Unnamed, id_bpmn=Event_1racnnc, subTask="", startTime=810, instance=4]
Instance 6: [type=bpmn:Task, name=Refund, id_bpmn=Activity_1p7rey7, userTask=company4, numberOfExecutions=2, time=50, subTask="Event_1racnnc", startTime=827, instance=6]
Instance 10: [type=bpmn:ExclusiveGateway, name=Unnamed, id_bpmn=Gateway_14xcbek, subTask="Activity_1twduio", startTime=840, instance=10]
Instance 10: [type=bpmn:Task, name=Evaluate project quality, id_bpmn=Activity_1twduio, userTask=evaluator2, numberOfExecutions=3, time=78, subTask="Gateway_1v9au9h", startTime=840, instance=10]
Instance 7: [type=bpmn:Task, name=Decide external auditing, id_bpmn=Activity_03d8opo, userTask=ecofinantial3, numberOfExecutions=2, time=54, subTask="Activity_1p7rey7", startTime=848, instance=7]
Instance 7: [type=bpmn:ServiceTask, name=Unnamed, id_bpmn=Activity_0oz806n, sodSecurity=True, bodSecurity=False, uocSecurity=False, mth=0, subTask="Activity_03brord, Activity_03d8opo"]
Instance 5: [type=bpmn:EndEvent, name=Unnamed, id_bpmn=Event_1racnnc, subTask="", startTime=863, instance=5]
Instance 8: [type=bpmn:ExclusiveGateway, name=Unnamed, id_bpmn=Gateway_1v9au9h, subTask="Activity_03brord", startTime=877, instance=8]
Instance 6: [type=bpmn:EndEvent, name=Unnamed, id_bpmn=Event_1racnnc, subTask="", startTime=877, instance=6]
Instance 8: [type=bpmn:Task, name=Evaluate refund plan, id_bpmn=Activity_03brord, userTask=ecofinantial2, numberOfExecutions=2, time=58, subTask="Activity_03d8opo", startTime=877, instance=8]
Instance 9: [type=bpmn:ExclusiveGateway, name=Unnamed, id_bpmn=Gateway_1v9au9h, subTask="Activity_03brord", startTime=883, instance=9]
Instance 9: [type=bpmn:Task, name=Evaluate refund plan, id_bpmn=Activity_03brord, userTask=ecofinantial1, numberOfExecutions=2, time=47, subTask="Activity_03d8opo", startTime=883, instance=9]
Instance 7: [type=bpmn:Task, name=Refund, id_bpmn=Activity_1p7rey7, userTask=company2, numberOfExecutions=2, time=60, subTask="Event_1racnnc", startTime=902, instance=7]
Instance 10: [type=bpmn:ExclusiveGateway, name=Unnamed, id_bpmn=Gateway_1v9au9h, subTask="Activity_03brord", startTime=918, instance=10]
Instance 10: [type=bpmn:Task, name=Evaluate refund plan, id_bpmn=Activity_03brord, userTask=ecofinantial3, numberOfExecutions=2, time=65, subTask="Activity_03d8opo", startTime=918, instance=10]
Instance 9: [type=bpmn:Task, name=Decide external auditing, id_bpmn=Activity_03d8opo, userTask=ecofinantial1, numberOfExecutions=2, time=72, subTask="Activity_1p7rey7", startTime=930, instance=9]
Instance 9: [type=bpmn:ServiceTask, name=Unnamed, id_bpmn=Activity_0oz806n, sodSecurity=True, bodSecurity=False, uocSecurity=False, mth=0, subTask="Activity_03brord, Activity_03d8opo"]
Instance 8: [type=bpmn:Task, name=Decide external auditing, id_bpmn=Activity_03d8opo, userTask=ecofinantial2, numberOfExecutions=2, time=48, subTask="Activity_1p7rey7", startTime=935, instance=8]
Instance 8: [type=bpmn:ServiceTask, name=Unnamed, id_bpmn=Activity_0oz806n, sodSecurity=True, bodSecurity=False, uocSecurity=False, mth=0, subTask="Activity_03brord, Activity_03d8opo"]
Instance 7: [type=bpmn:EndEvent, name=Unnamed, id_bpmn=Event_1racnnc, subTask="", startTime=962, instance=7]
Instance 10: [type=bpmn:Task, name=Decide external auditing, id_bpmn=Activity_03d8opo, userTask=ecofinantial2, numberOfExecutions=2, time=44, subTask="Activity_1p7rey7", startTime=983, instance=10]
Instance 10: [type=bpmn:ServiceTask, name=Unnamed, id_bpmn=Activity_0oz806n, sodSecurity=True, bodSecurity=False, uocSecurity=False, mth=0, subTask="Activity_03brord, Activity_03d8opo"]
Instance 8: [type=bpmn:Task, name=Refund, id_bpmn=Activity_1p7rey7, userTask=company3, numberOfExecutions=2, time=58, subTask="Event_1racnnc", startTime=983, instance=8]
Instance 9: [type=bpmn:Task, name=Refund, id_bpmn=Activity_1p7rey7, userTask=company1, numberOfExecutions=2, time=57, subTask="Event_1racnnc", startTime=1002, instance=9]
Instance 10: [type=bpmn:Task, name=Refund, id_bpmn=Activity_1p7rey7, userTask=company4, numberOfExecutions=2, time=47, subTask="Event_1racnnc", startTime=1027, instance=10]
Instance 8: [type=bpmn:EndEvent, name=Unnamed, id_bpmn=Event_1racnnc, subTask="", startTime=1041, instance=8]
Instance 9: [type=bpmn:EndEvent, name=Unnamed, id_bpmn=Event_1racnnc, subTask="", startTime=1059, instance=9]
Instance 10: [type=bpmn:EndEvent, name=Unnamed, id_bpmn=Event_1racnnc, subTask="", startTime=1074, instance=10]